{"/Users/montes/AI/devcontext_local/src/config.js": {"path":"/Users/montes/AI/devcontext_local/src/config.js","statementMap":{"0":{"start":{"line":15,"column":0},"end":{"line":15,"column":16}},"1":{"start":{"line":22,"column":25},"end":{"line":28,"column":1}},"2":{"start":{"line":23,"column":22},"end":{"line":23,"column":56}},"3":{"start":{"line":24,"column":2},"end":{"line":26,"column":3}},"4":{"start":{"line":25,"column":4},"end":{"line":25,"column":31}},"5":{"start":{"line":27,"column":2},"end":{"line":27,"column":16}},"6":{"start":{"line":35,"column":29},"end":{"line":41,"column":1}},"7":{"start":{"line":36,"column":21},"end":{"line":36,"column":39}},"8":{"start":{"line":37,"column":2},"end":{"line":39,"column":3}},"9":{"start":{"line":38,"column":4},"end":{"line":38,"column":30}},"10":{"start":{"line":40,"column":2},"end":{"line":40,"column":17}},"11":{"start":{"line":48,"column":33},"end":{"line":59,"column":1}},"12":{"start":{"line":49,"column":2},"end":{"line":52,"column":3}},"13":{"start":{"line":51,"column":4},"end":{"line":51,"column":50}},"14":{"start":{"line":55,"column":2},"end":{"line":58,"column":39}},"15":{"start":{"line":57,"column":19},"end":{"line":57,"column":30}},"16":{"start":{"line":58,"column":22},"end":{"line":58,"column":37}},"17":{"start":{"line":66,"column":29},"end":{"line":78,"column":1}},"18":{"start":{"line":68,"column":17},"end":{"line":68,"column":33}},"19":{"start":{"line":71,"column":2},"end":{"line":74,"column":3}},"20":{"start":{"line":73,"column":4},"end":{"line":73,"column":32}},"21":{"start":{"line":77,"column":2},"end":{"line":77,"column":25}},"22":{"start":{"line":84,"column":29},"end":{"line":103,"column":1}},"23":{"start":{"line":86,"column":14},"end":{"line":86,"column":27}},"24":{"start":{"line":89,"column":2},"end":{"line":97,"column":3}},"25":{"start":{"line":90,"column":27},"end":{"line":90,"column":51}},"26":{"start":{"line":91,"column":4},"end":{"line":96,"column":5}},"27":{"start":{"line":92,"column":6},"end":{"line":95,"column":8}},"28":{"start":{"line":99,"column":2},"end":{"line":102,"column":4}},"29":{"start":{"line":110,"column":30},"end":{"line":137,"column":1}},"30":{"start":{"line":111,"column":2},"end":{"line":136,"column":3}},"31":{"start":{"line":113,"column":4},"end":{"line":113,"column":64}},"32":{"start":{"line":116,"column":4},"end":{"line":116,"column":76}},"33":{"start":{"line":118,"column":4},"end":{"line":121,"column":6}},"34":{"start":{"line":124,"column":4},"end":{"line":130,"column":6}},"35":{"start":{"line":132,"column":4},"end":{"line":135,"column":6}},"36":{"start":{"line":140,"column":24},"end":{"line":140,"column":46}},"37":{"start":{"line":145,"column":15},"end":{"line":187,"column":1}},"38":{"start":{"line":185,"column":4},"end":{"line":185,"column":60}},"39":{"start":{"line":194,"column":47},"end":{"line":201,"column":1}},"40":{"start":{"line":208,"column":56},"end":{"line":233,"column":1}},"41":{"start":{"line":239,"column":48},"end":{"line":245,"column":1}},"42":{"start":{"line":252,"column":38},"end":{"line":355,"column":1}},"43":{"start":{"line":358,"column":0},"end":{"line":388,"column":3}},"44":{"start":{"line":391,"column":0},"end":{"line":394,"column":3}},"45":{"start":{"line":397,"column":0},"end":{"line":405,"column":1}},"46":{"start":{"line":398,"column":2},"end":{"line":404,"column":5}}},"fnMap":{"0":{"name":"(anonymous_0)","decl":{"start":{"line":22,"column":25},"end":{"line":22,"column":26}},"loc":{"start":{"line":22,"column":36},"end":{"line":28,"column":1}},"line":22},"1":{"name":"(anonymous_1)","decl":{"start":{"line":35,"column":29},"end":{"line":35,"column":30}},"loc":{"start":{"line":35,"column":39},"end":{"line":41,"column":1}},"line":35},"2":{"name":"(anonymous_2)","decl":{"start":{"line":48,"column":33},"end":{"line":48,"column":34}},"loc":{"start":{"line":48,"column":48},"end":{"line":59,"column":1}},"line":48},"3":{"name":"(anonymous_3)","decl":{"start":{"line":57,"column":9},"end":{"line":57,"column":10}},"loc":{"start":{"line":57,"column":19},"end":{"line":57,"column":30}},"line":57},"4":{"name":"(anonymous_4)","decl":{"start":{"line":58,"column":12},"end":{"line":58,"column":13}},"loc":{"start":{"line":58,"column":22},"end":{"line":58,"column":37}},"line":58},"5":{"name":"(anonymous_5)","decl":{"start":{"line":66,"column":29},"end":{"line":66,"column":30}},"loc":{"start":{"line":66,"column":39},"end":{"line":78,"column":1}},"line":66},"6":{"name":"(anonymous_6)","decl":{"start":{"line":84,"column":29},"end":{"line":84,"column":30}},"loc":{"start":{"line":84,"column":35},"end":{"line":103,"column":1}},"line":84},"7":{"name":"(anonymous_7)","decl":{"start":{"line":110,"column":30},"end":{"line":110,"column":31}},"loc":{"start":{"line":110,"column":53},"end":{"line":137,"column":1}},"line":110},"8":{"name":"(anonymous_8)","decl":{"start":{"line":184,"column":25},"end":{"line":184,"column":26}},"loc":{"start":{"line":184,"column":37},"end":{"line":186,"column":3}},"line":184}},"branchMap":{"0":{"loc":{"start":{"line":24,"column":2},"end":{"line":26,"column":3}},"type":"if","locations":[{"start":{"line":24,"column":2},"end":{"line":26,"column":3}},{"start":{},"end":{}}],"line":24},"1":{"loc":{"start":{"line":24,"column":6},"end":{"line":24,"column":56}},"type":"binary-expr","locations":[{"start":{"line":24,"column":6},"end":{"line":24,"column":11}},{"start":{"line":24,"column":15},"end":{"line":24,"column":56}}],"line":24},"2":{"loc":{"start":{"line":37,"column":2},"end":{"line":39,"column":3}},"type":"if","locations":[{"start":{"line":37,"column":2},"end":{"line":39,"column":3}},{"start":{},"end":{}}],"line":37},"3":{"loc":{"start":{"line":37,"column":6},"end":{"line":37,"column":53}},"type":"binary-expr","locations":[{"start":{"line":37,"column":6},"end":{"line":37,"column":10}},{"start":{"line":37,"column":14},"end":{"line":37,"column":53}}],"line":37},"4":{"loc":{"start":{"line":49,"column":2},"end":{"line":52,"column":3}},"type":"if","locations":[{"start":{"line":49,"column":2},"end":{"line":52,"column":3}},{"start":{},"end":{}}],"line":49},"5":{"loc":{"start":{"line":49,"column":6},"end":{"line":49,"column":49}},"type":"binary-expr","locations":[{"start":{"line":49,"column":6},"end":{"line":49,"column":16}},{"start":{"line":49,"column":20},"end":{"line":49,"column":49}}],"line":49},"6":{"loc":{"start":{"line":71,"column":2},"end":{"line":74,"column":3}},"type":"if","locations":[{"start":{"line":71,"column":2},"end":{"line":74,"column":3}},{"start":{},"end":{}}],"line":71},"7":{"loc":{"start":{"line":71,"column":6},"end":{"line":71,"column":34}},"type":"binary-expr","locations":[{"start":{"line":71,"column":6},"end":{"line":71,"column":20}},{"start":{"line":71,"column":24},"end":{"line":71,"column":34}}],"line":71},"8":{"loc":{"start":{"line":89,"column":2},"end":{"line":97,"column":3}},"type":"if","locations":[{"start":{"line":89,"column":2},"end":{"line":97,"column":3}},{"start":{},"end":{}}],"line":89},"9":{"loc":{"start":{"line":91,"column":4},"end":{"line":96,"column":5}},"type":"if","locations":[{"start":{"line":91,"column":4},"end":{"line":96,"column":5}},{"start":{},"end":{}}],"line":91},"10":{"loc":{"start":{"line":91,"column":8},"end":{"line":91,"column":54}},"type":"binary-expr","locations":[{"start":{"line":91,"column":8},"end":{"line":91,"column":22}},{"start":{"line":91,"column":26},"end":{"line":91,"column":54}}],"line":91},"11":{"loc":{"start":{"line":152,"column":21},"end":{"line":152,"column":71}},"type":"binary-expr","locations":[{"start":{"line":152,"column":21},"end":{"line":152,"column":50}},{"start":{"line":152,"column":54},"end":{"line":152,"column":71}}],"line":152},"12":{"loc":{"start":{"line":162,"column":25},"end":{"line":162,"column":75}},"type":"binary-expr","locations":[{"start":{"line":162,"column":25},"end":{"line":162,"column":70}},{"start":{"line":162,"column":74},"end":{"line":162,"column":75}}],"line":162},"13":{"loc":{"start":{"line":169,"column":17},"end":{"line":169,"column":78}},"type":"binary-expr","locations":[{"start":{"line":169,"column":17},"end":{"line":169,"column":42}},{"start":{"line":169,"column":46},"end":{"line":169,"column":78}}],"line":169},"14":{"loc":{"start":{"line":170,"column":22},"end":{"line":170,"column":70}},"type":"binary-expr","locations":[{"start":{"line":170,"column":22},"end":{"line":170,"column":62}},{"start":{"line":170,"column":66},"end":{"line":170,"column":70}}],"line":170},"15":{"loc":{"start":{"line":173,"column":22},"end":{"line":173,"column":67}},"type":"binary-expr","locations":[{"start":{"line":173,"column":22},"end":{"line":173,"column":62}},{"start":{"line":173,"column":66},"end":{"line":173,"column":67}}],"line":173},"16":{"loc":{"start":{"line":174,"column":19},"end":{"line":174,"column":63}},"type":"binary-expr","locations":[{"start":{"line":174,"column":19},"end":{"line":174,"column":56}},{"start":{"line":174,"column":60},"end":{"line":174,"column":63}}],"line":174},"17":{"loc":{"start":{"line":175,"column":23},"end":{"line":175,"column":69}},"type":"binary-expr","locations":[{"start":{"line":175,"column":23},"end":{"line":175,"column":64}},{"start":{"line":175,"column":68},"end":{"line":175,"column":69}}],"line":175},"18":{"loc":{"start":{"line":177,"column":4},"end":{"line":177,"column":60}},"type":"binary-expr","locations":[{"start":{"line":177,"column":4},"end":{"line":177,"column":52}},{"start":{"line":177,"column":56},"end":{"line":177,"column":60}}],"line":177},"19":{"loc":{"start":{"line":181,"column":4},"end":{"line":181,"column":62}},"type":"binary-expr","locations":[{"start":{"line":181,"column":4},"end":{"line":181,"column":57}},{"start":{"line":181,"column":61},"end":{"line":181,"column":62}}],"line":181},"20":{"loc":{"start":{"line":361,"column":22},"end":{"line":361,"column":71}},"type":"cond-expr","locations":[{"start":{"line":361,"column":50},"end":{"line":361,"column":57}},{"start":{"line":361,"column":60},"end":{"line":361,"column":71}}],"line":361},"21":{"loc":{"start":{"line":362,"column":20},"end":{"line":362,"column":67}},"type":"cond-expr","locations":[{"start":{"line":362,"column":46},"end":{"line":362,"column":53}},{"start":{"line":362,"column":56},"end":{"line":362,"column":67}}],"line":362},"22":{"loc":{"start":{"line":363,"column":21},"end":{"line":363,"column":95}},"type":"cond-expr","locations":[{"start":{"line":363,"column":56},"end":{"line":363,"column":80}},{"start":{"line":363,"column":83},"end":{"line":363,"column":95}}],"line":363},"23":{"loc":{"start":{"line":367,"column":25},"end":{"line":367,"column":77}},"type":"cond-expr","locations":[{"start":{"line":367,"column":56},"end":{"line":367,"column":63}},{"start":{"line":367,"column":66},"end":{"line":367,"column":77}}],"line":367},"24":{"loc":{"start":{"line":397,"column":0},"end":{"line":405,"column":1}},"type":"if","locations":[{"start":{"line":397,"column":0},"end":{"line":405,"column":1}},{"start":{},"end":{}}],"line":397}},"s":{"0":0,"1":0,"2":0,"3":0,"4":0,"5":0,"6":0,"7":0,"8":0,"9":0,"10":0,"11":0,"12":0,"13":0,"14":0,"15":0,"16":0,"17":0,"18":0,"19":0,"20":0,"21":0,"22":0,"23":0,"24":0,"25":0,"26":0,"27":0,"28":0,"29":0,"30":0,"31":0,"32":0,"33":0,"34":0,"35":0,"36":0,"37":0,"38":0,"39":0,"40":0,"41":0,"42":0,"43":0,"44":0,"45":0,"46":0},"f":{"0":0,"1":0,"2":0,"3":0,"4":0,"5":0,"6":0,"7":0,"8":0},"b":{"0":[0,0],"1":[0,0],"2":[0,0],"3":[0,0],"4":[0,0],"5":[0,0],"6":[0,0],"7":[0,0],"8":[0,0],"9":[0,0],"10":[0,0],"11":[0,0],"12":[0,0],"13":[0,0],"14":[0,0],"15":[0,0],"16":[0,0],"17":[0,0],"18":[0,0],"19":[0,0],"20":[0,0],"21":[0,0],"22":[0,0],"23":[0,0],"24":[0,0]}}
,"/Users/montes/AI/devcontext_local/src/main.js": {"path":"/Users/montes/AI/devcontext_local/src/main.js","statementMap":{"0":{"start":{"line":37,"column":2},"end":{"line":307,"column":3}},"1":{"start":{"line":39,"column":4},"end":{"line":39,"column":49}},"2":{"start":{"line":42,"column":26},"end":{"line":42,"column":62}},"3":{"start":{"line":44,"column":4},"end":{"line":56,"column":5}},"4":{"start":{"line":46,"column":6},"end":{"line":52,"column":8}},"5":{"start":{"line":55,"column":6},"end":{"line":55,"column":22}},"6":{"start":{"line":59,"column":4},"end":{"line":59,"column":68}},"7":{"start":{"line":62,"column":21},"end":{"line":62,"column":41}},"8":{"start":{"line":65,"column":4},"end":{"line":81,"column":5}},"9":{"start":{"line":66,"column":6},"end":{"line":80,"column":7}},"10":{"start":{"line":67,"column":8},"end":{"line":67,"column":62}},"11":{"start":{"line":68,"column":8},"end":{"line":68,"column":59}},"12":{"start":{"line":69,"column":8},"end":{"line":69,"column":56}},"13":{"start":{"line":72,"column":8},"end":{"line":76,"column":11}},"14":{"start":{"line":79,"column":8},"end":{"line":79,"column":24}},"15":{"start":{"line":84,"column":4},"end":{"line":111,"column":5}},"16":{"start":{"line":85,"column":30},"end":{"line":85,"column":91}},"17":{"start":{"line":86,"column":6},"end":{"line":86,"column":64}},"18":{"start":{"line":87,"column":6},"end":{"line":87,"column":41}},"19":{"start":{"line":88,"column":6},"end":{"line":88,"column":73}},"20":{"start":{"line":91,"column":30},"end":{"line":91,"column":91}},"21":{"start":{"line":92,"column":27},"end":{"line":96,"column":7}},"22":{"start":{"line":98,"column":6},"end":{"line":105,"column":7}},"23":{"start":{"line":99,"column":8},"end":{"line":99,"column":85}},"24":{"start":{"line":100,"column":8},"end":{"line":102,"column":30}},"25":{"start":{"line":104,"column":8},"end":{"line":104,"column":61}},"26":{"start":{"line":107,"column":6},"end":{"line":107,"column":92}},"27":{"start":{"line":110,"column":6},"end":{"line":110,"column":22}},"28":{"start":{"line":114,"column":4},"end":{"line":127,"column":5}},"29":{"start":{"line":115,"column":6},"end":{"line":115,"column":53}},"30":{"start":{"line":116,"column":6},"end":{"line":116,"column":47}},"31":{"start":{"line":117,"column":6},"end":{"line":117,"column":75}},"32":{"start":{"line":120,"column":6},"end":{"line":123,"column":9}},"33":{"start":{"line":126,"column":6},"end":{"line":126,"column":22}},"34":{"start":{"line":130,"column":4},"end":{"line":155,"column":5}},"35":{"start":{"line":131,"column":6},"end":{"line":131,"column":57}},"36":{"start":{"line":132,"column":25},"end":{"line":132,"column":70}},"37":{"start":{"line":133,"column":6},"end":{"line":147,"column":7}},"38":{"start":{"line":134,"column":8},"end":{"line":137,"column":11}},"39":{"start":{"line":138,"column":13},"end":{"line":147,"column":7}},"40":{"start":{"line":139,"column":8},"end":{"line":141,"column":11}},"41":{"start":{"line":143,"column":8},"end":{"line":146,"column":11}},"42":{"start":{"line":150,"column":6},"end":{"line":153,"column":9}},"43":{"start":{"line":154,"column":6},"end":{"line":154,"column":76}},"44":{"start":{"line":158,"column":4},"end":{"line":178,"column":5}},"45":{"start":{"line":159,"column":6},"end":{"line":159,"column":60}},"46":{"start":{"line":160,"column":32},"end":{"line":160,"column":63}},"47":{"start":{"line":163,"column":6},"end":{"line":163,"column":43}},"48":{"start":{"line":166,"column":6},"end":{"line":166,"column":48}},"49":{"start":{"line":168,"column":6},"end":{"line":168,"column":65}},"50":{"start":{"line":171,"column":6},"end":{"line":174,"column":9}},"51":{"start":{"line":175,"column":6},"end":{"line":177,"column":8}},"52":{"start":{"line":181,"column":4},"end":{"line":207,"column":5}},"53":{"start":{"line":182,"column":6},"end":{"line":182,"column":58}},"54":{"start":{"line":183,"column":35},"end":{"line":185,"column":8}},"55":{"start":{"line":188,"column":6},"end":{"line":188,"column":46}},"56":{"start":{"line":191,"column":6},"end":{"line":195,"column":9}},"57":{"start":{"line":197,"column":6},"end":{"line":197,"column":63}},"58":{"start":{"line":200,"column":6},"end":{"line":203,"column":9}},"59":{"start":{"line":204,"column":6},"end":{"line":206,"column":8}},"60":{"start":{"line":210,"column":4},"end":{"line":297,"column":5}},"61":{"start":{"line":211,"column":6},"end":{"line":211,"column":48}},"62":{"start":{"line":214,"column":24},"end":{"line":217,"column":8}},"63":{"start":{"line":220,"column":25},"end":{"line":223,"column":7}},"64":{"start":{"line":226,"column":33},"end":{"line":229,"column":8}},"65":{"start":{"line":232,"column":34},"end":{"line":236,"column":8}},"66":{"start":{"line":239,"column":31},"end":{"line":245,"column":8}},"67":{"start":{"line":248,"column":6},"end":{"line":248,"column":53}},"68":{"start":{"line":249,"column":6},"end":{"line":249,"column":57}},"69":{"start":{"line":250,"column":6},"end":{"line":250,"column":59}},"70":{"start":{"line":253,"column":6},"end":{"line":257,"column":8}},"71":{"start":{"line":260,"column":6},"end":{"line":266,"column":8}},"72":{"start":{"line":264,"column":10},"end":{"line":264,"column":80}},"73":{"start":{"line":268,"column":6},"end":{"line":270,"column":8}},"74":{"start":{"line":273,"column":6},"end":{"line":279,"column":8}},"75":{"start":{"line":277,"column":10},"end":{"line":277,"column":74}},"76":{"start":{"line":281,"column":6},"end":{"line":281,"column":76}},"77":{"start":{"line":284,"column":6},"end":{"line":284,"column":31}},"78":{"start":{"line":286,"column":6},"end":{"line":286,"column":71}},"79":{"start":{"line":287,"column":6},"end":{"line":287,"column":60}},"80":{"start":{"line":290,"column":6},"end":{"line":293,"column":9}},"81":{"start":{"line":296,"column":6},"end":{"line":296,"column":22}},"82":{"start":{"line":300,"column":4},"end":{"line":303,"column":7}},"83":{"start":{"line":306,"column":4},"end":{"line":306,"column":20}},"84":{"start":{"line":311,"column":0},"end":{"line":317,"column":3}},"85":{"start":{"line":312,"column":2},"end":{"line":315,"column":5}},"86":{"start":{"line":316,"column":2},"end":{"line":316,"column":18}},"87":{"start":{"line":320,"column":0},"end":{"line":326,"column":3}},"88":{"start":{"line":321,"column":2},"end":{"line":324,"column":5}},"89":{"start":{"line":325,"column":2},"end":{"line":325,"column":18}},"90":{"start":{"line":329,"column":0},"end":{"line":329,"column":14}}},"fnMap":{"0":{"name":"startServer","decl":{"start":{"line":36,"column":15},"end":{"line":36,"column":26}},"loc":{"start":{"line":36,"column":29},"end":{"line":308,"column":1}},"line":36},"1":{"name":"(anonymous_1)","decl":{"start":{"line":263,"column":8},"end":{"line":263,"column":9}},"loc":{"start":{"line":263,"column":26},"end":{"line":265,"column":9}},"line":263},"2":{"name":"(anonymous_2)","decl":{"start":{"line":276,"column":8},"end":{"line":276,"column":9}},"loc":{"start":{"line":276,"column":26},"end":{"line":278,"column":9}},"line":276},"3":{"name":"(anonymous_3)","decl":{"start":{"line":311,"column":32},"end":{"line":311,"column":33}},"loc":{"start":{"line":311,"column":43},"end":{"line":317,"column":1}},"line":311},"4":{"name":"(anonymous_4)","decl":{"start":{"line":320,"column":33},"end":{"line":320,"column":34}},"loc":{"start":{"line":320,"column":54},"end":{"line":326,"column":1}},"line":320}},"branchMap":{"0":{"loc":{"start":{"line":44,"column":4},"end":{"line":56,"column":5}},"type":"if","locations":[{"start":{"line":44,"column":4},"end":{"line":56,"column":5}},{"start":{},"end":{}}],"line":44},"1":{"loc":{"start":{"line":50,"column":17},"end":{"line":50,"column":64}},"type":"binary-expr","locations":[{"start":{"line":50,"column":17},"end":{"line":50,"column":45}},{"start":{"line":50,"column":49},"end":{"line":50,"column":64}}],"line":50},"2":{"loc":{"start":{"line":65,"column":4},"end":{"line":81,"column":5}},"type":"if","locations":[{"start":{"line":65,"column":4},"end":{"line":81,"column":5}},{"start":{},"end":{}}],"line":65},"3":{"loc":{"start":{"line":85,"column":30},"end":{"line":85,"column":91}},"type":"cond-expr","locations":[{"start":{"line":85,"column":65},"end":{"line":85,"column":74}},{"start":{"line":85,"column":77},"end":{"line":85,"column":91}}],"line":85},"4":{"loc":{"start":{"line":91,"column":30},"end":{"line":91,"column":91}},"type":"cond-expr","locations":[{"start":{"line":91,"column":65},"end":{"line":91,"column":74}},{"start":{"line":91,"column":77},"end":{"line":91,"column":91}}],"line":91},"5":{"loc":{"start":{"line":98,"column":6},"end":{"line":105,"column":7}},"type":"if","locations":[{"start":{"line":98,"column":6},"end":{"line":105,"column":7}},{"start":{"line":103,"column":13},"end":{"line":105,"column":7}}],"line":98},"6":{"loc":{"start":{"line":99,"column":35},"end":{"line":99,"column":84}},"type":"cond-expr","locations":[{"start":{"line":99,"column":63},"end":{"line":99,"column":70}},{"start":{"line":99,"column":73},"end":{"line":99,"column":84}}],"line":99},"7":{"loc":{"start":{"line":100,"column":33},"end":{"line":102,"column":29}},"type":"cond-expr","locations":[{"start":{"line":101,"column":12},"end":{"line":101,"column":35}},{"start":{"line":102,"column":12},"end":{"line":102,"column":29}}],"line":100},"8":{"loc":{"start":{"line":133,"column":6},"end":{"line":147,"column":7}},"type":"if","locations":[{"start":{"line":133,"column":6},"end":{"line":147,"column":7}},{"start":{"line":138,"column":13},"end":{"line":147,"column":7}}],"line":133},"9":{"loc":{"start":{"line":138,"column":13},"end":{"line":147,"column":7}},"type":"if","locations":[{"start":{"line":138,"column":13},"end":{"line":147,"column":7}},{"start":{"line":142,"column":13},"end":{"line":147,"column":7}}],"line":138},"10":{"loc":{"start":{"line":216,"column":17},"end":{"line":216,"column":42}},"type":"binary-expr","locations":[{"start":{"line":216,"column":17},"end":{"line":216,"column":31}},{"start":{"line":216,"column":35},"end":{"line":216,"column":42}}],"line":216},"11":{"loc":{"start":{"line":322,"column":12},"end":{"line":322,"column":69}},"type":"cond-expr","locations":[{"start":{"line":322,"column":38},"end":{"line":322,"column":52}},{"start":{"line":322,"column":55},"end":{"line":322,"column":69}}],"line":322},"12":{"loc":{"start":{"line":323,"column":11},"end":{"line":323,"column":61}},"type":"cond-expr","locations":[{"start":{"line":323,"column":37},"end":{"line":323,"column":49}},{"start":{"line":323,"column":52},"end":{"line":323,"column":61}}],"line":323}},"s":{"0":0,"1":0,"2":0,"3":0,"4":0,"5":0,"6":0,"7":0,"8":0,"9":0,"10":0,"11":0,"12":0,"13":0,"14":0,"15":0,"16":0,"17":0,"18":0,"19":0,"20":0,"21":0,"22":0,"23":0,"24":0,"25":0,"26":0,"27":0,"28":0,"29":0,"30":0,"31":0,"32":0,"33":0,"34":0,"35":0,"36":0,"37":0,"38":0,"39":0,"40":0,"41":0,"42":0,"43":0,"44":0,"45":0,"46":0,"47":0,"48":0,"49":0,"50":0,"51":0,"52":0,"53":0,"54":0,"55":0,"56":0,"57":0,"58":0,"59":0,"60":0,"61":0,"62":0,"63":0,"64":0,"65":0,"66":0,"67":0,"68":0,"69":0,"70":0,"71":0,"72":0,"73":0,"74":0,"75":0,"76":0,"77":0,"78":0,"79":0,"80":0,"81":0,"82":0,"83":0,"84":0,"85":0,"86":0,"87":0,"88":0,"89":0,"90":0},"f":{"0":0,"1":0,"2":0,"3":0,"4":0},"b":{"0":[0,0],"1":[0,0],"2":[0,0],"3":[0,0],"4":[0,0],"5":[0,0],"6":[0,0],"7":[0,0],"8":[0,0],"9":[0,0],"10":[0,0],"11":[0,0],"12":[0,0]}}
,"/Users/montes/AI/devcontext_local/src/db/client.js": {"path":"/Users/montes/AI/devcontext_local/src/db/client.js","statementMap":{"0":{"start":{"line":15,"column":34},"end":{"line":27,"column":1}},"1":{"start":{"line":16,"column":2},"end":{"line":16,"column":46}},"2":{"start":{"line":18,"column":2},"end":{"line":26,"column":3}},"3":{"start":{"line":20,"column":19},"end":{"line":20,"column":41}},"4":{"start":{"line":21,"column":4},"end":{"line":21,"column":60}},"5":{"start":{"line":22,"column":4},"end":{"line":22,"column":18}},"6":{"start":{"line":24,"column":4},"end":{"line":24,"column":68}},"7":{"start":{"line":25,"column":4},"end":{"line":25,"column":16}}},"fnMap":{"0":{"name":"(anonymous_0)","decl":{"start":{"line":15,"column":34},"end":{"line":15,"column":35}},"loc":{"start":{"line":15,"column":40},"end":{"line":27,"column":1}},"line":15}},"branchMap":{},"s":{"0":0,"1":0,"2":0,"3":0,"4":0,"5":0,"6":0,"7":0},"f":{"0":0},"b":{}}
,"/Users/montes/AI/devcontext_local/src/db/connectionFactory.js": {"path":"/Users/montes/AI/devcontext_local/src/db/connectionFactory.js","statementMap":{"0":{"start":{"line":17,"column":36},"end":{"line":37,"column":1}},"1":{"start":{"line":18,"column":85},"end":{"line":18,"column":91}},"2":{"start":{"line":20,"column":2},"end":{"line":20,"column":69}},"3":{"start":{"line":22,"column":2},"end":{"line":36,"column":3}},"4":{"start":{"line":23,"column":4},"end":{"line":29,"column":5}},"5":{"start":{"line":24,"column":6},"end":{"line":24,"column":33}},"6":{"start":{"line":25,"column":11},"end":{"line":29,"column":5}},"7":{"start":{"line":26,"column":6},"end":{"line":26,"column":39}},"8":{"start":{"line":28,"column":6},"end":{"line":28,"column":93}},"9":{"start":{"line":31,"column":4},"end":{"line":34,"column":7}},"10":{"start":{"line":35,"column":4},"end":{"line":35,"column":16}},"11":{"start":{"line":44,"column":26},"end":{"line":77,"column":1}},"12":{"start":{"line":45,"column":51},"end":{"line":45,"column":57}},"13":{"start":{"line":47,"column":2},"end":{"line":47,"column":55}},"14":{"start":{"line":50,"column":2},"end":{"line":55,"column":3}},"15":{"start":{"line":51,"column":4},"end":{"line":54,"column":6}},"16":{"start":{"line":58,"column":23},"end":{"line":60,"column":3}},"17":{"start":{"line":63,"column":2},"end":{"line":68,"column":3}},"18":{"start":{"line":64,"column":4},"end":{"line":64,"column":46}},"19":{"start":{"line":65,"column":4},"end":{"line":65,"column":71}},"20":{"start":{"line":67,"column":4},"end":{"line":67,"column":104}},"21":{"start":{"line":71,"column":17},"end":{"line":71,"column":43}},"22":{"start":{"line":72,"column":2},"end":{"line":74,"column":5}},"23":{"start":{"line":76,"column":2},"end":{"line":76,"column":16}},"24":{"start":{"line":84,"column":32},"end":{"line":112,"column":1}},"25":{"start":{"line":85,"column":32},"end":{"line":85,"column":38}},"26":{"start":{"line":87,"column":2},"end":{"line":87,"column":56}},"27":{"start":{"line":90,"column":2},"end":{"line":92,"column":3}},"28":{"start":{"line":91,"column":4},"end":{"line":91,"column":87}},"29":{"start":{"line":95,"column":16},"end":{"line":97,"column":33}},"30":{"start":{"line":100,"column":23},"end":{"line":102,"column":3}},"31":{"start":{"line":105,"column":17},"end":{"line":105,"column":43}},"32":{"start":{"line":106,"column":2},"end":{"line":109,"column":5}},"33":{"start":{"line":111,"column":2},"end":{"line":111,"column":16}},"34":{"start":{"line":119,"column":34},"end":{"line":139,"column":1}},"35":{"start":{"line":120,"column":2},"end":{"line":138,"column":3}},"36":{"start":{"line":121,"column":4},"end":{"line":121,"column":51}},"37":{"start":{"line":124,"column":19},"end":{"line":124,"column":59}},"38":{"start":{"line":126,"column":4},"end":{"line":131,"column":5}},"39":{"start":{"line":127,"column":6},"end":{"line":127,"column":64}},"40":{"start":{"line":128,"column":6},"end":{"line":128,"column":18}},"41":{"start":{"line":130,"column":6},"end":{"line":130,"column":80}},"42":{"start":{"line":133,"column":4},"end":{"line":136,"column":7}},"43":{"start":{"line":137,"column":4},"end":{"line":137,"column":16}}},"fnMap":{"0":{"name":"(anonymous_0)","decl":{"start":{"line":17,"column":36},"end":{"line":17,"column":37}},"loc":{"start":{"line":17,"column":42},"end":{"line":37,"column":1}},"line":17},"1":{"name":"(anonymous_1)","decl":{"start":{"line":44,"column":26},"end":{"line":44,"column":27}},"loc":{"start":{"line":44,"column":32},"end":{"line":77,"column":1}},"line":44},"2":{"name":"(anonymous_2)","decl":{"start":{"line":84,"column":32},"end":{"line":84,"column":33}},"loc":{"start":{"line":84,"column":38},"end":{"line":112,"column":1}},"line":84},"3":{"name":"(anonymous_3)","decl":{"start":{"line":119,"column":34},"end":{"line":119,"column":35}},"loc":{"start":{"line":119,"column":52},"end":{"line":139,"column":1}},"line":119}},"branchMap":{"0":{"loc":{"start":{"line":23,"column":4},"end":{"line":29,"column":5}},"type":"if","locations":[{"start":{"line":23,"column":4},"end":{"line":29,"column":5}},{"start":{"line":25,"column":11},"end":{"line":29,"column":5}}],"line":23},"1":{"loc":{"start":{"line":25,"column":11},"end":{"line":29,"column":5}},"type":"if","locations":[{"start":{"line":25,"column":11},"end":{"line":29,"column":5}},{"start":{"line":27,"column":11},"end":{"line":29,"column":5}}],"line":25},"2":{"loc":{"start":{"line":50,"column":2},"end":{"line":55,"column":3}},"type":"if","locations":[{"start":{"line":50,"column":2},"end":{"line":55,"column":3}},{"start":{},"end":{}}],"line":50},"3":{"loc":{"start":{"line":63,"column":2},"end":{"line":68,"column":3}},"type":"if","locations":[{"start":{"line":63,"column":2},"end":{"line":68,"column":3}},{"start":{"line":66,"column":9},"end":{"line":68,"column":3}}],"line":63},"4":{"loc":{"start":{"line":90,"column":2},"end":{"line":92,"column":3}},"type":"if","locations":[{"start":{"line":90,"column":2},"end":{"line":92,"column":3}},{"start":{},"end":{}}],"line":90},"5":{"loc":{"start":{"line":95,"column":16},"end":{"line":97,"column":33}},"type":"cond-expr","locations":[{"start":{"line":96,"column":6},"end":{"line":96,"column":23}},{"start":{"line":97,"column":6},"end":{"line":97,"column":33}}],"line":95},"6":{"loc":{"start":{"line":126,"column":4},"end":{"line":131,"column":5}},"type":"if","locations":[{"start":{"line":126,"column":4},"end":{"line":131,"column":5}},{"start":{"line":129,"column":11},"end":{"line":131,"column":5}}],"line":126},"7":{"loc":{"start":{"line":126,"column":8},"end":{"line":126,"column":55}},"type":"binary-expr","locations":[{"start":{"line":126,"column":8},"end":{"line":126,"column":14}},{"start":{"line":126,"column":18},"end":{"line":126,"column":29}},{"start":{"line":126,"column":33},"end":{"line":126,"column":55}}],"line":126}},"s":{"0":0,"1":0,"2":0,"3":0,"4":0,"5":0,"6":0,"7":0,"8":0,"9":0,"10":0,"11":0,"12":0,"13":0,"14":0,"15":0,"16":0,"17":0,"18":0,"19":0,"20":0,"21":0,"22":0,"23":0,"24":0,"25":0,"26":0,"27":0,"28":0,"29":0,"30":0,"31":0,"32":0,"33":0,"34":0,"35":0,"36":0,"37":0,"38":0,"39":0,"40":0,"41":0,"42":0,"43":0},"f":{"0":0,"1":0,"2":0,"3":0},"b":{"0":[0,0],"1":[0,0],"2":[0,0],"3":[0,0],"4":[0,0],"5":[0,0],"6":[0,0],"7":[0,0,0]}}
,"/Users/montes/AI/devcontext_local/src/db/localDbUtils.js": {"path":"/Users/montes/AI/devcontext_local/src/db/localDbUtils.js","statementMap":{"0":{"start":{"line":17,"column":34},"end":{"line":56,"column":1}},"1":{"start":{"line":18,"column":2},"end":{"line":55,"column":3}},"2":{"start":{"line":20,"column":25},"end":{"line":20,"column":45}},"3":{"start":{"line":21,"column":22},"end":{"line":21,"column":48}},"4":{"start":{"line":23,"column":4},"end":{"line":23,"column":70}},"5":{"start":{"line":26,"column":4},"end":{"line":33,"column":5}},"6":{"start":{"line":27,"column":6},"end":{"line":27,"column":53}},"7":{"start":{"line":28,"column":6},"end":{"line":28,"column":63}},"8":{"start":{"line":30,"column":6},"end":{"line":32,"column":7}},"9":{"start":{"line":31,"column":8},"end":{"line":31,"column":20}},"10":{"start":{"line":36,"column":4},"end":{"line":48,"column":5}},"11":{"start":{"line":37,"column":6},"end":{"line":37,"column":55}},"12":{"start":{"line":38,"column":6},"end":{"line":38,"column":68}},"13":{"start":{"line":39,"column":6},"end":{"line":39,"column":18}},"14":{"start":{"line":41,"column":6},"end":{"line":46,"column":7}},"15":{"start":{"line":43,"column":8},"end":{"line":43,"column":45}},"16":{"start":{"line":44,"column":8},"end":{"line":44,"column":66}},"17":{"start":{"line":45,"column":8},"end":{"line":45,"column":20}},"18":{"start":{"line":47,"column":6},"end":{"line":47,"column":18}},"19":{"start":{"line":50,"column":4},"end":{"line":53,"column":7}},"20":{"start":{"line":54,"column":4},"end":{"line":54,"column":16}},"21":{"start":{"line":63,"column":30},"end":{"line":97,"column":1}},"22":{"start":{"line":64,"column":2},"end":{"line":96,"column":3}},"23":{"start":{"line":65,"column":25},"end":{"line":65,"column":45}},"24":{"start":{"line":68,"column":4},"end":{"line":68,"column":53}},"25":{"start":{"line":71,"column":4},"end":{"line":71,"column":73}},"26":{"start":{"line":73,"column":4},"end":{"line":73,"column":74}},"27":{"start":{"line":75,"column":4},"end":{"line":79,"column":6}},"28":{"start":{"line":81,"column":25},"end":{"line":85,"column":5}},"29":{"start":{"line":87,"column":4},"end":{"line":91,"column":5}},"30":{"start":{"line":88,"column":6},"end":{"line":88,"column":58}},"31":{"start":{"line":89,"column":11},"end":{"line":91,"column":5}},"32":{"start":{"line":90,"column":6},"end":{"line":90,"column":78}},"33":{"start":{"line":93,"column":4},"end":{"line":93,"column":77}},"34":{"start":{"line":95,"column":4},"end":{"line":95,"column":24}},"35":{"start":{"line":104,"column":29},"end":{"line":128,"column":1}},"36":{"start":{"line":105,"column":2},"end":{"line":127,"column":3}},"37":{"start":{"line":106,"column":25},"end":{"line":106,"column":45}},"38":{"start":{"line":107,"column":18},"end":{"line":107,"column":45}},"39":{"start":{"line":109,"column":21},"end":{"line":116,"column":5}},"40":{"start":{"line":118,"column":4},"end":{"line":118,"column":59}},"41":{"start":{"line":120,"column":4},"end":{"line":120,"column":20}},"42":{"start":{"line":122,"column":4},"end":{"line":125,"column":7}},"43":{"start":{"line":126,"column":4},"end":{"line":126,"column":16}},"44":{"start":{"line":135,"column":28},"end":{"line":161,"column":1}},"45":{"start":{"line":136,"column":2},"end":{"line":160,"column":3}},"46":{"start":{"line":137,"column":25},"end":{"line":137,"column":45}},"47":{"start":{"line":138,"column":22},"end":{"line":138,"column":48}},"48":{"start":{"line":139,"column":21},"end":{"line":139,"column":76}},"49":{"start":{"line":140,"column":22},"end":{"line":140,"column":48}},"50":{"start":{"line":143,"column":16},"end":{"line":143,"column":26}},"51":{"start":{"line":144,"column":22},"end":{"line":144,"column":61}},"52":{"start":{"line":145,"column":27},"end":{"line":145,"column":72}},"53":{"start":{"line":146,"column":23},"end":{"line":146,"column":59}},"54":{"start":{"line":149,"column":4},"end":{"line":149,"column":48}},"55":{"start":{"line":151,"column":4},"end":{"line":151,"column":58}},"56":{"start":{"line":153,"column":4},"end":{"line":153,"column":22}},"57":{"start":{"line":155,"column":4},"end":{"line":158,"column":7}},"58":{"start":{"line":159,"column":4},"end":{"line":159,"column":16}}},"fnMap":{"0":{"name":"(anonymous_0)","decl":{"start":{"line":17,"column":34},"end":{"line":17,"column":35}},"loc":{"start":{"line":17,"column":52},"end":{"line":56,"column":1}},"line":17},"1":{"name":"(anonymous_1)","decl":{"start":{"line":63,"column":30},"end":{"line":63,"column":31}},"loc":{"start":{"line":63,"column":48},"end":{"line":97,"column":1}},"line":63},"2":{"name":"(anonymous_2)","decl":{"start":{"line":104,"column":29},"end":{"line":104,"column":30}},"loc":{"start":{"line":104,"column":47},"end":{"line":128,"column":1}},"line":104},"3":{"name":"(anonymous_3)","decl":{"start":{"line":135,"column":28},"end":{"line":135,"column":29}},"loc":{"start":{"line":135,"column":46},"end":{"line":161,"column":1}},"line":135}},"branchMap":{"0":{"loc":{"start":{"line":30,"column":6},"end":{"line":32,"column":7}},"type":"if","locations":[{"start":{"line":30,"column":6},"end":{"line":32,"column":7}},{"start":{},"end":{}}],"line":30},"1":{"loc":{"start":{"line":41,"column":6},"end":{"line":46,"column":7}},"type":"if","locations":[{"start":{"line":41,"column":6},"end":{"line":46,"column":7}},{"start":{},"end":{}}],"line":41},"2":{"loc":{"start":{"line":87,"column":4},"end":{"line":91,"column":5}},"type":"if","locations":[{"start":{"line":87,"column":4},"end":{"line":91,"column":5}},{"start":{"line":89,"column":11},"end":{"line":91,"column":5}}],"line":87},"3":{"loc":{"start":{"line":89,"column":11},"end":{"line":91,"column":5}},"type":"if","locations":[{"start":{"line":89,"column":11},"end":{"line":91,"column":5}},{"start":{},"end":{}}],"line":89}},"s":{"0":0,"1":0,"2":0,"3":0,"4":0,"5":0,"6":0,"7":0,"8":0,"9":0,"10":0,"11":0,"12":0,"13":0,"14":0,"15":0,"16":0,"17":0,"18":0,"19":0,"20":0,"21":0,"22":0,"23":0,"24":0,"25":0,"26":0,"27":0,"28":0,"29":0,"30":0,"31":0,"32":0,"33":0,"34":0,"35":0,"36":0,"37":0,"38":0,"39":0,"40":0,"41":0,"42":0,"43":0,"44":0,"45":0,"46":0,"47":0,"48":0,"49":0,"50":0,"51":0,"52":0,"53":0,"54":0,"55":0,"56":0,"57":0,"58":0},"f":{"0":0,"1":0,"2":0,"3":0},"b":{"0":[0,0],"1":[0,0],"2":[0,0],"3":[0,0]}}
,"/Users/montes/AI/devcontext_local/src/db/queries.js": {"path":"/Users/montes/AI/devcontext_local/src/db/queries.js","statementMap":{"0":{"start":{"line":17,"column":2},"end":{"line":45,"column":3}},"1":{"start":{"line":18,"column":4},"end":{"line":18,"column":51}},"2":{"start":{"line":21,"column":4},"end":{"line":30,"column":7}},"3":{"start":{"line":33,"column":4},"end":{"line":36,"column":7}},"4":{"start":{"line":38,"column":4},"end":{"line":38,"column":53}},"5":{"start":{"line":40,"column":4},"end":{"line":43,"column":7}},"6":{"start":{"line":44,"column":4},"end":{"line":44,"column":16}},"7":{"start":{"line":54,"column":2},"end":{"line":87,"column":3}},"8":{"start":{"line":55,"column":4},"end":{"line":55,"column":56}},"9":{"start":{"line":58,"column":4},"end":{"line":66,"column":7}},"10":{"start":{"line":69,"column":4},"end":{"line":72,"column":7}},"11":{"start":{"line":75,"column":4},"end":{"line":78,"column":7}},"12":{"start":{"line":80,"column":4},"end":{"line":80,"column":58}},"13":{"start":{"line":82,"column":4},"end":{"line":85,"column":7}},"14":{"start":{"line":86,"column":4},"end":{"line":86,"column":16}},"15":{"start":{"line":96,"column":2},"end":{"line":207,"column":3}},"16":{"start":{"line":97,"column":4},"end":{"line":97,"column":61}},"17":{"start":{"line":100,"column":4},"end":{"line":123,"column":7}},"18":{"start":{"line":126,"column":4},"end":{"line":129,"column":7}},"19":{"start":{"line":131,"column":4},"end":{"line":134,"column":7}},"20":{"start":{"line":136,"column":4},"end":{"line":139,"column":7}},"21":{"start":{"line":141,"column":4},"end":{"line":144,"column":7}},"22":{"start":{"line":147,"column":4},"end":{"line":156,"column":7}},"23":{"start":{"line":159,"column":4},"end":{"line":178,"column":7}},"24":{"start":{"line":181,"column":4},"end":{"line":191,"column":7}},"25":{"start":{"line":194,"column":4},"end":{"line":198,"column":7}},"26":{"start":{"line":200,"column":4},"end":{"line":200,"column":63}},"27":{"start":{"line":202,"column":4},"end":{"line":205,"column":7}},"28":{"start":{"line":206,"column":4},"end":{"line":206,"column":16}},"29":{"start":{"line":216,"column":2},"end":{"line":314,"column":3}},"30":{"start":{"line":217,"column":4},"end":{"line":217,"column":65}},"31":{"start":{"line":220,"column":4},"end":{"line":235,"column":7}},"32":{"start":{"line":238,"column":4},"end":{"line":241,"column":7}},"33":{"start":{"line":243,"column":4},"end":{"line":246,"column":7}},"34":{"start":{"line":248,"column":4},"end":{"line":251,"column":7}},"35":{"start":{"line":254,"column":4},"end":{"line":263,"column":7}},"36":{"start":{"line":266,"column":4},"end":{"line":285,"column":7}},"37":{"start":{"line":288,"column":4},"end":{"line":298,"column":7}},"38":{"start":{"line":301,"column":4},"end":{"line":305,"column":7}},"39":{"start":{"line":307,"column":4},"end":{"line":307,"column":67}},"40":{"start":{"line":309,"column":4},"end":{"line":312,"column":7}},"41":{"start":{"line":313,"column":4},"end":{"line":313,"column":16}},"42":{"start":{"line":323,"column":2},"end":{"line":367,"column":3}},"43":{"start":{"line":324,"column":4},"end":{"line":324,"column":58}},"44":{"start":{"line":327,"column":4},"end":{"line":340,"column":7}},"45":{"start":{"line":343,"column":4},"end":{"line":346,"column":7}},"46":{"start":{"line":349,"column":4},"end":{"line":352,"column":7}},"47":{"start":{"line":355,"column":4},"end":{"line":358,"column":7}},"48":{"start":{"line":360,"column":4},"end":{"line":360,"column":60}},"49":{"start":{"line":362,"column":4},"end":{"line":365,"column":7}},"50":{"start":{"line":366,"column":4},"end":{"line":366,"column":16}},"51":{"start":{"line":376,"column":2},"end":{"line":421,"column":3}},"52":{"start":{"line":377,"column":4},"end":{"line":377,"column":55}},"53":{"start":{"line":380,"column":4},"end":{"line":388,"column":7}},"54":{"start":{"line":391,"column":4},"end":{"line":394,"column":7}},"55":{"start":{"line":397,"column":4},"end":{"line":400,"column":7}},"56":{"start":{"line":403,"column":4},"end":{"line":406,"column":7}},"57":{"start":{"line":409,"column":4},"end":{"line":412,"column":7}},"58":{"start":{"line":414,"column":4},"end":{"line":414,"column":57}},"59":{"start":{"line":416,"column":4},"end":{"line":419,"column":7}},"60":{"start":{"line":420,"column":4},"end":{"line":420,"column":16}},"61":{"start":{"line":430,"column":2},"end":{"line":460,"column":3}},"62":{"start":{"line":431,"column":4},"end":{"line":431,"column":60}},"63":{"start":{"line":434,"column":4},"end":{"line":445,"column":7}},"64":{"start":{"line":448,"column":4},"end":{"line":451,"column":7}},"65":{"start":{"line":453,"column":4},"end":{"line":453,"column":62}},"66":{"start":{"line":455,"column":4},"end":{"line":458,"column":7}},"67":{"start":{"line":459,"column":4},"end":{"line":459,"column":16}},"68":{"start":{"line":469,"column":2},"end":{"line":503,"column":3}},"69":{"start":{"line":470,"column":4},"end":{"line":470,"column":59}},"70":{"start":{"line":473,"column":4},"end":{"line":488,"column":7}},"71":{"start":{"line":491,"column":4},"end":{"line":494,"column":7}},"72":{"start":{"line":496,"column":4},"end":{"line":496,"column":61}},"73":{"start":{"line":498,"column":4},"end":{"line":501,"column":7}},"74":{"start":{"line":502,"column":4},"end":{"line":502,"column":16}},"75":{"start":{"line":512,"column":2},"end":{"line":564,"column":3}},"76":{"start":{"line":513,"column":4},"end":{"line":513,"column":58}},"77":{"start":{"line":516,"column":4},"end":{"line":532,"column":7}},"78":{"start":{"line":535,"column":4},"end":{"line":538,"column":7}},"79":{"start":{"line":541,"column":4},"end":{"line":544,"column":7}},"80":{"start":{"line":547,"column":4},"end":{"line":555,"column":7}},"81":{"start":{"line":557,"column":4},"end":{"line":557,"column":60}},"82":{"start":{"line":559,"column":4},"end":{"line":562,"column":7}},"83":{"start":{"line":563,"column":4},"end":{"line":563,"column":16}},"84":{"start":{"line":574,"column":2},"end":{"line":604,"column":3}},"85":{"start":{"line":575,"column":4},"end":{"line":575,"column":55}},"86":{"start":{"line":578,"column":4},"end":{"line":584,"column":7}},"87":{"start":{"line":587,"column":4},"end":{"line":595,"column":7}},"88":{"start":{"line":597,"column":4},"end":{"line":597,"column":57}},"89":{"start":{"line":599,"column":4},"end":{"line":602,"column":7}},"90":{"start":{"line":603,"column":4},"end":{"line":603,"column":16}},"91":{"start":{"line":613,"column":2},"end":{"line":635,"column":3}},"92":{"start":{"line":614,"column":4},"end":{"line":614,"column":74}},"93":{"start":{"line":616,"column":19},"end":{"line":619,"column":6}},"94":{"start":{"line":621,"column":4},"end":{"line":625,"column":5}},"95":{"start":{"line":622,"column":18},"end":{"line":622,"column":38}},"96":{"start":{"line":623,"column":6},"end":{"line":623,"column":66}},"97":{"start":{"line":624,"column":6},"end":{"line":624,"column":17}},"98":{"start":{"line":627,"column":4},"end":{"line":627,"column":55}},"99":{"start":{"line":628,"column":4},"end":{"line":628,"column":16}},"100":{"start":{"line":630,"column":4},"end":{"line":633,"column":7}},"101":{"start":{"line":634,"column":4},"end":{"line":634,"column":16}},"102":{"start":{"line":645,"column":2},"end":{"line":661,"column":3}},"103":{"start":{"line":646,"column":4},"end":{"line":646,"column":65}},"104":{"start":{"line":648,"column":4},"end":{"line":651,"column":7}},"105":{"start":{"line":653,"column":4},"end":{"line":653,"column":66}},"106":{"start":{"line":655,"column":4},"end":{"line":659,"column":7}},"107":{"start":{"line":660,"column":4},"end":{"line":660,"column":16}},"108":{"start":{"line":676,"column":2},"end":{"line":712,"column":3}},"109":{"start":{"line":677,"column":4},"end":{"line":677,"column":77}},"110":{"start":{"line":681,"column":6},"end":{"line":683,"column":32}},"111":{"start":{"line":685,"column":4},"end":{"line":702,"column":7}},"112":{"start":{"line":704,"column":4},"end":{"line":704,"column":76}},"113":{"start":{"line":706,"column":4},"end":{"line":710,"column":7}},"114":{"start":{"line":711,"column":4},"end":{"line":711,"column":16}},"115":{"start":{"line":731,"column":2},"end":{"line":775,"column":3}},"116":{"start":{"line":732,"column":4},"end":{"line":734,"column":6}},"117":{"start":{"line":736,"column":4},"end":{"line":745,"column":7}},"118":{"start":{"line":748,"column":4},"end":{"line":761,"column":5}},"119":{"start":{"line":749,"column":6},"end":{"line":749,"column":71}},"120":{"start":{"line":751,"column":6},"end":{"line":760,"column":9}},"121":{"start":{"line":763,"column":4},"end":{"line":765,"column":6}},"122":{"start":{"line":767,"column":4},"end":{"line":773,"column":7}},"123":{"start":{"line":774,"column":4},"end":{"line":774,"column":16}},"124":{"start":{"line":792,"column":2},"end":{"line":832,"column":3}},"125":{"start":{"line":793,"column":4},"end":{"line":795,"column":6}},"126":{"start":{"line":798,"column":19},"end":{"line":798,"column":46}},"127":{"start":{"line":800,"column":4},"end":{"line":821,"column":7}},"128":{"start":{"line":823,"column":4},"end":{"line":823,"column":75}},"129":{"start":{"line":825,"column":4},"end":{"line":830,"column":7}},"130":{"start":{"line":831,"column":4},"end":{"line":831,"column":16}},"131":{"start":{"line":845,"column":2},"end":{"line":873,"column":3}},"132":{"start":{"line":846,"column":4},"end":{"line":848,"column":6}},"133":{"start":{"line":851,"column":19},"end":{"line":858,"column":6}},"134":{"start":{"line":860,"column":25},"end":{"line":860,"column":44}},"135":{"start":{"line":861,"column":4},"end":{"line":863,"column":6}},"136":{"start":{"line":865,"column":4},"end":{"line":865,"column":28}},"137":{"start":{"line":867,"column":4},"end":{"line":871,"column":7}},"138":{"start":{"line":872,"column":4},"end":{"line":872,"column":16}},"139":{"start":{"line":883,"column":2},"end":{"line":907,"column":3}},"140":{"start":{"line":884,"column":4},"end":{"line":884,"column":60}},"141":{"start":{"line":886,"column":19},"end":{"line":896,"column":6}},"142":{"start":{"line":898,"column":4},"end":{"line":898,"column":66}},"143":{"start":{"line":899,"column":4},"end":{"line":899,"column":23}},"144":{"start":{"line":901,"column":4},"end":{"line":905,"column":7}},"145":{"start":{"line":906,"column":4},"end":{"line":906,"column":16}},"146":{"start":{"line":926,"column":2},"end":{"line":964,"column":3}},"147":{"start":{"line":927,"column":4},"end":{"line":927,"column":68}},"148":{"start":{"line":929,"column":19},"end":{"line":940,"column":6}},"149":{"start":{"line":942,"column":4},"end":{"line":952,"column":5}},"150":{"start":{"line":943,"column":6},"end":{"line":943,"column":65}},"151":{"start":{"line":945,"column":6},"end":{"line":951,"column":8}},"152":{"start":{"line":954,"column":4},"end":{"line":954,"column":18}},"153":{"start":{"line":956,"column":4},"end":{"line":962,"column":7}},"154":{"start":{"line":963,"column":4},"end":{"line":963,"column":16}},"155":{"start":{"line":985,"column":2},"end":{"line":1049,"column":3}},"156":{"start":{"line":986,"column":4},"end":{"line":988,"column":6}},"157":{"start":{"line":991,"column":29},"end":{"line":991,"column":39}},"158":{"start":{"line":994,"column":4},"end":{"line":1030,"column":5}},"159":{"start":{"line":996,"column":6},"end":{"line":1002,"column":8}},"160":{"start":{"line":1007,"column":11},"end":{"line":1030,"column":5}},"161":{"start":{"line":1009,"column":6},"end":{"line":1015,"column":8}},"162":{"start":{"line":1018,"column":11},"end":{"line":1030,"column":5}},"163":{"start":{"line":1021,"column":6},"end":{"line":1021,"column":79}},"164":{"start":{"line":1022,"column":6},"end":{"line":1025,"column":8}},"165":{"start":{"line":1028,"column":6},"end":{"line":1028,"column":70}},"166":{"start":{"line":1029,"column":6},"end":{"line":1029,"column":73}},"167":{"start":{"line":1032,"column":4},"end":{"line":1034,"column":6}},"168":{"start":{"line":1036,"column":4},"end":{"line":1036,"column":18}},"169":{"start":{"line":1038,"column":4},"end":{"line":1047,"column":6}},"170":{"start":{"line":1048,"column":4},"end":{"line":1048,"column":16}},"171":{"start":{"line":1059,"column":2},"end":{"line":1126,"column":3}},"172":{"start":{"line":1060,"column":4},"end":{"line":1060,"column":62}},"173":{"start":{"line":1063,"column":4},"end":{"line":1063,"column":45}},"174":{"start":{"line":1066,"column":4},"end":{"line":1066,"column":41}},"175":{"start":{"line":1067,"column":4},"end":{"line":1067,"column":45}},"176":{"start":{"line":1070,"column":4},"end":{"line":1070,"column":43}},"177":{"start":{"line":1071,"column":4},"end":{"line":1071,"column":47}},"178":{"start":{"line":1074,"column":4},"end":{"line":1074,"column":48}},"179":{"start":{"line":1075,"column":4},"end":{"line":1075,"column":45}},"180":{"start":{"line":1079,"column":4},"end":{"line":1114,"column":5}},"181":{"start":{"line":1080,"column":6},"end":{"line":1090,"column":9}},"182":{"start":{"line":1092,"column":6},"end":{"line":1105,"column":9}},"183":{"start":{"line":1108,"column":6},"end":{"line":1108,"column":51}},"184":{"start":{"line":1109,"column":6},"end":{"line":1109,"column":52}},"185":{"start":{"line":1112,"column":6},"end":{"line":1112,"column":52}},"186":{"start":{"line":1113,"column":6},"end":{"line":1113,"column":51}},"187":{"start":{"line":1117,"column":4},"end":{"line":1117,"column":47}},"188":{"start":{"line":1119,"column":4},"end":{"line":1119,"column":73}},"189":{"start":{"line":1121,"column":4},"end":{"line":1124,"column":7}},"190":{"start":{"line":1125,"column":4},"end":{"line":1125,"column":16}},"191":{"start":{"line":1152,"column":2},"end":{"line":1246,"column":3}},"192":{"start":{"line":1153,"column":4},"end":{"line":1155,"column":6}},"193":{"start":{"line":1158,"column":4},"end":{"line":1169,"column":5}},"194":{"start":{"line":1168,"column":6},"end":{"line":1168,"column":65}},"195":{"start":{"line":1172,"column":26},"end":{"line":1172,"column":64}},"196":{"start":{"line":1173,"column":21},"end":{"line":1173,"column":54}},"197":{"start":{"line":1175,"column":19},"end":{"line":1233,"column":6}},"198":{"start":{"line":1235,"column":4},"end":{"line":1237,"column":6}},"199":{"start":{"line":1238,"column":4},"end":{"line":1238,"column":18}},"200":{"start":{"line":1240,"column":4},"end":{"line":1244,"column":7}},"201":{"start":{"line":1245,"column":4},"end":{"line":1245,"column":16}},"202":{"start":{"line":1256,"column":2},"end":{"line":1278,"column":3}},"203":{"start":{"line":1257,"column":4},"end":{"line":1257,"column":62}},"204":{"start":{"line":1259,"column":19},"end":{"line":1262,"column":6}},"205":{"start":{"line":1264,"column":4},"end":{"line":1267,"column":5}},"206":{"start":{"line":1265,"column":6},"end":{"line":1265,"column":64}},"207":{"start":{"line":1266,"column":6},"end":{"line":1266,"column":18}},"208":{"start":{"line":1269,"column":4},"end":{"line":1269,"column":67}},"209":{"start":{"line":1270,"column":4},"end":{"line":1270,"column":26}},"210":{"start":{"line":1272,"column":4},"end":{"line":1276,"column":7}},"211":{"start":{"line":1277,"column":4},"end":{"line":1277,"column":16}},"212":{"start":{"line":1288,"column":2},"end":{"line":1309,"column":3}},"213":{"start":{"line":1289,"column":4},"end":{"line":1289,"column":70}},"214":{"start":{"line":1291,"column":19},"end":{"line":1294,"column":6}},"215":{"start":{"line":1296,"column":25},"end":{"line":1296,"column":44}},"216":{"start":{"line":1297,"column":4},"end":{"line":1299,"column":6}},"217":{"start":{"line":1301,"column":4},"end":{"line":1301,"column":28}},"218":{"start":{"line":1303,"column":4},"end":{"line":1307,"column":7}},"219":{"start":{"line":1308,"column":4},"end":{"line":1308,"column":16}},"220":{"start":{"line":1328,"column":2},"end":{"line":1376,"column":3}},"221":{"start":{"line":1329,"column":4},"end":{"line":1331,"column":6}},"222":{"start":{"line":1335,"column":6},"end":{"line":1337,"column":55}},"223":{"start":{"line":1341,"column":6},"end":{"line":1341,"column":72}},"224":{"start":{"line":1342,"column":17},"end":{"line":1342,"column":40}},"225":{"start":{"line":1345,"column":4},"end":{"line":1348,"column":5}},"226":{"start":{"line":1346,"column":6},"end":{"line":1346,"column":29}},"227":{"start":{"line":1347,"column":6},"end":{"line":1347,"column":25}},"228":{"start":{"line":1351,"column":4},"end":{"line":1351,"column":72}},"229":{"start":{"line":1352,"column":4},"end":{"line":1352,"column":24}},"230":{"start":{"line":1354,"column":19},"end":{"line":1357,"column":6}},"231":{"start":{"line":1359,"column":4},"end":{"line":1365,"column":5}},"232":{"start":{"line":1360,"column":6},"end":{"line":1360,"column":73}},"233":{"start":{"line":1362,"column":6},"end":{"line":1364,"column":8}},"234":{"start":{"line":1367,"column":4},"end":{"line":1367,"column":18}},"235":{"start":{"line":1369,"column":4},"end":{"line":1374,"column":7}},"236":{"start":{"line":1375,"column":4},"end":{"line":1375,"column":16}},"237":{"start":{"line":1386,"column":2},"end":{"line":1405,"column":3}},"238":{"start":{"line":1387,"column":4},"end":{"line":1387,"column":72}},"239":{"start":{"line":1389,"column":19},"end":{"line":1392,"column":6}},"240":{"start":{"line":1394,"column":4},"end":{"line":1396,"column":6}},"241":{"start":{"line":1397,"column":4},"end":{"line":1397,"column":23}},"242":{"start":{"line":1399,"column":4},"end":{"line":1403,"column":7}},"243":{"start":{"line":1404,"column":4},"end":{"line":1404,"column":16}},"244":{"start":{"line":1422,"column":2},"end":{"line":1475,"column":3}},"245":{"start":{"line":1423,"column":4},"end":{"line":1425,"column":6}},"246":{"start":{"line":1428,"column":4},"end":{"line":1434,"column":5}},"247":{"start":{"line":1433,"column":6},"end":{"line":1433,"column":71}},"248":{"start":{"line":1437,"column":19},"end":{"line":1437,"column":49}},"249":{"start":{"line":1439,"column":19},"end":{"line":1461,"column":6}},"250":{"start":{"line":1463,"column":4},"end":{"line":1465,"column":6}},"251":{"start":{"line":1466,"column":4},"end":{"line":1466,"column":18}},"252":{"start":{"line":1468,"column":4},"end":{"line":1473,"column":7}},"253":{"start":{"line":1474,"column":4},"end":{"line":1474,"column":16}},"254":{"start":{"line":1488,"column":2},"end":{"line":1511,"column":3}},"255":{"start":{"line":1489,"column":4},"end":{"line":1491,"column":6}},"256":{"start":{"line":1493,"column":19},"end":{"line":1496,"column":6}},"257":{"start":{"line":1498,"column":25},"end":{"line":1498,"column":44}},"258":{"start":{"line":1499,"column":4},"end":{"line":1501,"column":6}},"259":{"start":{"line":1503,"column":4},"end":{"line":1503,"column":28}},"260":{"start":{"line":1505,"column":4},"end":{"line":1509,"column":7}},"261":{"start":{"line":1510,"column":4},"end":{"line":1510,"column":16}},"262":{"start":{"line":1524,"column":2},"end":{"line":1547,"column":3}},"263":{"start":{"line":1525,"column":4},"end":{"line":1527,"column":6}},"264":{"start":{"line":1529,"column":19},"end":{"line":1532,"column":6}},"265":{"start":{"line":1534,"column":25},"end":{"line":1534,"column":44}},"266":{"start":{"line":1535,"column":4},"end":{"line":1537,"column":6}},"267":{"start":{"line":1539,"column":4},"end":{"line":1539,"column":28}},"268":{"start":{"line":1541,"column":4},"end":{"line":1545,"column":7}},"269":{"start":{"line":1546,"column":4},"end":{"line":1546,"column":16}},"270":{"start":{"line":1557,"column":2},"end":{"line":1586,"column":3}},"271":{"start":{"line":1558,"column":4},"end":{"line":1558,"column":75}},"272":{"start":{"line":1560,"column":19},"end":{"line":1571,"column":6}},"273":{"start":{"line":1573,"column":25},"end":{"line":1573,"column":44}},"274":{"start":{"line":1574,"column":4},"end":{"line":1576,"column":6}},"275":{"start":{"line":1578,"column":4},"end":{"line":1578,"column":28}},"276":{"start":{"line":1580,"column":4},"end":{"line":1584,"column":7}},"277":{"start":{"line":1585,"column":4},"end":{"line":1585,"column":16}},"278":{"start":{"line":1606,"column":2},"end":{"line":1674,"column":3}},"279":{"start":{"line":1607,"column":4},"end":{"line":1609,"column":6}},"280":{"start":{"line":1612,"column":4},"end":{"line":1614,"column":5}},"281":{"start":{"line":1613,"column":6},"end":{"line":1613,"column":70}},"282":{"start":{"line":1617,"column":26},"end":{"line":1617,"column":61}},"283":{"start":{"line":1618,"column":21},"end":{"line":1618,"column":51}},"284":{"start":{"line":1620,"column":19},"end":{"line":1660,"column":6}},"285":{"start":{"line":1662,"column":4},"end":{"line":1664,"column":6}},"286":{"start":{"line":1665,"column":4},"end":{"line":1665,"column":18}},"287":{"start":{"line":1667,"column":4},"end":{"line":1672,"column":7}},"288":{"start":{"line":1673,"column":4},"end":{"line":1673,"column":16}},"289":{"start":{"line":1684,"column":2},"end":{"line":1706,"column":3}},"290":{"start":{"line":1685,"column":4},"end":{"line":1685,"column":74}},"291":{"start":{"line":1687,"column":19},"end":{"line":1690,"column":6}},"292":{"start":{"line":1692,"column":4},"end":{"line":1695,"column":5}},"293":{"start":{"line":1693,"column":6},"end":{"line":1693,"column":76}},"294":{"start":{"line":1694,"column":6},"end":{"line":1694,"column":18}},"295":{"start":{"line":1697,"column":4},"end":{"line":1697,"column":76}},"296":{"start":{"line":1698,"column":4},"end":{"line":1698,"column":26}},"297":{"start":{"line":1700,"column":4},"end":{"line":1704,"column":7}},"298":{"start":{"line":1705,"column":4},"end":{"line":1705,"column":16}},"299":{"start":{"line":1716,"column":2},"end":{"line":1738,"column":3}},"300":{"start":{"line":1717,"column":4},"end":{"line":1717,"column":69}},"301":{"start":{"line":1719,"column":19},"end":{"line":1722,"column":6}},"302":{"start":{"line":1724,"column":4},"end":{"line":1727,"column":5}},"303":{"start":{"line":1725,"column":6},"end":{"line":1725,"column":71}},"304":{"start":{"line":1726,"column":6},"end":{"line":1726,"column":18}},"305":{"start":{"line":1729,"column":4},"end":{"line":1729,"column":74}},"306":{"start":{"line":1730,"column":4},"end":{"line":1730,"column":26}},"307":{"start":{"line":1732,"column":4},"end":{"line":1736,"column":7}},"308":{"start":{"line":1737,"column":4},"end":{"line":1737,"column":16}},"309":{"start":{"line":1748,"column":2},"end":{"line":1769,"column":3}},"310":{"start":{"line":1749,"column":4},"end":{"line":1749,"column":73}},"311":{"start":{"line":1751,"column":19},"end":{"line":1754,"column":6}},"312":{"start":{"line":1756,"column":25},"end":{"line":1756,"column":44}},"313":{"start":{"line":1757,"column":4},"end":{"line":1759,"column":6}},"314":{"start":{"line":1761,"column":4},"end":{"line":1761,"column":28}},"315":{"start":{"line":1763,"column":4},"end":{"line":1767,"column":7}},"316":{"start":{"line":1768,"column":4},"end":{"line":1768,"column":16}},"317":{"start":{"line":1788,"column":2},"end":{"line":1836,"column":3}},"318":{"start":{"line":1789,"column":4},"end":{"line":1791,"column":6}},"319":{"start":{"line":1795,"column":6},"end":{"line":1797,"column":55}},"320":{"start":{"line":1801,"column":6},"end":{"line":1801,"column":76}},"321":{"start":{"line":1802,"column":17},"end":{"line":1802,"column":40}},"322":{"start":{"line":1805,"column":4},"end":{"line":1808,"column":5}},"323":{"start":{"line":1806,"column":6},"end":{"line":1806,"column":29}},"324":{"start":{"line":1807,"column":6},"end":{"line":1807,"column":25}},"325":{"start":{"line":1811,"column":4},"end":{"line":1811,"column":74}},"326":{"start":{"line":1812,"column":4},"end":{"line":1812,"column":26}},"327":{"start":{"line":1814,"column":19},"end":{"line":1817,"column":6}},"328":{"start":{"line":1819,"column":4},"end":{"line":1825,"column":5}},"329":{"start":{"line":1820,"column":6},"end":{"line":1820,"column":80}},"330":{"start":{"line":1822,"column":6},"end":{"line":1824,"column":8}},"331":{"start":{"line":1827,"column":4},"end":{"line":1827,"column":18}},"332":{"start":{"line":1829,"column":4},"end":{"line":1834,"column":7}},"333":{"start":{"line":1835,"column":4},"end":{"line":1835,"column":16}},"334":{"start":{"line":1852,"column":2},"end":{"line":1911,"column":3}},"335":{"start":{"line":1853,"column":4},"end":{"line":1855,"column":6}},"336":{"start":{"line":1858,"column":4},"end":{"line":1864,"column":5}},"337":{"start":{"line":1863,"column":6},"end":{"line":1863,"column":74}},"338":{"start":{"line":1867,"column":23},"end":{"line":1867,"column":31}},"339":{"start":{"line":1870,"column":29},"end":{"line":1872,"column":12}},"340":{"start":{"line":1875,"column":19},"end":{"line":1894,"column":6}},"341":{"start":{"line":1896,"column":4},"end":{"line":1898,"column":6}},"342":{"start":{"line":1900,"column":4},"end":{"line":1903,"column":6}},"343":{"start":{"line":1905,"column":4},"end":{"line":1909,"column":7}},"344":{"start":{"line":1910,"column":4},"end":{"line":1910,"column":16}},"345":{"start":{"line":1920,"column":2},"end":{"line":1942,"column":3}},"346":{"start":{"line":1921,"column":4},"end":{"line":1921,"column":76}},"347":{"start":{"line":1923,"column":19},"end":{"line":1926,"column":6}},"348":{"start":{"line":1928,"column":4},"end":{"line":1931,"column":5}},"349":{"start":{"line":1929,"column":6},"end":{"line":1929,"column":63}},"350":{"start":{"line":1930,"column":6},"end":{"line":1930,"column":18}},"351":{"start":{"line":1933,"column":4},"end":{"line":1933,"column":65}},"352":{"start":{"line":1934,"column":4},"end":{"line":1934,"column":17}},"353":{"start":{"line":1936,"column":4},"end":{"line":1939,"column":7}},"354":{"start":{"line":1941,"column":4},"end":{"line":1941,"column":17}},"355":{"start":{"line":1951,"column":2},"end":{"line":1966,"column":3}},"356":{"start":{"line":1952,"column":4},"end":{"line":1952,"column":66}},"357":{"start":{"line":1954,"column":4},"end":{"line":1957,"column":7}},"358":{"start":{"line":1959,"column":4},"end":{"line":1959,"column":62}},"359":{"start":{"line":1961,"column":4},"end":{"line":1964,"column":7}},"360":{"start":{"line":1965,"column":4},"end":{"line":1965,"column":16}},"361":{"start":{"line":1985,"column":2},"end":{"line":2043,"column":3}},"362":{"start":{"line":1986,"column":4},"end":{"line":1988,"column":6}},"363":{"start":{"line":1991,"column":25},"end":{"line":1994,"column":5}},"364":{"start":{"line":1996,"column":4},"end":{"line":1998,"column":6}},"365":{"start":{"line":2001,"column":4},"end":{"line":2004,"column":5}},"366":{"start":{"line":2002,"column":6},"end":{"line":2002,"column":68}},"367":{"start":{"line":2003,"column":6},"end":{"line":2003,"column":44}},"368":{"start":{"line":2007,"column":24},"end":{"line":2007,"column":25}},"369":{"start":{"line":2009,"column":4},"end":{"line":2023,"column":5}},"370":{"start":{"line":2011,"column":6},"end":{"line":2013,"column":7}},"371":{"start":{"line":2012,"column":8},"end":{"line":2012,"column":17}},"372":{"start":{"line":2015,"column":27},"end":{"line":2018,"column":7}},"373":{"start":{"line":2020,"column":6},"end":{"line":2022,"column":7}},"374":{"start":{"line":2021,"column":8},"end":{"line":2021,"column":24}},"375":{"start":{"line":2025,"column":4},"end":{"line":2027,"column":6}},"376":{"start":{"line":2029,"column":4},"end":{"line":2032,"column":6}},"377":{"start":{"line":2034,"column":4},"end":{"line":2040,"column":7}},"378":{"start":{"line":2042,"column":4},"end":{"line":2042,"column":16}},"379":{"start":{"line":2053,"column":2},"end":{"line":2080,"column":3}},"380":{"start":{"line":2054,"column":4},"end":{"line":2056,"column":6}},"381":{"start":{"line":2058,"column":19},"end":{"line":2066,"column":6}},"382":{"start":{"line":2068,"column":4},"end":{"line":2070,"column":6}},"383":{"start":{"line":2072,"column":4},"end":{"line":2072,"column":29}},"384":{"start":{"line":2074,"column":4},"end":{"line":2078,"column":7}},"385":{"start":{"line":2079,"column":4},"end":{"line":2079,"column":16}},"386":{"start":{"line":2099,"column":2},"end":{"line":2165,"column":3}},"387":{"start":{"line":2100,"column":4},"end":{"line":2102,"column":6}},"388":{"start":{"line":2105,"column":4},"end":{"line":2109,"column":5}},"389":{"start":{"line":2106,"column":6},"end":{"line":2108,"column":8}},"390":{"start":{"line":2112,"column":25},"end":{"line":2112,"column":43}},"391":{"start":{"line":2113,"column":4},"end":{"line":2115,"column":5}},"392":{"start":{"line":2114,"column":6},"end":{"line":2114,"column":58}},"393":{"start":{"line":2118,"column":19},"end":{"line":2143,"column":6}},"394":{"start":{"line":2145,"column":4},"end":{"line":2147,"column":6}},"395":{"start":{"line":2149,"column":4},"end":{"line":2153,"column":6}},"396":{"start":{"line":2155,"column":4},"end":{"line":2163,"column":6}},"397":{"start":{"line":2164,"column":4},"end":{"line":2164,"column":16}},"398":{"start":{"line":2174,"column":2},"end":{"line":2200,"column":3}},"399":{"start":{"line":2175,"column":4},"end":{"line":2175,"column":70}},"400":{"start":{"line":2177,"column":19},"end":{"line":2185,"column":6}},"401":{"start":{"line":2187,"column":19},"end":{"line":2187,"column":36}},"402":{"start":{"line":2189,"column":4},"end":{"line":2189,"column":80}},"403":{"start":{"line":2191,"column":4},"end":{"line":2191,"column":18}},"404":{"start":{"line":2193,"column":4},"end":{"line":2196,"column":7}},"405":{"start":{"line":2199,"column":4},"end":{"line":2199,"column":14}},"406":{"start":{"line":2209,"column":2},"end":{"line":2237,"column":3}},"407":{"start":{"line":2210,"column":4},"end":{"line":2210,"column":73}},"408":{"start":{"line":2212,"column":19},"end":{"line":2220,"column":6}},"409":{"start":{"line":2222,"column":19},"end":{"line":2222,"column":36}},"410":{"start":{"line":2224,"column":4},"end":{"line":2226,"column":6}},"411":{"start":{"line":2228,"column":4},"end":{"line":2228,"column":18}},"412":{"start":{"line":2230,"column":4},"end":{"line":2233,"column":7}},"413":{"start":{"line":2236,"column":4},"end":{"line":2236,"column":14}},"414":{"start":{"line":2246,"column":2},"end":{"line":2274,"column":3}},"415":{"start":{"line":2247,"column":4},"end":{"line":2247,"column":71}},"416":{"start":{"line":2249,"column":19},"end":{"line":2257,"column":6}},"417":{"start":{"line":2259,"column":19},"end":{"line":2259,"column":36}},"418":{"start":{"line":2261,"column":4},"end":{"line":2263,"column":6}},"419":{"start":{"line":2265,"column":4},"end":{"line":2265,"column":18}},"420":{"start":{"line":2267,"column":4},"end":{"line":2270,"column":7}},"421":{"start":{"line":2273,"column":4},"end":{"line":2273,"column":14}},"422":{"start":{"line":2283,"column":2},"end":{"line":2311,"column":3}},"423":{"start":{"line":2284,"column":4},"end":{"line":2284,"column":76}},"424":{"start":{"line":2286,"column":19},"end":{"line":2294,"column":6}},"425":{"start":{"line":2296,"column":19},"end":{"line":2296,"column":36}},"426":{"start":{"line":2298,"column":4},"end":{"line":2300,"column":6}},"427":{"start":{"line":2302,"column":4},"end":{"line":2302,"column":18}},"428":{"start":{"line":2304,"column":4},"end":{"line":2307,"column":7}},"429":{"start":{"line":2310,"column":4},"end":{"line":2310,"column":14}},"430":{"start":{"line":2320,"column":2},"end":{"line":2348,"column":3}},"431":{"start":{"line":2321,"column":4},"end":{"line":2321,"column":76}},"432":{"start":{"line":2323,"column":19},"end":{"line":2331,"column":6}},"433":{"start":{"line":2333,"column":19},"end":{"line":2333,"column":36}},"434":{"start":{"line":2335,"column":4},"end":{"line":2337,"column":6}},"435":{"start":{"line":2339,"column":4},"end":{"line":2339,"column":18}},"436":{"start":{"line":2341,"column":4},"end":{"line":2344,"column":7}},"437":{"start":{"line":2347,"column":4},"end":{"line":2347,"column":14}},"438":{"start":{"line":2357,"column":2},"end":{"line":2387,"column":3}},"439":{"start":{"line":2358,"column":4},"end":{"line":2360,"column":6}},"440":{"start":{"line":2362,"column":19},"end":{"line":2370,"column":6}},"441":{"start":{"line":2372,"column":19},"end":{"line":2372,"column":36}},"442":{"start":{"line":2374,"column":4},"end":{"line":2376,"column":6}},"443":{"start":{"line":2378,"column":4},"end":{"line":2378,"column":18}},"444":{"start":{"line":2380,"column":4},"end":{"line":2383,"column":7}},"445":{"start":{"line":2386,"column":4},"end":{"line":2386,"column":14}},"446":{"start":{"line":2402,"column":2},"end":{"line":2450,"column":3}},"447":{"start":{"line":2403,"column":4},"end":{"line":2407,"column":7}},"448":{"start":{"line":2409,"column":19},"end":{"line":2422,"column":6}},"449":{"start":{"line":2424,"column":19},"end":{"line":2424,"column":36}},"450":{"start":{"line":2427,"column":28},"end":{"line":2432,"column":7}},"451":{"start":{"line":2427,"column":49},"end":{"line":2432,"column":5}},"452":{"start":{"line":2434,"column":4},"end":{"line":2437,"column":7}},"453":{"start":{"line":2439,"column":4},"end":{"line":2439,"column":27}},"454":{"start":{"line":2441,"column":4},"end":{"line":2446,"column":7}},"455":{"start":{"line":2449,"column":4},"end":{"line":2449,"column":14}},"456":{"start":{"line":2461,"column":2},"end":{"line":2507,"column":3}},"457":{"start":{"line":2462,"column":4},"end":{"line":2465,"column":7}},"458":{"start":{"line":2467,"column":19},"end":{"line":2479,"column":6}},"459":{"start":{"line":2481,"column":26},"end":{"line":2481,"column":43}},"460":{"start":{"line":2484,"column":29},"end":{"line":2488,"column":7}},"461":{"start":{"line":2484,"column":57},"end":{"line":2488,"column":5}},"462":{"start":{"line":2490,"column":4},"end":{"line":2494,"column":7}},"463":{"start":{"line":2496,"column":4},"end":{"line":2496,"column":28}},"464":{"start":{"line":2498,"column":4},"end":{"line":2503,"column":7}},"465":{"start":{"line":2506,"column":4},"end":{"line":2506,"column":14}},"466":{"start":{"line":2522,"column":2},"end":{"line":2568,"column":3}},"467":{"start":{"line":2523,"column":4},"end":{"line":2526,"column":7}},"468":{"start":{"line":2528,"column":19},"end":{"line":2540,"column":6}},"469":{"start":{"line":2542,"column":26},"end":{"line":2542,"column":43}},"470":{"start":{"line":2545,"column":29},"end":{"line":2549,"column":7}},"471":{"start":{"line":2545,"column":57},"end":{"line":2549,"column":5}},"472":{"start":{"line":2551,"column":4},"end":{"line":2555,"column":7}},"473":{"start":{"line":2557,"column":4},"end":{"line":2557,"column":28}},"474":{"start":{"line":2559,"column":4},"end":{"line":2564,"column":7}},"475":{"start":{"line":2567,"column":4},"end":{"line":2567,"column":14}},"476":{"start":{"line":2580,"column":2},"end":{"line":2653,"column":3}},"477":{"start":{"line":2581,"column":4},"end":{"line":2585,"column":7}},"478":{"start":{"line":2588,"column":4},"end":{"line":2591,"column":5}},"479":{"start":{"line":2589,"column":6},"end":{"line":2589,"column":72}},"480":{"start":{"line":2590,"column":6},"end":{"line":2590,"column":16}},"481":{"start":{"line":2594,"column":29},"end":{"line":2596,"column":5}},"482":{"start":{"line":2595,"column":16},"end":{"line":2595,"column":74}},"483":{"start":{"line":2598,"column":4},"end":{"line":2603,"column":5}},"484":{"start":{"line":2599,"column":6},"end":{"line":2601,"column":8}},"485":{"start":{"line":2602,"column":6},"end":{"line":2602,"column":16}},"486":{"start":{"line":2606,"column":25},"end":{"line":2606,"column":67}},"487":{"start":{"line":2606,"column":52},"end":{"line":2606,"column":55}},"488":{"start":{"line":2609,"column":16},"end":{"line":2619,"column":5}},"489":{"start":{"line":2622,"column":19},"end":{"line":2625,"column":6}},"490":{"start":{"line":2627,"column":26},"end":{"line":2627,"column":43}},"491":{"start":{"line":2630,"column":29},"end":{"line":2634,"column":7}},"492":{"start":{"line":2630,"column":57},"end":{"line":2634,"column":5}},"493":{"start":{"line":2636,"column":4},"end":{"line":2640,"column":7}},"494":{"start":{"line":2642,"column":4},"end":{"line":2642,"column":28}},"495":{"start":{"line":2644,"column":4},"end":{"line":2649,"column":7}},"496":{"start":{"line":2652,"column":4},"end":{"line":2652,"column":14}},"497":{"start":{"line":2670,"column":2},"end":{"line":2749,"column":3}},"498":{"start":{"line":2671,"column":4},"end":{"line":2676,"column":7}},"499":{"start":{"line":2679,"column":4},"end":{"line":2682,"column":5}},"500":{"start":{"line":2680,"column":6},"end":{"line":2680,"column":72}},"501":{"start":{"line":2681,"column":6},"end":{"line":2681,"column":16}},"502":{"start":{"line":2686,"column":28},"end":{"line":2688,"column":19}},"503":{"start":{"line":2687,"column":17},"end":{"line":2687,"column":40}},"504":{"start":{"line":2691,"column":25},"end":{"line":2691,"column":76}},"505":{"start":{"line":2691,"column":50},"end":{"line":2691,"column":75}},"506":{"start":{"line":2692,"column":23},"end":{"line":2692,"column":63}},"507":{"start":{"line":2694,"column":16},"end":{"line":2705,"column":5}},"508":{"start":{"line":2707,"column":4},"end":{"line":2712,"column":7}},"509":{"start":{"line":2714,"column":19},"end":{"line":2717,"column":6}},"510":{"start":{"line":2719,"column":21},"end":{"line":2719,"column":38}},"511":{"start":{"line":2722,"column":30},"end":{"line":2728,"column":7}},"512":{"start":{"line":2722,"column":53},"end":{"line":2728,"column":5}},"513":{"start":{"line":2730,"column":4},"end":{"line":2735,"column":7}},"514":{"start":{"line":2737,"column":4},"end":{"line":2737,"column":29}},"515":{"start":{"line":2739,"column":4},"end":{"line":2745,"column":7}},"516":{"start":{"line":2748,"column":4},"end":{"line":2748,"column":14}},"517":{"start":{"line":2764,"column":2},"end":{"line":2853,"column":3}},"518":{"start":{"line":2765,"column":4},"end":{"line":2769,"column":7}},"519":{"start":{"line":2772,"column":4},"end":{"line":2775,"column":5}},"520":{"start":{"line":2773,"column":6},"end":{"line":2773,"column":72}},"521":{"start":{"line":2774,"column":6},"end":{"line":2774,"column":16}},"522":{"start":{"line":2778,"column":28},"end":{"line":2780,"column":5}},"523":{"start":{"line":2779,"column":16},"end":{"line":2779,"column":74}},"524":{"start":{"line":2782,"column":4},"end":{"line":2787,"column":5}},"525":{"start":{"line":2783,"column":6},"end":{"line":2785,"column":8}},"526":{"start":{"line":2786,"column":6},"end":{"line":2786,"column":16}},"527":{"start":{"line":2792,"column":28},"end":{"line":2794,"column":19}},"528":{"start":{"line":2793,"column":17},"end":{"line":2793,"column":68}},"529":{"start":{"line":2797,"column":25},"end":{"line":2800,"column":6}},"530":{"start":{"line":2797,"column":59},"end":{"line":2800,"column":5}},"531":{"start":{"line":2801,"column":23},"end":{"line":2801,"column":47}},"532":{"start":{"line":2803,"column":16},"end":{"line":2813,"column":5}},"533":{"start":{"line":2815,"column":4},"end":{"line":2819,"column":7}},"534":{"start":{"line":2821,"column":19},"end":{"line":2824,"column":6}},"535":{"start":{"line":2826,"column":19},"end":{"line":2826,"column":36}},"536":{"start":{"line":2829,"column":28},"end":{"line":2834,"column":7}},"537":{"start":{"line":2829,"column":49},"end":{"line":2834,"column":5}},"538":{"start":{"line":2836,"column":4},"end":{"line":2840,"column":7}},"539":{"start":{"line":2842,"column":4},"end":{"line":2842,"column":27}},"540":{"start":{"line":2844,"column":4},"end":{"line":2849,"column":7}},"541":{"start":{"line":2852,"column":4},"end":{"line":2852,"column":14}},"542":{"start":{"line":2864,"column":2},"end":{"line":2953,"column":3}},"543":{"start":{"line":2865,"column":4},"end":{"line":2869,"column":7}},"544":{"start":{"line":2872,"column":4},"end":{"line":2875,"column":5}},"545":{"start":{"line":2873,"column":6},"end":{"line":2873,"column":72}},"546":{"start":{"line":2874,"column":6},"end":{"line":2874,"column":16}},"547":{"start":{"line":2878,"column":28},"end":{"line":2880,"column":5}},"548":{"start":{"line":2879,"column":16},"end":{"line":2879,"column":74}},"549":{"start":{"line":2882,"column":4},"end":{"line":2887,"column":5}},"550":{"start":{"line":2883,"column":6},"end":{"line":2885,"column":8}},"551":{"start":{"line":2886,"column":6},"end":{"line":2886,"column":16}},"552":{"start":{"line":2892,"column":28},"end":{"line":2894,"column":19}},"553":{"start":{"line":2893,"column":17},"end":{"line":2893,"column":71}},"554":{"start":{"line":2897,"column":25},"end":{"line":2900,"column":6}},"555":{"start":{"line":2897,"column":59},"end":{"line":2900,"column":5}},"556":{"start":{"line":2901,"column":23},"end":{"line":2901,"column":47}},"557":{"start":{"line":2903,"column":16},"end":{"line":2913,"column":5}},"558":{"start":{"line":2915,"column":4},"end":{"line":2919,"column":7}},"559":{"start":{"line":2921,"column":19},"end":{"line":2924,"column":6}},"560":{"start":{"line":2926,"column":20},"end":{"line":2926,"column":37}},"561":{"start":{"line":2929,"column":29},"end":{"line":2934,"column":7}},"562":{"start":{"line":2929,"column":51},"end":{"line":2934,"column":5}},"563":{"start":{"line":2936,"column":4},"end":{"line":2940,"column":7}},"564":{"start":{"line":2942,"column":4},"end":{"line":2942,"column":28}},"565":{"start":{"line":2944,"column":4},"end":{"line":2949,"column":7}},"566":{"start":{"line":2952,"column":4},"end":{"line":2952,"column":14}},"567":{"start":{"line":2964,"column":2},"end":{"line":3064,"column":3}},"568":{"start":{"line":2965,"column":4},"end":{"line":2969,"column":7}},"569":{"start":{"line":2972,"column":4},"end":{"line":2975,"column":5}},"570":{"start":{"line":2973,"column":6},"end":{"line":2973,"column":72}},"571":{"start":{"line":2974,"column":6},"end":{"line":2974,"column":16}},"572":{"start":{"line":2977,"column":4},"end":{"line":2982,"column":5}},"573":{"start":{"line":2978,"column":6},"end":{"line":2980,"column":9}},"574":{"start":{"line":2981,"column":6},"end":{"line":2981,"column":16}},"575":{"start":{"line":2985,"column":28},"end":{"line":2987,"column":5}},"576":{"start":{"line":2986,"column":16},"end":{"line":2986,"column":74}},"577":{"start":{"line":2989,"column":4},"end":{"line":2994,"column":5}},"578":{"start":{"line":2990,"column":6},"end":{"line":2992,"column":8}},"579":{"start":{"line":2993,"column":6},"end":{"line":2993,"column":16}},"580":{"start":{"line":2999,"column":28},"end":{"line":3001,"column":19}},"581":{"start":{"line":3000,"column":17},"end":{"line":3000,"column":46}},"582":{"start":{"line":3004,"column":25},"end":{"line":3006,"column":5}},"583":{"start":{"line":3005,"column":16},"end":{"line":3005,"column":41}},"584":{"start":{"line":3007,"column":23},"end":{"line":3007,"column":47}},"585":{"start":{"line":3009,"column":16},"end":{"line":3022,"column":5}},"586":{"start":{"line":3024,"column":4},"end":{"line":3028,"column":7}},"587":{"start":{"line":3030,"column":19},"end":{"line":3033,"column":6}},"588":{"start":{"line":3035,"column":24},"end":{"line":3035,"column":41}},"589":{"start":{"line":3038,"column":33},"end":{"line":3045,"column":7}},"590":{"start":{"line":3038,"column":59},"end":{"line":3045,"column":5}},"591":{"start":{"line":3047,"column":4},"end":{"line":3051,"column":7}},"592":{"start":{"line":3053,"column":4},"end":{"line":3053,"column":32}},"593":{"start":{"line":3055,"column":4},"end":{"line":3060,"column":7}},"594":{"start":{"line":3063,"column":4},"end":{"line":3063,"column":14}},"595":{"start":{"line":3081,"column":2},"end":{"line":3162,"column":3}},"596":{"start":{"line":3082,"column":4},"end":{"line":3087,"column":7}},"597":{"start":{"line":3090,"column":4},"end":{"line":3097,"column":5}},"598":{"start":{"line":3095,"column":6},"end":{"line":3095,"column":74}},"599":{"start":{"line":3096,"column":6},"end":{"line":3096,"column":16}},"600":{"start":{"line":3100,"column":35},"end":{"line":3102,"column":5}},"601":{"start":{"line":3101,"column":16},"end":{"line":3101,"column":74}},"602":{"start":{"line":3105,"column":22},"end":{"line":3105,"column":70}},"603":{"start":{"line":3106,"column":21},"end":{"line":3106,"column":41}},"604":{"start":{"line":3109,"column":4},"end":{"line":3113,"column":5}},"605":{"start":{"line":3110,"column":31},"end":{"line":3110,"column":79}},"606":{"
[...]
,"/Users/montes/AI/devcontext_local/src/services/parsing/typescriptParser.test.js": {"path":"/Users/montes/AI/devcontext_local/src/services/parsing/typescriptParser.test.js","statementMap":{"0":{"start":{"line":17,"column":2},"end":{"line":270,"column":3}},"1":{"start":{"line":19,"column":20},"end":{"line":19,"column":43}},"2":{"start":{"line":22,"column":4},"end":{"line":22,"column":53}},"3":{"start":{"line":25,"column":28},"end":{"line":25,"column":56}},"4":{"start":{"line":26,"column":4},"end":{"line":26,"column":67}},"5":{"start":{"line":29,"column":27},"end":{"line":99,"column":5}},"6":{"start":{"line":102,"column":21},"end":{"line":102,"column":63}},"7":{"start":{"line":104,"column":4},"end":{"line":107,"column":5}},"8":{"start":{"line":105,"column":6},"end":{"line":105,"column":54}},"9":{"start":{"line":106,"column":6},"end":{"line":106,"column":13}},"10":{"start":{"line":109,"column":19},"end":{"line":109,"column":49}},"11":{"start":{"line":111,"column":4},"end":{"line":111,"column":74}},"12":{"start":{"line":114,"column":4},"end":{"line":114,"column":42}},"13":{"start":{"line":115,"column":4},"end":{"line":122,"column":5}},"14":{"start":{"line":115,"column":17},"end":{"line":115,"column":18}},"15":{"start":{"line":116,"column":20},"end":{"line":116,"column":49}},"16":{"start":{"line":117,"column":6},"end":{"line":121,"column":8}},"17":{"start":{"line":125,"column":40},"end":{"line":128,"column":5}},"18":{"start":{"line":131,"column":4},"end":{"line":131,"column":76}},"19":{"start":{"line":134,"column":4},"end":{"line":134,"column":51}},"20":{"start":{"line":135,"column":4},"end":{"line":139,"column":7}},"21":{"start":{"line":136,"column":6},"end":{"line":138,"column":8}},"22":{"start":{"line":142,"column":28},"end":{"line":142,"column":30}},"23":{"start":{"line":144,"column":4},"end":{"line":150,"column":7}},"24":{"start":{"line":145,"column":19},"end":{"line":145,"column":37}},"25":{"start":{"line":146,"column":6},"end":{"line":148,"column":7}},"26":{"start":{"line":147,"column":8},"end":{"line":147,"column":35}},"27":{"start":{"line":149,"column":6},"end":{"line":149,"column":41}},"28":{"start":{"line":153,"column":4},"end":{"line":153,"column":43}},"29":{"start":{"line":154,"column":4},"end":{"line":156,"column":5}},"30":{"start":{"line":155,"column":6},"end":{"line":155,"column":51}},"31":{"start":{"line":159,"column":4},"end":{"line":193,"column":5}},"32":{"start":{"line":160,"column":6},"end":{"line":160,"column":62}},"33":{"start":{"line":162,"column":6},"end":{"line":192,"column":9}},"34":{"start":{"line":163,"column":8},"end":{"line":163,"column":52}},"35":{"start":{"line":164,"column":8},"end":{"line":164,"column":73}},"36":{"start":{"line":167,"column":8},"end":{"line":180,"column":9}},"37":{"start":{"line":168,"column":10},"end":{"line":168,"column":38}},"38":{"start":{"line":169,"column":10},"end":{"line":179,"column":11}},"39":{"start":{"line":170,"column":12},"end":{"line":178,"column":13}},"40":{"start":{"line":171,"column":14},"end":{"line":171,"column":43}},"41":{"start":{"line":172,"column":19},"end":{"line":178,"column":13}},"42":{"start":{"line":177,"column":14},"end":{"line":177,"column":53}},"43":{"start":{"line":183,"column":31},"end":{"line":185,"column":32}},"44":{"start":{"line":186,"column":8},"end":{"line":190,"column":10}},"45":{"start":{"line":191,"column":8},"end":{"line":191,"column":27}},"46":{"start":{"line":196,"column":4},"end":{"line":198,"column":6}},"47":{"start":{"line":201,"column":33},"end":{"line":201,"column":35}},"48":{"start":{"line":202,"column":4},"end":{"line":208,"column":7}},"49":{"start":{"line":203,"column":19},"end":{"line":203,"column":49}},"50":{"start":{"line":204,"column":6},"end":{"line":206,"column":7}},"51":{"start":{"line":205,"column":8},"end":{"line":205,"column":40}},"52":{"start":{"line":207,"column":6},"end":{"line":207,"column":52}},"53":{"start":{"line":211,"column":4},"end":{"line":211,"column":49}},"54":{"start":{"line":212,"column":4},"end":{"line":214,"column":5}},"55":{"start":{"line":213,"column":6},"end":{"line":213,"column":47}},"56":{"start":{"line":217,"column":36},"end":{"line":221,"column":5}},"57":{"start":{"line":223,"column":4},"end":{"line":263,"column":5}},"58":{"start":{"line":224,"column":32},"end":{"line":224,"column":67}},"59":{"start":{"line":226,"column":6},"end":{"line":262,"column":7}},"60":{"start":{"line":227,"column":8},"end":{"line":229,"column":10}},"61":{"start":{"line":231,"column":8},"end":{"line":261,"column":11}},"62":{"start":{"line":233,"column":31},"end":{"line":235,"column":11}},"63":{"start":{"line":234,"column":19},"end":{"line":234,"column":48}},"64":{"start":{"line":236,"column":29},"end":{"line":236,"column":73}},"65":{"start":{"line":238,"column":10},"end":{"line":240,"column":12}},"66":{"start":{"line":243,"column":10},"end":{"line":258,"column":11}},"67":{"start":{"line":244,"column":12},"end":{"line":244,"column":40}},"68":{"start":{"line":245,"column":12},"end":{"line":257,"column":13}},"69":{"start":{"line":246,"column":14},"end":{"line":256,"column":15}},"70":{"start":{"line":247,"column":16},"end":{"line":247,"column":45}},"71":{"start":{"line":248,"column":21},"end":{"line":256,"column":15}},"72":{"start":{"line":249,"column":16},"end":{"line":249,"column":71}},"73":{"start":{"line":250,"column":21},"end":{"line":256,"column":15}},"74":{"start":{"line":255,"column":16},"end":{"line":255,"column":55}},"75":{"start":{"line":260,"column":10},"end":{"line":260,"column":29}},"76":{"start":{"line":265,"column":4},"end":{"line":265,"column":66}},"77":{"start":{"line":267,"column":4},"end":{"line":269,"column":7}},"78":{"start":{"line":274,"column":0},"end":{"line":274,"column":23}}},"fnMap":{"0":{"name":"testTypeScriptParser","decl":{"start":{"line":16,"column":15},"end":{"line":16,"column":35}},"loc":{"start":{"line":16,"column":38},"end":{"line":271,"column":1}},"line":16},"1":{"name":"(anonymous_1)","decl":{"start":{"line":135,"column":21},"end":{"line":135,"column":22}},"loc":{"start":{"line":135,"column":40},"end":{"line":139,"column":5}},"line":135},"2":{"name":"(anonymous_2)","decl":{"start":{"line":144,"column":21},"end":{"line":144,"column":22}},"loc":{"start":{"line":144,"column":33},"end":{"line":150,"column":5}},"line":144},"3":{"name":"(anonymous_3)","decl":{"start":{"line":162,"column":27},"end":{"line":162,"column":28}},"loc":{"start":{"line":162,"column":46},"end":{"line":192,"column":7}},"line":162},"4":{"name":"(anonymous_4)","decl":{"start":{"line":202,"column":26},"end":{"line":202,"column":27}},"loc":{"start":{"line":202,"column":44},"end":{"line":208,"column":5}},"line":202},"5":{"name":"(anonymous_5)","decl":{"start":{"line":231,"column":34},"end":{"line":231,"column":35}},"loc":{"start":{"line":231,"column":50},"end":{"line":261,"column":9}},"line":231},"6":{"name":"(anonymous_6)","decl":{"start":{"line":234,"column":12},"end":{"line":234,"column":13}},"loc":{"start":{"line":234,"column":19},"end":{"line":234,"column":48}},"line":234}},"branchMap":{"0":{"loc":{"start":{"line":104,"column":4},"end":{"line":107,"column":5}},"type":"if","locations":[{"start":{"line":104,"column":4},"end":{"line":107,"column":5}},{"start":{},"end":{}}],"line":104},"1":{"loc":{"start":{"line":120,"column":35},"end":{"line":120,"column":70}},"type":"cond-expr","locations":[{"start":{"line":120,"column":60},"end":{"line":120,"column":65}},{"start":{"line":120,"column":68},"end":{"line":120,"column":70}}],"line":120},"2":{"loc":{"start":{"line":146,"column":6},"end":{"line":148,"column":7}},"type":"if","locations":[{"start":{"line":146,"column":6},"end":{"line":148,"column":7}},{"start":{},"end":{}}],"line":146},"3":{"loc":{"start":{"line":167,"column":8},"end":{"line":180,"column":9}},"type":"if","locations":[{"start":{"line":167,"column":8},"end":{"line":180,"column":9}},{"start":{},"end":{}}],"line":167},"4":{"loc":{"start":{"line":170,"column":12},"end":{"line":178,"column":13}},"type":"if","locations":[{"start":{"line":170,"column":12},"end":{"line":178,"column":13}},{"start":{"line":172,"column":19},"end":{"line":178,"column":13}}],"line":170},"5":{"loc":{"start":{"line":172,"column":19},"end":{"line":178,"column":13}},"type":"if","locations":[{"start":{"line":172,"column":19},"end":{"line":178,"column":13}},{"start":{},"end":{}}],"line":172},"6":{"loc":{"start":{"line":173,"column":14},"end":{"line":175,"column":28}},"type":"binary-expr","locations":[{"start":{"line":173,"column":14},"end":{"line":173,"column":29}},{"start":{"line":174,"column":14},"end":{"line":174,"column":33}},{"start":{"line":175,"column":14},"end":{"line":175,"column":28}}],"line":173},"7":{"loc":{"start":{"line":188,"column":12},"end":{"line":188,"column":55}},"type":"cond-expr","locations":[{"start":{"line":188,"column":45},"end":{"line":188,"column":50}},{"start":{"line":188,"column":53},"end":{"line":188,"column":55}}],"line":188},"8":{"loc":{"start":{"line":204,"column":6},"end":{"line":206,"column":7}},"type":"if","locations":[{"start":{"line":204,"column":6},"end":{"line":206,"column":7}},{"start":{},"end":{}}],"line":204},"9":{"loc":{"start":{"line":224,"column":32},"end":{"line":224,"column":67}},"type":"binary-expr","locations":[{"start":{"line":224,"column":32},"end":{"line":224,"column":61}},{"start":{"line":224,"column":65},"end":{"line":224,"column":67}}],"line":224},"10":{"loc":{"start":{"line":226,"column":6},"end":{"line":262,"column":7}},"type":"if","locations":[{"start":{"line":226,"column":6},"end":{"line":262,"column":7}},{"start":{},"end":{}}],"line":226},"11":{"loc":{"start":{"line":236,"column":29},"end":{"line":236,"column":73}},"type":"cond-expr","locations":[{"start":{"line":236,"column":44},"end":{"line":236,"column":61}},{"start":{"line":236,"column":64},"end":{"line":236,"column":73}}],"line":236},"12":{"loc":{"start":{"line":243,"column":10},"end":{"line":258,"column":11}},"type":"if","locations":[{"start":{"line":243,"column":10},"end":{"line":258,"column":11}},{"start":{},"end":{}}],"line":243},"13":{"loc":{"start":{"line":246,"column":14},"end":{"line":256,"column":15}},"type":"if","locations":[{"start":{"line":246,"column":14},"end":{"line":256,"column":15}},{"start":{"line":248,"column":21},"end":{"line":256,"column":15}}],"line":246},"14":{"loc":{"start":{"line":248,"column":21},"end":{"line":256,"column":15}},"type":"if","locations":[{"start":{"line":248,"column":21},"end":{"line":256,"column":15}},{"start":{"line":250,"column":21},"end":{"line":256,"column":15}}],"line":248},"15":{"loc":{"start":{"line":250,"column":21},"end":{"line":256,"column":15}},"type":"if","locations":[{"start":{"line":250,"column":21},"end":{"line":256,"column":15}},{"start":{},"end":{}}],"line":250},"16":{"loc":{"start":{"line":251,"column":16},"end":{"line":253,"column":30}},"type":"binary-expr","locations":[{"start":{"line":251,"column":16},"end":{"line":251,"column":31}},{"start":{"line":252,"column":16},"end":{"line":252,"column":35}},{"start":{"line":253,"column":16},"end":{"line":253,"column":30}}],"line":251}},"s":{"0":0,"1":0,"2":0,"3":0,"4":0,"5":0,"6":0,"7":0,"8":0,"9":0,"10":0,"11":0,"12":0,"13":0,"14":0,"15":0,"16":0,"17":0,"18":0,"19":0,"20":0,"21":0,"22":0,"23":0,"24":0,"25":0,"26":0,"27":0,"28":0,"29":0,"30":0,"31":0,"32":0,"33":0,"34":0,"35":0,"36":0,"37":0,"38":0,"39":0,"40":0,"41":0,"42":0,"43":0,"44":0,"45":0,"46":0,"47":0,"48":0,"49":0,"50":0,"51":0,"52":0,"53":0,"54":0,"55":0,"56":0,"57":0,"58":0,"59":0,"60":0,"61":0,"62":0,"63":0,"64":0,"65":0,"66":0,"67":0,"68":0,"69":0,"70":0,"71":0,"72":0,"73":0,"74":0,"75":0,"76":0,"77":0,"78":0},"f":{"0":0,"1":0,"2":0,"3":0,"4":0,"5":0,"6":0},"b":{"0":[0,0],"1":[0,0],"2":[0,0],"3":[0,0],"4":[0,0],"5":[0,0],"6":[0,0,0],"7":[0,0],"8":[0,0],"9":[0,0],"10":[0,0],"11":[0,0],"12":[0,0],"13":[0,0],"14":[0,0],"15":[0,0],"16":[0,0,0]}}
,"/Users/montes/AI/devcontext_local/src/utils/errors.js": {"path":"/Users/montes/AI/devcontext_local/src/utils/errors.js","statementMap":{"0":{"start":{"line":16,"column":4},"end":{"line":16,"column":19}},"1":{"start":{"line":17,"column":4},"end":{"line":17,"column":33}},"2":{"start":{"line":18,"column":4},"end":{"line":18,"column":47}},"3":{"start":{"line":32,"column":4},"end":{"line":32,"column":19}},"4":{"start":{"line":33,"column":4},"end":{"line":33,"column":34}}},"fnMap":{"0":{"name":"(anonymous_0)","decl":{"start":{"line":15,"column":2},"end":{"line":15,"column":3}},"loc":{"start":{"line":15,"column":42},"end":{"line":19,"column":3}},"line":15},"1":{"name":"(anonymous_1)","decl":{"start":{"line":31,"column":2},"end":{"line":31,"column":3}},"loc":{"start":{"line":31,"column":23},"end":{"line":34,"column":3}},"line":31}},"branchMap":{},"s":{"0":0,"1":0,"2":0,"3":0,"4":0},"f":{"0":0,"1":0},"b":{}}
,"/Users/montes/AI/devcontext_local/src/utils/logger.js": {"path":"/Users/montes/AI/devcontext_local/src/utils/logger.js","statementMap":{"0":{"start":{"line":9,"column":19},"end":{"line":14,"column":1}},"1":{"start":{"line":17,"column":27},"end":{"line":20,"column":1}},"2":{"start":{"line":18,"column":19},"end":{"line":18,"column":65}},"3":{"start":{"line":19,"column":2},"end":{"line":19,"column":64}},"4":{"start":{"line":27,"column":18},"end":{"line":31,"column":1}},"5":{"start":{"line":28,"column":23},"end":{"line":28,"column":55}},"6":{"start":{"line":29,"column":22},"end":{"line":29,"column":39}},"7":{"start":{"line":30,"column":2},"end":{"line":30,"column":37}},"8":{"start":{"line":38,"column":23},"end":{"line":46,"column":1}},"9":{"start":{"line":39,"column":2},"end":{"line":44,"column":3}},"10":{"start":{"line":40,"column":4},"end":{"line":43,"column":6}},"11":{"start":{"line":45,"column":2},"end":{"line":45,"column":21}},"12":{"start":{"line":53,"column":23},"end":{"line":66,"column":1}},"13":{"start":{"line":54,"column":2},"end":{"line":54,"column":33}},"14":{"start":{"line":54,"column":16},"end":{"line":54,"column":33}},"15":{"start":{"line":56,"column":2},"end":{"line":63,"column":3}},"16":{"start":{"line":57,"column":4},"end":{"line":62,"column":6}},"17":{"start":{"line":65,"column":2},"end":{"line":65,"column":17}},"18":{"start":{"line":74,"column":12},"end":{"line":89,"column":1}},"19":{"start":{"line":75,"column":2},"end":{"line":75,"column":32}},"20":{"start":{"line":75,"column":25},"end":{"line":75,"column":32}},"21":{"start":{"line":77,"column":27},"end":{"line":77,"column":50}},"22":{"start":{"line":78,"column":27},"end":{"line":78,"column":50}},"23":{"start":{"line":80,"column":20},"end":{"line":85,"column":3}},"24":{"start":{"line":88,"column":2},"end":{"line":88,"column":57}},"25":{"start":{"line":94,"column":15},"end":{"line":122,"column":1}},"26":{"start":{"line":100,"column":31},"end":{"line":100,"column":61}},"27":{"start":{"line":107,"column":30},"end":{"line":107,"column":59}},"28":{"start":{"line":114,"column":30},"end":{"line":114,"column":59}},"29":{"start":{"line":121,"column":31},"end":{"line":121,"column":61}}},"fnMap":{"0":{"name":"(anonymous_0)","decl":{"start":{"line":17,"column":27},"end":{"line":17,"column":28}},"loc":{"start":{"line":17,"column":33},"end":{"line":20,"column":1}},"line":17},"1":{"name":"(anonymous_1)","decl":{"start":{"line":27,"column":18},"end":{"line":27,"column":19}},"loc":{"start":{"line":27,"column":29},"end":{"line":31,"column":1}},"line":27},"2":{"name":"(anonymous_2)","decl":{"start":{"line":38,"column":23},"end":{"line":38,"column":24}},"loc":{"start":{"line":38,"column":36},"end":{"line":46,"column":1}},"line":38},"3":{"name":"(anonymous_3)","decl":{"start":{"line":53,"column":23},"end":{"line":53,"column":24}},"loc":{"start":{"line":53,"column":36},"end":{"line":66,"column":1}},"line":53},"4":{"name":"(anonymous_4)","decl":{"start":{"line":74,"column":12},"end":{"line":74,"column":13}},"loc":{"start":{"line":74,"column":41},"end":{"line":89,"column":1}},"line":74},"5":{"name":"(anonymous_5)","decl":{"start":{"line":100,"column":9},"end":{"line":100,"column":10}},"loc":{"start":{"line":100,"column":31},"end":{"line":100,"column":61}},"line":100},"6":{"name":"(anonymous_6)","decl":{"start":{"line":107,"column":8},"end":{"line":107,"column":9}},"loc":{"start":{"line":107,"column":30},"end":{"line":107,"column":59}},"line":107},"7":{"name":"(anonymous_7)","decl":{"start":{"line":114,"column":8},"end":{"line":114,"column":9}},"loc":{"start":{"line":114,"column":30},"end":{"line":114,"column":59}},"line":114},"8":{"name":"(anonymous_8)","decl":{"start":{"line":121,"column":9},"end":{"line":121,"column":10}},"loc":{"start":{"line":121,"column":31},"end":{"line":121,"column":61}},"line":121}},"branchMap":{"0":{"loc":{"start":{"line":18,"column":19},"end":{"line":18,"column":65}},"type":"binary-expr","locations":[{"start":{"line":18,"column":19},"end":{"line":18,"column":55}},{"start":{"line":18,"column":59},"end":{"line":18,"column":65}}],"line":18},"1":{"loc":{"start":{"line":19,"column":9},"end":{"line":19,"column":63}},"type":"cond-expr","locations":[{"start":{"line":19,"column":46},"end":{"line":19,"column":54}},{"start":{"line":19,"column":57},"end":{"line":19,"column":63}}],"line":19},"2":{"loc":{"start":{"line":39,"column":2},"end":{"line":44,"column":3}},"type":"if","locations":[{"start":{"line":39,"column":2},"end":{"line":44,"column":3}},{"start":{},"end":{}}],"line":39},"3":{"loc":{"start":{"line":54,"column":2},"end":{"line":54,"column":33}},"type":"if","locations":[{"start":{"line":54,"column":2},"end":{"line":54,"column":33}},{"start":{},"end":{}}],"line":54},"4":{"loc":{"start":{"line":56,"column":2},"end":{"line":63,"column":3}},"type":"if","locations":[{"start":{"line":56,"column":2},"end":{"line":63,"column":3}},{"start":{},"end":{}}],"line":56},"5":{"loc":{"start":{"line":75,"column":2},"end":{"line":75,"column":32}},"type":"if","locations":[{"start":{"line":75,"column":2},"end":{"line":75,"column":32}},{"start":{},"end":{}}],"line":75},"6":{"loc":{"start":{"line":84,"column":8},"end":{"line":84,"column":61}},"type":"cond-expr","locations":[{"start":{"line":84,"column":27},"end":{"line":84,"column":56}},{"start":{"line":84,"column":59},"end":{"line":84,"column":61}}],"line":84}},"s":{"0":0,"1":0,"2":0,"3":0,"4":0,"5":0,"6":0,"7":0,"8":0,"9":0,"10":0,"11":0,"12":0,"13":0,"14":0,"15":0,"16":0,"17":0,"18":0,"19":0,"20":0,"21":0,"22":0,"23":0,"24":0,"25":0,"26":0,"27":0,"28":0,"29":0},"f":{"0":0,"1":0,"2":0,"3":0,"4":0,"5":0,"6":0,"7":0,"8":0},"b":{"0":[0,0],"1":[0,0],"2":[0,0],"3":[0,0],"4":[0,0],"5":[0,0],"6":[0,0]}}
}
