TN:
SF:src/config.js
FN:22,(anonymous_0)
FN:35,(anonymous_1)
FN:48,(anonymous_2)
FN:57,(anonymous_3)
FN:58,(anonymous_4)
FN:66,(anonymous_5)
FN:84,(anonymous_6)
FN:110,(anonymous_7)
FN:184,(anonymous_8)
FNF:9
FNH:0
FNDA:0,(anonymous_0)
FNDA:0,(anonymous_1)
FNDA:0,(anonymous_2)
FNDA:0,(anonymous_3)
FNDA:0,(anonymous_4)
FNDA:0,(anonymous_5)
FNDA:0,(anonymous_6)
FNDA:0,(anonymous_7)
FNDA:0,(anonymous_8)
DA:15,0
DA:22,0
DA:23,0
DA:24,0
DA:25,0
DA:27,0
DA:35,0
DA:36,0
DA:37,0
DA:38,0
DA:40,0
DA:48,0
DA:49,0
DA:51,0
DA:55,0
DA:57,0
DA:58,0
DA:66,0
DA:68,0
DA:71,0
DA:73,0
DA:77,0
DA:84,0
DA:86,0
DA:89,0
DA:90,0
DA:91,0
DA:92,0
DA:99,0
DA:110,0
DA:111,0
DA:113,0
DA:116,0
DA:118,0
DA:124,0
DA:132,0
DA:140,0
DA:145,0
DA:185,0
DA:194,0
DA:208,0
DA:239,0
DA:252,0
DA:358,0
DA:391,0
DA:397,0
DA:398,0
LF:47
LH:0
BRDA:24,0,0,0
BRDA:24,0,1,0
BRDA:24,1,0,0
BRDA:24,1,1,0
BRDA:37,2,0,0
BRDA:37,2,1,0
BRDA:37,3,0,0
BRDA:37,3,1,0
BRDA:49,4,0,0
BRDA:49,4,1,0
BRDA:49,5,0,0
BRDA:49,5,1,0
BRDA:71,6,0,0
BRDA:71,6,1,0
BRDA:71,7,0,0
BRDA:71,7,1,0
BRDA:89,8,0,0
BRDA:89,8,1,0
BRDA:91,9,0,0
BRDA:91,9,1,0
BRDA:91,10,0,0
BRDA:91,10,1,0
BRDA:152,11,0,0
BRDA:152,11,1,0
BRDA:162,12,0,0
BRDA:162,12,1,0
BRDA:169,13,0,0
BRDA:169,13,1,0
BRDA:170,14,0,0
BRDA:170,14,1,0
BRDA:173,15,0,0
BRDA:173,15,1,0
BRDA:174,16,0,0
BRDA:174,16,1,0
BRDA:175,17,0,0
BRDA:175,17,1,0
BRDA:177,18,0,0
BRDA:177,18,1,0
BRDA:181,19,0,0
BRDA:181,19,1,0
BRDA:361,20,0,0
BRDA:361,20,1,0
BRDA:362,21,0,0
BRDA:362,21,1,0
BRDA:363,22,0,0
BRDA:363,22,1,0
BRDA:367,23,0,0
BRDA:367,23,1,0
BRDA:397,24,0,0
BRDA:397,24,1,0
BRF:50
BRH:0
end_of_record
TN:
SF:src/main.js
FN:35,startServer
FN:233,(anonymous_1)
FN:246,(anonymous_2)
FN:281,(anonymous_3)
FN:290,(anonymous_4)
FNF:5
FNH:0
FNDA:0,startServer
FNDA:0,(anonymous_1)
FNDA:0,(anonymous_2)
FNDA:0,(anonymous_3)
FNDA:0,(anonymous_4)
DA:36,0
DA:38,0
DA:41,0
DA:43,0
DA:45,0
DA:54,0
DA:58,0
DA:61,0
DA:64,0
DA:65,0
DA:66,0
DA:67,0
DA:70,0
DA:80,0
DA:84,0
DA:85,0
DA:86,0
DA:87,0
DA:90,0
DA:96,0
DA:100,0
DA:101,0
DA:102,0
DA:103,0
DA:104,0
DA:108,0
DA:109,0
DA:113,0
DA:120,0
DA:124,0
DA:128,0
DA:129,0
DA:130,0
DA:133,0
DA:136,0
DA:138,0
DA:141,0
DA:145,0
DA:151,0
DA:152,0
DA:153,0
DA:158,0
DA:161,0
DA:167,0
DA:170,0
DA:174,0
DA:180,0
DA:181,0
DA:184,0
DA:190,0
DA:196,0
DA:202,0
DA:209,0
DA:218,0
DA:219,0
DA:220,0
DA:223,0
DA:230,0
DA:234,0
DA:238,0
DA:243,0
DA:247,0
DA:251,0
DA:254,0
DA:256,0
DA:257,0
DA:260,0
DA:266,0
DA:270,0
DA:276,0
DA:281,0
DA:282,0
DA:286,0
DA:290,0
DA:291,0
DA:295,0
DA:299,0
LF:77
LH:0
BRDA:43,0,0,0
BRDA:43,0,1,0
BRDA:49,1,0,0
BRDA:49,1,1,0
BRDA:73,2,0,0
BRDA:73,2,1,0
BRDA:74,3,0,0
BRDA:74,3,1,0
BRDA:103,4,0,0
BRDA:103,4,1,0
BRDA:108,5,0,0
BRDA:108,5,1,0
BRDA:186,6,0,0
BRDA:186,6,1,0
BRDA:292,7,0,0
BRDA:292,7,1,0
BRDA:293,8,0,0
BRDA:293,8,1,0
BRF:18
BRH:0
end_of_record
TN:
SF:src/db/client.js
FN:15,(anonymous_0)
FNF:1
FNH:0
FNDA:0,(anonymous_0)
DA:15,0
DA:16,0
DA:18,0
DA:20,0
DA:21,0
DA:22,0
DA:24,0
DA:25,0
LF:8
LH:0
BRF:0
BRH:0
end_of_record
TN:
SF:src/db/connectionFactory.js
FN:17,(anonymous_0)
FN:44,(anonymous_1)
FN:84,(anonymous_2)
FN:119,(anonymous_3)
FNF:4
FNH:0
FNDA:0,(anonymous_0)
FNDA:0,(anonymous_1)
FNDA:0,(anonymous_2)
FNDA:0,(anonymous_3)
DA:17,0
DA:18,0
DA:20,0
DA:22,0
DA:23,0
DA:24,0
DA:25,0
DA:26,0
DA:28,0
DA:31,0
DA:35,0
DA:44,0
DA:45,0
DA:47,0
DA:50,0
DA:51,0
DA:58,0
DA:63,0
DA:64,0
DA:65,0
DA:67,0
DA:71,0
DA:72,0
DA:76,0
DA:84,0
DA:85,0
DA:87,0
DA:90,0
DA:91,0
DA:95,0
DA:100,0
DA:105,0
DA:106,0
DA:111,0
DA:119,0
DA:120,0
DA:121,0
DA:124,0
DA:126,0
DA:127,0
DA:128,0
DA:130,0
DA:133,0
DA:137,0
LF:44
LH:0
BRDA:23,0,0,0
BRDA:23,0,1,0
BRDA:25,1,0,0
BRDA:25,1,1,0
BRDA:50,2,0,0
BRDA:50,2,1,0
BRDA:63,3,0,0
BRDA:63,3,1,0
BRDA:90,4,0,0
BRDA:90,4,1,0
BRDA:95,5,0,0
BRDA:95,5,1,0
BRDA:126,6,0,0
BRDA:126,6,1,0
BRDA:126,7,0,0
BRDA:126,7,1,0
BRDA:126,7,2,0
BRF:17
BRH:0
end_of_record
TN:
SF:src/db/queries.js
FN:16,setupGitCommitsTable
FN:53,setupGitCommitFilesTable
FN:95,setupCodeEntitiesTable
FN:215,setupProjectDocumentsTable
FN:322,setupCodeRelationshipsTable
FN:375,setupEntityKeywordsTable
FN:429,setupConversationHistoryTable
FN:468,setupConversationTopicsTable
FN:511,setupBackgroundAiJobsTable
FN:573,setupSystemMetadataTable
FN:612,getLastProcessedCommitOid
FN:644,setLastProcessedCommitOid
FN:675,addGitCommit
FN:724,addGitCommitFile
FN:791,addBackgroundAiJob
FN:841,cancelBackgroundAiJobsForEntity
FN:882,fetchPendingAiJobs
FN:919,updateAiJobStatusAndAttempts
FN:977,updateEntityAiStatusForJobTarget
FN:1058,initializeDatabaseSchema
FN:1151,addOrUpdateCodeEntity
FN:1255,getCodeEntityById
FN:1287,deleteCodeEntitiesByFilePath
FN:1321,updateCodeEntityAiStatus
FN:1385,getCodeEntitiesByFilePath
FN:1421,addCodeRelationship
FN:1484,deleteCodeRelationshipsBySourceEntityId
FN:1520,deleteCodeRelationshipsByTargetEntityId
FN:1556,deleteCodeRelationshipsByFilePath
FN:1605,addOrUpdateProjectDocument
FN:1683,getProjectDocumentByFilePath
FN:1715,getProjectDocumentById
FN:1747,deleteProjectDocumentByFilePath
FN:1781,updateProjectDocumentAiStatus
FN:1851,logConversationMessage
FN:1919,hasInitialScanBeenCompleted
FN:1950,markInitialScanCompleted
FN:1979,addEntityKeywords
FN:2052,getFullConversationHistory
FN:2098,addConversationTopic
FN:2173,getCodeEntityCountsByLanguage
FN:2208,getCodeEntityCountsByType
FN:2245,getCodeEntityCountsByAiStatus
FN:2282,getProjectDocumentCountsByType
FN:2319,getProjectDocumentCountsByAiStatus
FN:2356,getCodeRelationshipCountsByType
FN:2397,getRecentConversationTopics
FN:2427,(anonymous_47)
FN:2460,searchCodeEntitiesFts
FN:2484,(anonymous_49)
FN:2517,searchProjectDocumentsFts
FN:2545,(anonymous_51)
FN:2579,searchEntityKeywords
FN:2595,(anonymous_53)
FN:2606,(anonymous_54)
FN:2630,(anonymous_55)
FN:2664,searchConversationHistoryByTerms
FN:2687,(anonymous_57)
FN:2691,(anonymous_58)
FN:2722,(anonymous_59)
FN:2759,searchConversationTopicsByTerms
FN:2779,(anonymous_61)
FN:2793,(anonymous_62)
FN:2797,(anonymous_63)
FN:2829,(anonymous_64)
FN:2863,searchGitCommitsByTerms
FN:2879,(anonymous_66)
FN:2893,(anonymous_67)
FN:2897,(anonymous_68)
FN:2929,(anonymous_69)
FN:2963,searchGitCommitFilesByTerms
FN:2986,(anonymous_71)
FN:3000,(anonymous_72)
FN:3005,(anonymous_73)
FN:3038,(anonymous_74)
FN:3075,getRelationshipsForEntity
FN:3101,(anonymous_76)
FN:3110,(anonymous_77)
FNF:78
FNH:0
FNDA:0,setupGitCommitsTable
FNDA:0,setupGitCommitFilesTable
FNDA:0,setupCodeEntitiesTable
FNDA:0,setupProjectDocumentsTable
FNDA:0,setupCodeRelationshipsTable
FNDA:0,setupEntityKeywordsTable
FNDA:0,setupConversationHistoryTable
FNDA:0,setupConversationTopicsTable
FNDA:0,setupBackgroundAiJobsTable
FNDA:0,setupSystemMetadataTable
FNDA:0,getLastProcessedCommitOid
FNDA:0,setLastProcessedCommitOid
FNDA:0,addGitCommit
FNDA:0,addGitCommitFile
FNDA:0,addBackgroundAiJob
FNDA:0,cancelBackgroundAiJobsForEntity
FNDA:0,fetchPendingAiJobs
FNDA:0,updateAiJobStatusAndAttempts
FNDA:0,updateEntityAiStatusForJobTarget
FNDA:0,initializeDatabaseSchema
FNDA:0,addOrUpdateCodeEntity
FNDA:0,getCodeEntityById
FNDA:0,deleteCodeEntitiesByFilePath
FNDA:0,updateCodeEntityAiStatus
FNDA:0,getCodeEntitiesByFilePath
FNDA:0,addCodeRelationship
FNDA:0,deleteCodeRelationshipsBySourceEntityId
FNDA:0,deleteCodeRelationshipsByTargetEntityId
FNDA:0,deleteCodeRelationshipsByFilePath
FNDA:0,addOrUpdateProjectDocument
FNDA:0,getProjectDocumentByFilePath
FNDA:0,getProjectDocumentById
FNDA:0,deleteProjectDocumentByFilePath
FNDA:0,updateProjectDocumentAiStatus
FNDA:0,logConversationMessage
FNDA:0,hasInitialScanBeenCompleted
FNDA:0,markInitialScanCompleted
FNDA:0,addEntityKeywords
FNDA:0,getFullConversationHistory
FNDA:0,addConversationTopic
FNDA:0,getCodeEntityCountsByLanguage
FNDA:0,getCodeEntityCountsByType
FNDA:0,getCodeEntityCountsByAiStatus
FNDA:0,getProjectDocumentCountsByType
FNDA:0,getProjectDocumentCountsByAiStatus
FNDA:0,getCodeRelationshipCountsByType
FNDA:0,getRecentConversationTopics
FNDA:0,(anonymous_47)
FNDA:0,searchCodeEntitiesFts
FNDA:0,(anonymous_49)
FNDA:0,searchProjectDocumentsFts
FNDA:0,(anonymous_51)
FNDA:0,searchEntityKeywords
FNDA:0,(anonymous_53)
FNDA:0,(anonymous_54)
FNDA:0,(anonymous_55)
FNDA:0,searchConversationHistoryByTerms
FNDA:0,(anonymous_57)
FNDA:0,(anonymous_58)
FNDA:0,(anonymous_59)
FNDA:0,searchConversationTopicsByTerms
FNDA:0,(anonymous_61)
FNDA:0,(anonymous_62)
FNDA:0,(anonymous_63)
FNDA:0,(anonymous_64)
FNDA:0,searchGitCommitsByTerms
FNDA:0,(anonymous_66)
FNDA:0,(anonymous_67)
FNDA:0,(anonymous_68)
FNDA:0,(anonymous_69)
FNDA:0,searchGitCommitFilesByTerms
FNDA:0,(anonymous_71)
FNDA:0,(anonymous_72)
FNDA:0,(anonymous_73)
FNDA:0,(anonymous_74)
FNDA:0,getRelationshipsForEntity
FNDA:0,(anonymous_76)
FNDA:0,(anonymous_77)
DA:17,0
DA:18,0
DA:21,0
DA:33,0
DA:38,0
DA:40,0
DA:44,0
DA:54,0
DA:55,0
DA:58,0
DA:69,0
DA:75,0
DA:80,0
DA:82,0
DA:86,0
DA:96,0
DA:97,0
DA:100,0
DA:126,0
DA:131,0
DA:136,0
DA:141,0
DA:147,0
DA:159,0
DA:181,0
DA:194,0
DA:200,0
DA:202,0
DA:206,0
DA:216,0
DA:217,0
DA:220,0
DA:238,0
DA:243,0
DA:248,0
DA:254,0
DA:266,0
DA:288,0
DA:301,0
DA:307,0
DA:309,0
DA:313,0
DA:323,0
DA:324,0
DA:327,0
DA:343,0
DA:349,0
DA:355,0
DA:360,0
DA:362,0
DA:366,0
DA:376,0
DA:377,0
DA:380,0
DA:391,0
DA:397,0
DA:403,0
DA:409,0
DA:414,0
DA:416,0
DA:420,0
DA:430,0
DA:431,0
DA:434,0
DA:448,0
DA:453,0
DA:455,0
DA:459,0
DA:469,0
DA:470,0
DA:473,0
DA:491,0
DA:496,0
DA:498,0
DA:502,0
DA:512,0
DA:513,0
DA:516,0
DA:535,0
DA:541,0
DA:547,0
DA:557,0
DA:559,0
DA:563,0
DA:574,0
DA:575,0
DA:578,0
DA:587,0
DA:597,0
DA:599,0
DA:603,0
DA:613,0
DA:614,0
DA:616,0
DA:621,0
DA:622,0
DA:623,0
DA:624,0
DA:627,0
DA:628,0
DA:630,0
DA:634,0
DA:645,0
DA:646,0
DA:648,0
DA:653,0
DA:655,0
DA:660,0
DA:676,0
DA:677,0
DA:681,0
DA:685,0
DA:704,0
DA:706,0
DA:711,0
DA:731,0
DA:732,0
DA:736,0
DA:748,0
DA:749,0
DA:751,0
DA:763,0
DA:767,0
DA:774,0
DA:792,0
DA:793,0
DA:798,0
DA:800,0
DA:823,0
DA:825,0
DA:831,0
DA:845,0
DA:846,0
DA:851,0
DA:860,0
DA:861,0
DA:865,0
DA:867,0
DA:872,0
DA:883,0
DA:884,0
DA:886,0
DA:898,0
DA:899,0
DA:901,0
DA:906,0
DA:926,0
DA:927,0
DA:929,0
DA:942,0
DA:943,0
DA:945,0
DA:954,0
DA:956,0
DA:963,0
DA:985,0
DA:986,0
DA:991,0
DA:994,0
DA:996,0
DA:1007,0
DA:1009,0
DA:1018,0
DA:1021,0
DA:1022,0
DA:1028,0
DA:1029,0
DA:1032,0
DA:1036,0
DA:1038,0
DA:1048,0
DA:1059,0
DA:1060,0
DA:1063,0
DA:1066,0
DA:1067,0
DA:1070,0
DA:1071,0
DA:1074,0
DA:1075,0
DA:1079,0
DA:1080,0
DA:1092,0
DA:1108,0
DA:1109,0
DA:1112,0
DA:1113,0
DA:1117,0
DA:1119,0
DA:1121,0
DA:1125,0
DA:1152,0
DA:1153,0
DA:1158,0
DA:1168,0
DA:1172,0
DA:1173,0
DA:1175,0
DA:1235,0
DA:1238,0
DA:1240,0
DA:1245,0
DA:1256,0
DA:1257,0
DA:1259,0
DA:1264,0
DA:1265,0
DA:1266,0
DA:1269,0
DA:1270,0
DA:1272,0
DA:1277,0
DA:1288,0
DA:1289,0
DA:1291,0
DA:1296,0
DA:1297,0
DA:1301,0
DA:1303,0
DA:1308,0
DA:1328,0
DA:1329,0
DA:1335,0
DA:1341,0
DA:1342,0
DA:1345,0
DA:1346,0
DA:1347,0
DA:1351,0
DA:1352,0
DA:1354,0
DA:1359,0
DA:1360,0
DA:1362,0
DA:1367,0
DA:1369,0
DA:1375,0
DA:1386,0
DA:1387,0
DA:1389,0
DA:1394,0
DA:1397,0
DA:1399,0
DA:1404,0
DA:1422,0
DA:1423,0
DA:1428,0
DA:1433,0
DA:1437,0
DA:1439,0
DA:1463,0
DA:1466,0
DA:1468,0
DA:1474,0
DA:1488,0
DA:1489,0
DA:1493,0
DA:1498,0
DA:1499,0
DA:1503,0
DA:1505,0
DA:1510,0
DA:1524,0
DA:1525,0
DA:1529,0
DA:1534,0
DA:1535,0
DA:1539,0
DA:1541,0
DA:1546,0
DA:1557,0
DA:1558,0
DA:1560,0
DA:1573,0
DA:1574,0
DA:1578,0
DA:1580,0
DA:1585,0
DA:1606,0
DA:1607,0
DA:1612,0
DA:1613,0
DA:1617,0
DA:1618,0
DA:1620,0
DA:1662,0
DA:1665,0
DA:1667,0
DA:1673,0
DA:1684,0
DA:1685,0
DA:1687,0
DA:1692,0
DA:1693,0
DA:1694,0
DA:1697,0
DA:1698,0
DA:1700,0
DA:1705,0
DA:1716,0
DA:1717,0
DA:1719,0
DA:1724,0
DA:1725,0
DA:1726,0
DA:1729,0
DA:1730,0
DA:1732,0
DA:1737,0
DA:1748,0
DA:1749,0
DA:1751,0
DA:1756,0
DA:1757,0
DA:1761,0
DA:1763,0
DA:1768,0
DA:1788,0
DA:1789,0
DA:1795,0
DA:1801,0
DA:1802,0
DA:1805,0
DA:1806,0
DA:1807,0
DA:1811,0
DA:1812,0
DA:1814,0
DA:1819,0
DA:1820,0
DA:1822,0
DA:1827,0
DA:1829,0
DA:1835,0
DA:1852,0
DA:1853,0
DA:1858,0
DA:1863,0
DA:1867,0
DA:1870,0
DA:1875,0
DA:1896,0
DA:1900,0
DA:1905,0
DA:1910,0
DA:1920,0
DA:1921,0
DA:1923,0
DA:1928,0
DA:1929,0
DA:1930,0
DA:1933,0
DA:1934,0
DA:1936,0
DA:1941,0
DA:1951,0
DA:1952,0
DA:1954,0
DA:1959,0
DA:1961,0
DA:1965,0
DA:1985,0
DA:1986,0
DA:1991,0
DA:1996,0
DA:2001,0
DA:2002,0
DA:2003,0
DA:2007,0
DA:2009,0
DA:2011,0
DA:2012,0
DA:2015,0
DA:2020,0
DA:2021,0
DA:2025,0
DA:2029,0
DA:2034,0
DA:2042,0
DA:2053,0
DA:2054,0
DA:2058,0
DA:2068,0
DA:2072,0
DA:2074,0
DA:2079,0
DA:2099,0
DA:2100,0
DA:2105,0
DA:2106,0
DA:2112,0
DA:2113,0
DA:2114,0
DA:2118,0
DA:2145,0
DA:2149,0
DA:2155,0
DA:2164,0
DA:2174,0
DA:2175,0
DA:2177,0
DA:2187,0
DA:2189,0
DA:2191,0
DA:2193,0
DA:2199,0
DA:2209,0
DA:2210,0
DA:2212,0
DA:2222,0
DA:2224,0
DA:2228,0
DA:2230,0
DA:2236,0
DA:2246,0
DA:2247,0
DA:2249,0
DA:2259,0
DA:2261,0
DA:2265,0
DA:2267,0
DA:2273,0
DA:2283,0
DA:2284,0
DA:2286,0
DA:2296,0
DA:2298,0
DA:2302,0
DA:2304,0
DA:2310,0
DA:2320,0
DA:2321,0
DA:2323,0
DA:2333,0
DA:2335,0
DA:2339,0
DA:2341,0
DA:2347,0
DA:2357,0
DA:2358,0
DA:2362,0
DA:2372,0
DA:2374,0
DA:2378,0
DA:2380,0
DA:2386,0
DA:2402,0
DA:2403,0
DA:2409,0
DA:2424,0
DA:2427,0
DA:2434,0
DA:2439,0
DA:2441,0
DA:2449,0
DA:2461,0
DA:2462,0
DA:2467,0
DA:2481,0
DA:2484,0
DA:2490,0
DA:2496,0
DA:2498,0
DA:2506,0
DA:2522,0
DA:2523,0
DA:2528,0
DA:2542,0
DA:2545,0
DA:2551,0
DA:2557,0
DA:2559,0
DA:2567,0
DA:2580,0
DA:2581,0
DA:2588,0
DA:2589,0
DA:2590,0
DA:2594,0
DA:2595,0
DA:2598,0
DA:2599,0
DA:2602,0
DA:2606,0
DA:2609,0
DA:2622,0
DA:2627,0
DA:2630,0
DA:2636,0
DA:2642,0
DA:2644,0
DA:2652,0
DA:2670,0
DA:2671,0
DA:2679,0
DA:2680,0
DA:2681,0
DA:2686,0
DA:2687,0
DA:2691,0
DA:2692,0
DA:2694,0
DA:2707,0
DA:2714,0
DA:2719,0
DA:2722,0
DA:2730,0
DA:2737,0
DA:2739,0
DA:2748,0
DA:2764,0
DA:2765,0
DA:2772,0
DA:2773,0
DA:2774,0
DA:2778,0
DA:2779,0
DA:2782,0
DA:2783,0
DA:2786,0
DA:2792,0
DA:2793,0
DA:2797,0
DA:2801,0
DA:2803,0
DA:2815,0
DA:2821,0
DA:2826,0
DA:2829,0
DA:2836,0
DA:2842,0
DA:2844,0
DA:2852,0
DA:2864,0
DA:2865,0
DA:2872,0
DA:2873,0
DA:2874,0
DA:2878,0
DA:2879,0
DA:2882,0
DA:2883,0
DA:2886,0
DA:2892,0
DA:2893,0
DA:2897,0
DA:2901,0
DA:2903,0
DA:2915,0
DA:2921,0
DA:2926,0
DA:2929,0
DA:2936,0
DA:2942,0
DA:2944,0
DA:2952,0
DA:2964,0
DA:2965,0
DA:2972,0
DA:2973,0
DA:2974,0
DA:2977,0
DA:2978,0
DA:2981,0
DA:2985,0
DA:2986,0
DA:2989,0
DA:2990,0
DA:2993,0
DA:2999,0
DA:3000,0
DA:3004,0
DA:3005,0
DA:3007,0
DA:3009,0
DA:3024,0
DA:3030,0
DA:3035,0
DA:3038,0
DA:3047,0
DA:3053,0
DA:3055,0
DA:3063,0
DA:3081,0
DA:3082,0
DA:3090,0
DA:3095,0
DA:3096,0
DA:3100,0
DA:3101,0
DA:3105,0
DA:3106,0
DA:3109,0
DA:3110,0
DA:3111,0
DA:3112,0
DA:3115,0
DA:3130,0
DA:3136,0
DA:3141,0
DA:3143,0
DA:3150,0
DA:3152,0
DA:3161,0
LF:604
LH:0
BRDA:621,0,0,0
BRDA:621,0,1,0
BRDA:681,1,0,0
BRDA:681,1,1,0
BRDA:729,2,0,0
BRDA:748,3,0,0
BRDA:748,3,1,0
BRDA:748,4,0,0
BRDA:748,4,1,0
BRDA:798,5,0,0
BRDA:798,5,1,0
BRDA:818,6,0,0
BRDA:818,6,1,0
BRDA:819,7,0,0
BRDA:819,7,1,0
BRDA:923,8,0,0
BRDA:924,9,0,0
BRDA:942,10,0,0
BRDA:942,10,1,0
BRDA:947,11,0,0
BRDA:947,11,1,0
BRDA:950,12,0,0
BRDA:950,12,1,0
BRDA:982,13,0,0
BRDA:983,14,0,0
BRDA:994,15,0,0
BRDA:994,15,1,0
BRDA:1007,16,0,0
BRDA:1007,16,1,0
BRDA:1018,17,0,0
BRDA:1018,17,1,0
BRDA:1158,18,0,0
BRDA:1158,18,1,0
BRDA:1159,19,0,0
BRDA:1159,19,1,0
BRDA:1159,19,2,0
BRDA:1159,19,3,0
BRDA:1159,19,4,0
BRDA:1159,19,5,0
BRDA:1159,19,6,0
BRDA:1159,19,7,0
BRDA:1172,20,0,0
BRDA:1172,20,1,0
BRDA:1173,21,0,0
BRDA:1173,21,1,0
BRDA:1219,22,0,0
BRDA:1219,22,1,0
BRDA:1224,23,0,0
BRDA:1224,23,1,0
BRDA:1225,24,0,0
BRDA:1225,24,1,0
BRDA:1226,25,0,0
BRDA:1226,25,1,0
BRDA:1228,26,0,0
BRDA:1228,26,1,0
BRDA:1231,27,0,0
BRDA:1231,27,1,0
BRDA:1264,28,0,0
BRDA:1264,28,1,0
BRDA:1325,29,0,0
BRDA:1326,30,0,0
BRDA:1335,31,0,0
BRDA:1335,31,1,0
BRDA:1337,32,0,0
BRDA:1337,32,1,0
BRDA:1345,33,0,0
BRDA:1345,33,1,0
BRDA:1359,34,0,0
BRDA:1359,34,1,0
BRDA:1428,35,0,0
BRDA:1428,35,1,0
BRDA:1429,36,0,0
BRDA:1429,36,1,0
BRDA:1429,36,2,0
BRDA:1437,37,0,0
BRDA:1437,37,1,0
BRDA:1455,38,0,0
BRDA:1455,38,1,0
BRDA:1456,39,0,0
BRDA:1456,39,1,0
BRDA:1459,40,0,0
BRDA:1459,40,1,0
BRDA:1612,41,0,0
BRDA:1612,41,1,0
BRDA:1612,42,0,0
BRDA:1612,42,1,0
BRDA:1612,42,2,0
BRDA:1617,43,0,0
BRDA:1617,43,1,0
BRDA:1618,44,0,0
BRDA:1618,44,1,0
BRDA:1652,45,0,0
BRDA:1652,45,1,0
BRDA:1653,46,0,0
BRDA:1653,46,1,0
BRDA:1654,47,0,0
BRDA:1654,47,1,0
BRDA:1657,48,0,0
BRDA:1657,48,1,0
BRDA:1658,49,0,0
BRDA:1658,49,1,0
BRDA:1692,50,0,0
BRDA:1692,50,1,0
BRDA:1724,51,0,0
BRDA:1724,51,1,0
BRDA:1785,52,0,0
BRDA:1786,53,0,0
BRDA:1795,54,0,0
BRDA:1795,54,1,0
BRDA:1797,55,0,0
BRDA:1797,55,1,0
BRDA:1805,56,0,0
BRDA:1805,56,1,0
BRDA:1819,57,0,0
BRDA:1819,57,1,0
BRDA:1858,58,0,0
BRDA:1858,58,1,0
BRDA:1859,59,0,0
BRDA:1859,59,1,0
BRDA:1859,59,2,0
BRDA:1870,60,0,0
BRDA:1870,60,1,0
BRDA:1892,61,0,0
BRDA:1892,61,1,0
BRDA:1928,62,0,0
BRDA:1928,62,1,0
BRDA:1928,63,0,0
BRDA:1928,63,1,0
BRDA:2001,64,0,0
BRDA:2001,64,1,0
BRDA:2001,65,0,0
BRDA:2001,65,1,0
BRDA:2011,66,0,0
BRDA:2011,66,1,0
BRDA:2011,67,0,0
BRDA:2011,67,1,0
BRDA:2020,68,0,0
BRDA:2020,68,1,0
BRDA:2039,69,0,0
BRDA:2039,69,1,0
BRDA:2072,70,0,0
BRDA:2072,70,1,0
BRDA:2105,71,0,0
BRDA:2105,71,1,0
BRDA:2105,72,0,0
BRDA:2105,72,1,0
BRDA:2113,73,0,0
BRDA:2113,73,1,0
BRDA:2135,74,0,0
BRDA:2135,74,1,0
BRDA:2136,75,0,0
BRDA:2136,75,1,0
BRDA:2137,76,0,0
BRDA:2137,76,1,0
BRDA:2138,77,0,0
BRDA:2138,77,1,0
BRDA:2139,78,0,0
BRDA:2139,78,1,0
BRDA:2140,79,0,0
BRDA:2140,79,1,0
BRDA:2141,80,0,0
BRDA:2141,80,1,0
BRDA:2187,81,0,0
BRDA:2187,81,1,0
BRDA:2222,82,0,0
BRDA:2222,82,1,0
BRDA:2259,83,0,0
BRDA:2259,83,1,0
BRDA:2296,84,0,0
BRDA:2296,84,1,0
BRDA:2333,85,0,0
BRDA:2333,85,1,0
BRDA:2372,86,0,0
BRDA:2372,86,1,0
BRDA:2400,87,0,0
BRDA:2424,88,0,0
BRDA:2424,88,1,0
BRDA:2429,89,0,0
BRDA:2429,89,1,0
BRDA:2430,90,0,0
BRDA:2430,90,1,0
BRDA:2431,91,0,0
BRDA:2431,91,1,0
BRDA:2481,92,0,0
BRDA:2481,92,1,0
BRDA:2487,93,0,0
BRDA:2487,93,1,0
BRDA:2542,94,0,0
BRDA:2542,94,1,0
BRDA:2548,95,0,0
BRDA:2548,95,1,0
BRDA:2582,96,0,0
BRDA:2582,96,1,0
BRDA:2588,97,0,0
BRDA:2588,97,1,0
BRDA:2588,98,0,0
BRDA:2588,98,1,0
BRDA:2595,99,0,0
BRDA:2595,99,1,0
BRDA:2595,99,2,0
BRDA:2598,100,0,0
BRDA:2598,100,1,0
BRDA:2627,101,0,0
BRDA:2627,101,1,0
BRDA:2632,102,0,0
BRDA:2632,102,1,0
BRDA:2633,103,0,0
BRDA:2633,103,1,0
BRDA:2679,104,0,0
BRDA:2679,104,1,0
BRDA:2679,105,0,0
BRDA:2679,105,1,0
BRDA:2719,106,0,0
BRDA:2719,106,1,0
BRDA:2725,107,0,0
BRDA:2725,107,1,0
BRDA:2772,108,0,0
BRDA:2772,108,1,0
BRDA:2772,109,0,0
BRDA:2772,109,1,0
BRDA:2779,110,0,0
BRDA:2779,110,1,0
BRDA:2779,110,2,0
BRDA:2782,111,0,0
BRDA:2782,111,1,0
BRDA:2826,112,0,0
BRDA:2826,112,1,0
BRDA:2831,113,0,0
BRDA:2831,113,1,0
BRDA:2832,114,0,0
BRDA:2832,114,1,0
BRDA:2833,115,0,0
BRDA:2833,115,1,0
BRDA:2872,116,0,0
BRDA:2872,116,1,0
BRDA:2872,117,0,0
BRDA:2872,117,1,0
BRDA:2879,118,0,0
BRDA:2879,118,1,0
BRDA:2879,118,2,0
BRDA:2882,119,0,0
BRDA:2882,119,1,0
BRDA:2926,120,0,0
BRDA:2926,120,1,0
BRDA:2931,121,0,0
BRDA:2931,121,1,0
BRDA:2933,122,0,0
BRDA:2933,122,1,0
BRDA:2972,123,0,0
BRDA:2972,123,1,0
BRDA:2972,124,0,0
BRDA:2972,124,1,0
BRDA:2977,125,0,0
BRDA:2977,125,1,0
BRDA:2977,126,0,0
BRDA:2977,126,1,0
BRDA:2986,127,0,0
BRDA:2986,127,1,0
BRDA:2986,127,2,0
BRDA:2989,128,0,0
BRDA:2989,128,1,0
BRDA:3035,129,0,0
BRDA:3035,129,1,0
BRDA:3042,130,0,0
BRDA:3042,130,1,0
BRDA:3043,131,0,0
BRDA:3043,131,1,0
BRDA:3078,132,0,0
BRDA:3079,133,0,0
BRDA:3090,134,0,0
BRDA:3090,134,1,0
BRDA:3091,135,0,0
BRDA:3091,135,1,0
BRDA:3091,135,2,0
BRDA:3101,136,0,0
BRDA:3101,136,1,0
BRDA:3101,136,2,0
BRDA:3109,137,0,0
BRDA:3109,137,1,0
BRDA:3141,138,0,0
BRDA:3141,138,1,0
BRF:281
BRH:0
end_of_record
TN:
SF:src/mcp-handlers/index.js
FNF:0
FNH:0
LF:0
LH:0
BRF:0
BRH:0
end_of_record
TN:
SF:src/mcp-handlers/initializeConversationContext.handler.js
FN:18,initializeConversationContextHandler
FNF:1
FNH:0
FNDA:0,initializeConversationContextHandler
DA:19,0
DA:21,0
DA:28,0
DA:29,0
DA:34,0
DA:35,0
DA:40,0
DA:44,0
DA:45,0
DA:46,0
DA:47,0
DA:49,0
DA:53,0
DA:62,0
DA:65,0
DA:66,0
DA:67,0
DA:68,0
DA:72,0
DA:80,0
DA:86,0
DA:90,0
DA:91,0
DA:92,0
DA:93,0
DA:95,0
DA:103,0
DA:109,0
DA:113,0
DA:114,0
DA:115,0
DA:120,0
DA:121,0
DA:127,0
DA:136,0
DA:143,0
DA:146,0
DA:152,0
DA:168,0
DA:176,0
DA:181,0
DA:182,0
DA:193,0
LF:43
LH:0
BRDA:34,0,0,0
BRDA:34,0,1,0
BRDA:34,1,0,0
BRDA:34,1,1,0
BRDA:75,2,0,0
BRDA:75,2,1,0
BRDA:98,3,0,0
BRDA:98,3,1,0
BRDA:114,4,0,0
BRDA:114,4,1,0
BRDA:114,5,0,0
BRDA:114,5,1,0
BRDA:154,6,0,0
BRDA:154,6,1,0
BRDA:181,7,0,0
BRDA:181,7,1,0
BRF:16
BRH:0
end_of_record
TN:
SF:src/mcp-handlers/pingServer.handler.js
FN:14,pingServerHandler
FNF:1
FNH:0
FNDA:0,pingServerHandler
DA:16,0
DA:22,0
LF:2
LH:0
BRF:0
BRH:0
end_of_record
TN:
SF:src/mcp-handlers/retrieveRelevantContext.handler.js
FN:16,retrieveRelevantContextHandler
FNF:1
FNH:0
FNDA:0,retrieveRelevantContextHandler
DA:17,0
DA:19,0
DA:29,0
DA:30,0
DA:33,0
DA:36,0
DA:44,0
DA:51,0
DA:57,0
DA:62,0
DA:65,0
DA:66,0
DA:77,0
LF:13
LH:0
BRDA:29,0,0,0
BRDA:29,0,1,0
BRDA:65,1,0,0
BRDA:65,1,1,0
BRF:4
BRH:0
end_of_record
TN:
SF:src/schemas/mcp.schemas.js
FNF:0
FNH:0
DA:18,0
DA:32,0
DA:40,0
DA:59,0
DA:68,0
DA:77,0
DA:86,0
DA:96,0
DA:108,0
DA:129,0
DA:151,0
DA:162,0
DA:178,0
DA:195,0
LF:14
LH:0
BRF:0
BRH:0
end_of_record
TN:
SF:src/services/ai.service.js
FN:23,(anonymous_0)
FN:35,(anonymous_1)
FN:72,(anonymous_2)
FN:233,(anonymous_3)
FN:234,(anonymous_4)
FN:248,(anonymous_5)
FN:249,(anonymous_6)
FN:357,(anonymous_7)
FN:379,(anonymous_8)
FN:419,(anonymous_9)
FN:477,(anonymous_10)
FN:640,(anonymous_11)
FN:641,(anonymous_12)
FN:655,(anonymous_13)
FN:656,(anonymous_14)
FN:764,(anonymous_15)
FN:786,(anonymous_16)
FN:826,(anonymous_17)
FN:884,(anonymous_18)
FN:930,(anonymous_19)
FN:1040,(anonymous_20)
FN:1056,(anonymous_21)
FN:1057,(anonymous_22)
FN:1111,(anonymous_23)
FN:1126,(anonymous_24)
FN:1134,(anonymous_25)
FN:1279,(anonymous_26)
FN:1301,(anonymous_27)
FN:1341,(anonymous_28)
FNF:29
FNH:0
FNDA:0,(anonymous_0)
FNDA:0,(anonymous_1)
FNDA:0,(anonymous_2)
FNDA:0,(anonymous_3)
FNDA:0,(anonymous_4)
FNDA:0,(anonymous_5)
FNDA:0,(anonymous_6)
FNDA:0,(anonymous_7)
FNDA:0,(anonymous_8)
FNDA:0,(anonymous_9)
FNDA:0,(anonymous_10)
FNDA:0,(anonymous_11)
FNDA:0,(anonymous_12)
FNDA:0,(anonymous_13)
FNDA:0,(anonymous_14)
FNDA:0,(anonymous_15)
FNDA:0,(anonymous_16)
FNDA:0,(anonymous_17)
FNDA:0,(anonymous_18)
FNDA:0,(anonymous_19)
FNDA:0,(anonymous_20)
FNDA:0,(anonymous_21)
FNDA:0,(anonymous_22)
FNDA:0,(anonymous_23)
FNDA:0,(anonymous_24)
FNDA:0,(anonymous_25)
FNDA:0,(anonymous_26)
FNDA:0,(anonymous_27)
FNDA:0,(anonymous_28)
DA:24,0
DA:25,0
DA:26,0
DA:27,0
DA:29,0
DA:36,0
DA:37,0
DA:38,0
DA:40,0
DA:41,0
DA:44,0
DA:45,0
DA:49,0
DA:50,0
DA:53,0
DA:54,0
DA:58,0
DA:62,0
DA:73,0
DA:77,0
DA:78,0
DA:81,0
DA:86,0
DA:88,0
DA:89,0
DA:95,0
DA:96,0
DA:99,0
DA:105,0
DA:106,0
DA:111,0
DA:113,0
DA:117,0
DA:122,0
DA:136,0
DA:141,0
DA:149,0
DA:168,0
DA:171,0
DA:177,0
DA:178,0
DA:180,0
DA:185,0
DA:188,0
DA:190,0
DA:191,0
DA:192,0
DA:194,0
DA:195,0
DA:200,0
DA:201,0
DA:207,0
DA:208,0
DA:212,0
DA:218,0
DA:224,0
DA:226,0
DA:228,0
DA:229,0
DA:231,0
DA:233,0
DA:234,0
DA:236,0
DA:244,0
DA:245,0
DA:246,0
DA:248,0
DA:249,0
DA:251,0
DA:257,0
DA:263,0
DA:270,0
DA:271,0
DA:272,0
DA:275,0
DA:282,0
DA:286,0
DA:297,0
DA:303,0
DA:304,0
DA:307,0
DA:315,0
DA:319,0
DA:331,0
DA:332,0
DA:341,0
DA:349,0
DA:357,0
DA:359,0
DA:362,0
DA:363,0
DA:366,0
DA:377,0
DA:378,0
DA:379,0
DA:381,0
DA:385,0
DA:386,0
DA:389,0
DA:392,0
DA:395,0
DA:397,0
DA:399,0
DA:400,0
DA:402,0
DA:403,0
DA:406,0
DA:407,0
DA:409,0
DA:417,0
DA:418,0
DA:419,0
DA:421,0
DA:422,0
DA:423,0
DA:424,0
DA:429,0
DA:436,0
DA:440,0
DA:445,0
DA:452,0
DA:460,0
DA:465,0
DA:478,0
DA:480,0
DA:481,0
DA:484,0
DA:489,0
DA:491,0
DA:492,0
DA:498,0
DA:499,0
DA:502,0
DA:508,0
DA:509,0
DA:516,0
DA:518,0
DA:522,0
DA:527,0
DA:539,0
DA:544,0
DA:552,0
DA:571,0
DA:576,0
DA:582,0
DA:583,0
DA:585,0
DA:590,0
DA:593,0
DA:595,0
DA:596,0
DA:597,0
DA:599,0
DA:602,0
DA:607,0
DA:608,0
DA:614,0
DA:615,0
DA:619,0
DA:625,0
DA:631,0
DA:633,0
DA:635,0
DA:636,0
DA:638,0
DA:640,0
DA:641,0
DA:643,0
DA:651,0
DA:652,0
DA:653,0
DA:655,0
DA:656,0
DA:658,0
DA:664,0
DA:670,0
DA:677,0
DA:678,0
DA:679,0
DA:682,0
DA:689,0
DA:693,0
DA:704,0
DA:708,0
DA:709,0
DA:712,0
DA:720,0
DA:724,0
DA:737,0
DA:738,0
DA:748,0
DA:756,0
DA:764,0
DA:766,0
DA:769,0
DA:770,0
DA:773,0
DA:784,0
DA:785,0
DA:786,0
DA:788,0
DA:792,0
DA:793,0
DA:796,0
DA:799,0
DA:802,0
DA:804,0
DA:806,0
DA:807,0
DA:809,0
DA:810,0
DA:813,0
DA:814,0
DA:816,0
DA:824,0
DA:825,0
DA:826,0
DA:828,0
DA:829,0
DA:830,0
DA:831,0
DA:836,0
DA:843,0
DA:847,0
DA:852,0
DA:859,0
DA:867,0
DA:872,0
DA:885,0
DA:889,0
DA:890,0
DA:893,0
DA:898,0
DA:900,0
DA:903,0
DA:909,0
DA:910,0
DA:913,0
DA:921,0
DA:926,0
DA:929,0
DA:930,0
DA:933,0
DA:938,0
DA:942,0
DA:966,0
DA:971,0
DA:973,0
DA:977,0
DA:982,0
DA:990,0
DA:1009,0
DA:1014,0
DA:1020,0
DA:1021,0
DA:1023,0
DA:1028,0
DA:1030,0
DA:1033,0
DA:1035,0
DA:1040,0
DA:1041,0
DA:1043,0
DA:1046,0
DA:1049,0
DA:1052,0
DA:1053,0
DA:1054,0
DA:1056,0
DA:1057,0
DA:1061,0
DA:1064,0
DA:1067,0
DA:1068,0
DA:1071,0
DA:1072,0
DA:1080,0
DA:1091,0
DA:1102,0
DA:1103,0
DA:1110,0
DA:1111,0
DA:1112,0
DA:1115,0
DA:1119,0
DA:1121,0
DA:1122,0
DA:1123,0
DA:1124,0
DA:1126,0
DA:1127,0
DA:1128,0
DA:1129,0
DA:1131,0
DA:1132,0
DA:1134,0
DA:1136,0
DA:1141,0
DA:1142,0
DA:1147,0
DA:1148,0
DA:1155,0
DA:1166,0
DA:1177,0
DA:1184,0
DA:1196,0
DA:1197,0
DA:1198,0
DA:1204,0
DA:1206,0
DA:1209,0
DA:1222,0
DA:1228,0
DA:1230,0
DA:1239,0
DA:1244,0
DA:1255,0
DA:1262,0
DA:1268,0
DA:1279,0
DA:1281,0
DA:1284,0
DA:1285,0
DA:1288,0
DA:1299,0
DA:1300,0
DA:1301,0
DA:1303,0
DA:1307,0
DA:1308,0
DA:1311,0
DA:1314,0
DA:1317,0
DA:1319,0
DA:1321,0
DA:1322,0
DA:1324,0
DA:1325,0
DA:1328,0
DA:1329,0
DA:1331,0
DA:1339,0
DA:1340,0
DA:1341,0
DA:1343,0
DA:1344,0
DA:1345,0
DA:1346,0
DA:1351,0
DA:1358,0
DA:1362,0
DA:1367,0
DA:1374,0
DA:1382,0
DA:1387,0
LF:355
LH:0
BRDA:40,0,0,0
BRDA:40,0,1,0
BRDA:51,1,0,0
BRDA:51,1,1,0
BRDA:77,2,0,0
BRDA:77,2,1,0
BRDA:95,3,0,0
BRDA:95,3,1,0
BRDA:113,4,0,0
BRDA:113,4,1,0
BRDA:143,5,0,0
BRDA:143,5,1,0
BRDA:191,6,0,0
BRDA:191,6,1,0
BRDA:191,7,0,0
BRDA:191,7,1,0
BRDA:194,8,0,0
BRDA:194,8,1,0
BRDA:201,9,0,0
BRDA:201,9,1,0
BRDA:202,10,0,0
BRDA:202,10,1,0
BRDA:202,10,2,0
BRDA:229,11,0,0
BRDA:229,11,1,0
BRDA:229,12,0,0
BRDA:229,12,1,0
BRDA:245,13,0,0
BRDA:245,13,1,0
BRDA:245,14,0,0
BRDA:245,14,1,0
BRDA:270,15,0,0
BRDA:270,15,1,0
BRDA:337,16,0,0
BRDA:337,16,1,0
BRDA:359,17,0,0
BRDA:359,17,1,0
BRDA:362,18,0,0
BRDA:362,18,1,0
BRDA:362,19,0,0
BRDA:362,19,1,0
BRDA:377,20,0,0
BRDA:377,20,1,0
BRDA:378,21,0,0
BRDA:378,21,1,0
BRDA:385,22,0,0
BRDA:385,22,1,0
BRDA:392,23,0,0
BRDA:392,23,1,0
BRDA:399,24,0,0
BRDA:399,24,1,0
BRDA:399,25,0,0
BRDA:399,25,1,0
BRDA:402,26,0,0
BRDA:402,26,1,0
BRDA:417,27,0,0
BRDA:417,27,1,0
BRDA:417,28,0,0
BRDA:417,28,1,0
BRDA:419,29,0,0
BRDA:419,29,1,0
BRDA:421,30,0,0
BRDA:421,30,1,0
BRDA:421,31,0,0
BRDA:421,31,1,0
BRDA:421,31,2,0
BRDA:422,32,0,0
BRDA:422,32,1,0
BRDA:423,33,0,0
BRDA:423,33,1,0
BRDA:480,34,0,0
BRDA:480,34,1,0
BRDA:498,35,0,0
BRDA:498,35,1,0
BRDA:511,36,0,0
BRDA:511,36,1,0
BRDA:518,37,0,0
BRDA:518,37,1,0
BRDA:546,38,0,0
BRDA:546,38,1,0
BRDA:596,39,0,0
BRDA:596,39,1,0
BRDA:596,40,0,0
BRDA:596,40,1,0
BRDA:599,41,0,0
BRDA:599,41,1,0
BRDA:608,42,0,0
BRDA:608,42,1,0
BRDA:609,43,0,0
BRDA:609,43,1,0
BRDA:609,43,2,0
BRDA:636,44,0,0
BRDA:636,44,1,0
BRDA:636,45,0,0
BRDA:636,45,1,0
BRDA:652,46,0,0
BRDA:652,46,1,0
BRDA:652,47,0,0
BRDA:652,47,1,0
BRDA:677,48,0,0
BRDA:677,48,1,0
BRDA:743,49,0,0
BRDA:743,49,1,0
BRDA:766,50,0,0
BRDA:766,50,1,0
BRDA:769,51,0,0
BRDA:769,51,1,0
BRDA:769,52,0,0
BRDA:769,52,1,0
BRDA:784,53,0,0
BRDA:784,53,1,0
BRDA:785,54,0,0
BRDA:785,54,1,0
BRDA:792,55,0,0
BRDA:792,55,1,0
BRDA:799,56,0,0
BRDA:799,56,1,0
BRDA:806,57,0,0
BRDA:806,57,1,0
BRDA:806,58,0,0
BRDA:806,58,1,0
BRDA:809,59,0,0
BRDA:809,59,1,0
BRDA:824,60,0,0
BRDA:824,60,1,0
BRDA:824,61,0,0
BRDA:824,61,1,0
BRDA:826,62,0,0
BRDA:826,62,1,0
BRDA:828,63,0,0
BRDA:828,63,1,0
BRDA:828,64,0,0
BRDA:828,64,1,0
BRDA:828,64,2,0
BRDA:829,65,0,0
BRDA:829,65,1,0
BRDA:830,66,0,0
BRDA:830,66,1,0
BRDA:889,67,0,0
BRDA:889,67,1,0
BRDA:909,68,0,0
BRDA:909,68,1,0
BRDA:909,69,0,0
BRDA:909,69,1,0
BRDA:973,70,0,0
BRDA:973,70,1,0
BRDA:984,71,0,0
BRDA:984,71,1,0
BRDA:1046,72,0,0
BRDA:1046,72,1,0
BRDA:1053,73,0,0
BRDA:1053,73,1,0
BRDA:1053,74,0,0
BRDA:1053,74,1,0
BRDA:1064,75,0,0
BRDA:1064,75,1,0
BRDA:1068,76,0,0
BRDA:1068,76,1,0
BRDA:1071,77,0,0
BRDA:1071,77,1,0
BRDA:1071,78,0,0
BRDA:1071,78,1,0
BRDA:1084,79,0,0
BRDA:1084,79,1,0
BRDA:1102,80,0,0
BRDA:1102,80,1,0
BRDA:1112,81,0,0
BRDA:1112,81,1,0
BRDA:1115,82,0,0
BRDA:1115,82,1,0
BRDA:1116,83,0,0
BRDA:1116,83,1,0
BRDA:1127,84,0,0
BRDA:1127,84,1,0
BRDA:1128,85,0,0
BRDA:1128,85,1,0
BRDA:1129,86,0,0
BRDA:1129,86,1,0
BRDA:1131,87,0,0
BRDA:1131,87,1,0
BRDA:1136,88,0,0
BRDA:1136,88,1,0
BRDA:1137,89,0,0
BRDA:1137,89,1,0
BRDA:1137,89,2,0
BRDA:1143,90,0,0
BRDA:1143,90,1,0
BRDA:1147,91,0,0
BRDA:1147,91,1,0
BRDA:1147,92,0,0
BRDA:1147,92,1,0
BRDA:1161,93,0,0
BRDA:1161,93,1,0
BRDA:1186,94,0,0
BRDA:1186,94,1,0
BRDA:1196,95,0,0
BRDA:1196,95,1,0
BRDA:1213,96,0,0
BRDA:1213,96,1,0
BRDA:1234,97,0,0
BRDA:1234,97,1,0
BRDA:1281,98,0,0
BRDA:1281,98,1,0
BRDA:1284,99,0,0
BRDA:1284,99,1,0
BRDA:1284,100,0,0
BRDA:1284,100,1,0
BRDA:1299,101,0,0
BRDA:1299,101,1,0
BRDA:1300,102,0,0
BRDA:1300,102,1,0
BRDA:1307,103,0,0
BRDA:1307,103,1,0
BRDA:1314,104,0,0
BRDA:1314,104,1,0
BRDA:1321,105,0,0
BRDA:1321,105,1,0
BRDA:1321,106,0,0
BRDA:1321,106,1,0
BRDA:1324,107,0,0
BRDA:1324,107,1,0
BRDA:1339,108,0,0
BRDA:1339,108,1,0
BRDA:1339,109,0,0
BRDA:1339,109,1,0
BRDA:1341,110,0,0
BRDA:1341,110,1,0
BRDA:1343,111,0,0
BRDA:1343,111,1,0
BRDA:1343,112,0,0
BRDA:1343,112,1,0
BRDA:1343,112,2,0
BRDA:1344,113,0,0
BRDA:1344,113,1,0
BRDA:1345,114,0,0
BRDA:1345,114,1,0
BRF:236
BRH:0
end_of_record
TN:
SF:src/services/compression.service.js
FN:18,(anonymous_0)
FN:39,(anonymous_1)
FN:90,(anonymous_2)
FN:110,(anonymous_3)
FN:125,(anonymous_4)
FN:227,(anonymous_5)
FN:246,(anonymous_6)
FN:369,(anonymous_7)
FN:390,(anonymous_8)
FN:467,(anonymous_9)
FN:549,(anonymous_10)
FN:632,(anonymous_11)
FN:675,(anonymous_12)
FN:720,(anonymous_13)
FNF:14
FNH:0
FNDA:0,(anonymous_0)
FNDA:0,(anonymous_1)
FNDA:0,(anonymous_2)
FNDA:0,(anonymous_3)
FNDA:0,(anonymous_4)
FNDA:0,(anonymous_5)
FNDA:0,(anonymous_6)
FNDA:0,(anonymous_7)
FNDA:0,(anonymous_8)
FNDA:0,(anonymous_9)
FNDA:0,(anonymous_10)
FNDA:0,(anonymous_11)
FNDA:0,(anonymous_12)
FNDA:0,(anonymous_13)
DA:19,0
DA:20,0
DA:23,0
DA:40,0
DA:42,0
DA:43,0
DA:47,0
DA:51,0
DA:53,0
DA:54,0
DA:62,0
DA:64,0
DA:70,0
DA:72,0
DA:79,0
DA:91,0
DA:100,0
DA:113,0
DA:126,0
DA:128,0
DA:129,0
DA:135,0
DA:139,0
DA:146,0
DA:149,0
DA:155,0
DA:156,0
DA:160,0
DA:163,0
DA:164,0
DA:170,0
DA:171,0
DA:177,0
DA:178,0
DA:185,0
DA:198,0
DA:204,0
DA:213,0
DA:228,0
DA:234,0
DA:247,0
DA:249,0
DA:250,0
DA:256,0
DA:260,0
DA:266,0
DA:267,0
DA:268,0
DA:271,0
DA:272,0
DA:278,0
DA:279,0
DA:280,0
DA:283,0
DA:287,0
DA:291,0
DA:295,0
DA:299,0
DA:302,0
DA:303,0
DA:309,0
DA:310,0
DA:316,0
DA:317,0
DA:324,0
DA:338,0
DA:345,0
DA:355,0
DA:370,0
DA:378,0
DA:391,0
DA:392,0
DA:393,0
DA:395,0
DA:399,0
DA:403,0
DA:404,0
DA:405,0
DA:407,0
DA:411,0
DA:415,0
DA:416,0
DA:417,0
DA:419,0
DA:425,0
DA:429,0
DA:430,0
DA:431,0
DA:433,0
DA:436,0
DA:440,0
DA:446,0
DA:452,0
DA:468,0
DA:469,0
DA:472,0
DA:473,0
DA:474,0
DA:476,0
DA:477,0
DA:479,0
DA:481,0
DA:482,0
DA:483,0
DA:486,0
DA:487,0
DA:488,0
DA:489,0
DA:493,0
DA:494,0
DA:495,0
DA:500,0
DA:502,0
DA:506,0
DA:507,0
DA:510,0
DA:511,0
DA:514,0
DA:517,0
DA:518,0
DA:525,0
DA:527,0
DA:528,0
DA:533,0
DA:537,0
DA:550,0
DA:551,0
DA:552,0
DA:553,0
DA:554,0
DA:555,0
DA:557,0
DA:558,0
DA:559,0
DA:562,0
DA:563,0
DA:565,0
DA:568,0
DA:570,0
DA:578,0
DA:581,0
DA:585,0
DA:586,0
DA:588,0
DA:590,0
DA:592,0
DA:594,0
DA:595,0
DA:596,0
DA:597,0
DA:599,0
DA:600,0
DA:601,0
DA:606,0
DA:607,0
DA:608,0
DA:609,0
DA:613,0
DA:615,0
DA:620,0
DA:633,0
DA:636,0
DA:637,0
DA:644,0
DA:645,0
DA:647,0
DA:648,0
DA:654,0
DA:655,0
DA:656,0
DA:658,0
DA:663,0
DA:676,0
DA:677,0
DA:680,0
DA:681,0
DA:686,0
DA:687,0
DA:691,0
DA:692,0
DA:694,0
DA:696,0
DA:703,0
DA:704,0
DA:721,0
DA:723,0
DA:724,0
DA:731,0
DA:734,0
DA:735,0
DA:739,0
DA:743,0
DA:744,0
DA:747,0
DA:748,0
DA:749,0
DA:750,0
DA:753,0
DA:757,0
DA:764,0
DA:765,0
DA:766,0
DA:770,0
DA:777,0
DA:778,0
DA:780,0
DA:781,0
DA:785,0
DA:786,0
DA:788,0
DA:798,0
DA:800,0
DA:801,0
DA:805,0
DA:812,0
DA:816,0
DA:819,0
DA:823,0
DA:831,0
DA:838,0
DA:842,0
DA:844,0
DA:847,0
DA:848,0
DA:849,0
DA:852,0
DA:856,0
DA:865,0
DA:875,0
DA:876,0
DA:878,0
DA:880,0
DA:886,0
DA:888,0
DA:891,0
DA:892,0
DA:893,0
DA:896,0
DA:907,0
DA:912,0
DA:916,0
DA:930,0
DA:932,0
DA:934,0
DA:940,0
DA:942,0
DA:945,0
DA:946,0
DA:947,0
DA:950,0
DA:967,0
DA:980,0
DA:984,0
DA:999,0
DA:1003,0
DA:1025,0
DA:1032,0
DA:1043,0
DA:1055,0
DA:1065,0
LF:260
LH:0
BRDA:42,0,0,0
BRDA:42,0,1,0
BRDA:42,1,0,0
BRDA:42,1,1,0
BRDA:53,2,0,0
BRDA:53,2,1,0
BRDA:75,3,0,0
BRDA:75,3,1,0
BRDA:79,4,0,0
BRDA:79,4,1,0
BRDA:135,5,0,0
BRDA:135,5,1,0
BRDA:136,6,0,0
BRDA:136,6,1,0
BRDA:155,7,0,0
BRDA:155,7,1,0
BRDA:163,8,0,0
BRDA:163,8,1,0
BRDA:170,9,0,0
BRDA:170,9,1,0
BRDA:177,10,0,0
BRDA:177,10,1,0
BRDA:256,11,0,0
BRDA:256,11,1,0
BRDA:257,12,0,0
BRDA:257,12,1,0
BRDA:271,13,0,0
BRDA:271,13,1,0
BRDA:271,14,0,0
BRDA:271,14,1,0
BRDA:278,15,0,0
BRDA:278,15,1,0
BRDA:302,16,0,0
BRDA:302,16,1,0
BRDA:309,17,0,0
BRDA:309,17,1,0
BRDA:316,18,0,0
BRDA:316,18,1,0
BRDA:350,19,0,0
BRDA:350,19,1,0
BRDA:395,20,0,0
BRDA:395,20,1,0
BRDA:395,20,2,0
BRDA:395,20,3,0
BRDA:395,20,4,0
BRDA:403,21,0,0
BRDA:403,21,1,0
BRDA:415,22,0,0
BRDA:415,22,1,0
BRDA:429,23,0,0
BRDA:429,23,1,0
BRDA:436,24,0,0
BRDA:436,24,1,0
BRDA:437,25,0,0
BRDA:437,25,1,0
BRDA:479,26,0,0
BRDA:479,26,1,0
BRDA:481,27,0,0
BRDA:481,27,1,0
BRDA:482,28,0,0
BRDA:482,28,1,0
BRDA:486,29,0,0
BRDA:486,29,1,0
BRDA:486,30,0,0
BRDA:486,30,1,0
BRDA:493,31,0,0
BRDA:493,31,1,0
BRDA:500,32,0,0
BRDA:500,32,1,0
BRDA:510,33,0,0
BRDA:510,33,1,0
BRDA:517,34,0,0
BRDA:517,34,1,0
BRDA:527,35,0,0
BRDA:527,35,1,0
BRDA:562,36,0,0
BRDA:562,36,1,0
BRDA:563,37,0,0
BRDA:563,37,1,0
BRDA:568,38,0,0
BRDA:568,38,1,0
BRDA:568,39,0,0
BRDA:568,39,1,0
BRDA:570,40,0,0
BRDA:570,40,1,0
BRDA:571,41,0,0
BRDA:571,41,1,0
BRDA:571,41,2,0
BRDA:571,41,3,0
BRDA:571,41,4,0
BRDA:571,41,5,0
BRDA:581,42,0,0
BRDA:581,42,1,0
BRDA:582,43,0,0
BRDA:582,43,1,0
BRDA:582,43,2,0
BRDA:588,44,0,0
BRDA:588,44,1,0
BRDA:588,45,0,0
BRDA:588,45,1,0
BRDA:592,46,0,0
BRDA:592,46,1,0
BRDA:592,47,0,0
BRDA:592,47,1,0
BRDA:597,48,0,0
BRDA:597,48,1,0
BRDA:597,49,0,0
BRDA:597,49,1,0
BRDA:600,50,0,0
BRDA:600,50,1,0
BRDA:607,51,0,0
BRDA:607,51,1,0
BRDA:636,52,0,0
BRDA:636,52,1,0
BRDA:647,53,0,0
BRDA:647,53,1,0
BRDA:686,54,0,0
BRDA:686,54,1,0
BRDA:723,55,0,0
BRDA:723,55,1,0
BRDA:734,56,0,0
BRDA:734,56,1,0
BRDA:734,57,0,0
BRDA:734,57,1,0
BRDA:765,58,0,0
BRDA:765,58,1,0
BRDA:782,59,0,0
BRDA:782,59,1,0
BRDA:801,60,0,0
BRDA:801,60,1,0
BRDA:802,61,0,0
BRDA:802,61,1,0
BRDA:842,62,0,0
BRDA:842,62,1,0
BRDA:878,63,0,0
BRDA:878,63,1,0
BRDA:878,64,0,0
BRDA:878,64,1,0
BRDA:886,65,0,0
BRDA:886,65,1,0
BRDA:932,66,0,0
BRDA:932,66,1,0
BRDA:932,67,0,0
BRDA:932,67,1,0
BRDA:940,68,0,0
BRDA:940,68,1,0
BRDA:955,69,0,0
BRDA:955,69,1,0
BRDA:971,70,0,0
BRDA:971,70,1,0
BRDA:989,71,0,0
BRDA:989,71,1,0
BRDA:1058,72,0,0
BRDA:1058,72,1,0
BRDA:1068,73,0,0
BRDA:1068,73,1,0
BRF:156
BRH:0
end_of_record
TN:
SF:src/services/git.service.js
FN:31,(anonymous_0)
FN:49,(anonymous_1)
FN:100,(anonymous_2)
FN:120,(anonymous_3)
FN:138,(anonymous_4)
FN:159,(anonymous_5)
FN:240,(anonymous_6)
FN:305,(anonymous_7)
FN:378,(anonymous_8)
FN:408,(anonymous_9)
FN:460,(anonymous_10)
FN:539,(anonymous_11)
FN:613,(anonymous_12)
FN:677,(anonymous_13)
FN:678,(anonymous_14)
FN:682,(anonymous_15)
FN:684,(anonymous_16)
FN:718,(anonymous_17)
FN:744,(anonymous_18)
FNF:19
FNH:0
FNDA:0,(anonymous_0)
FNDA:0,(anonymous_1)
FNDA:0,(anonymous_2)
FNDA:0,(anonymous_3)
FNDA:0,(anonymous_4)
FNDA:0,(anonymous_5)
FNDA:0,(anonymous_6)
FNDA:0,(anonymous_7)
FNDA:0,(anonymous_8)
FNDA:0,(anonymous_9)
FNDA:0,(anonymous_10)
FNDA:0,(anonymous_11)
FNDA:0,(anonymous_12)
FNDA:0,(anonymous_13)
FNDA:0,(anonymous_14)
FNDA:0,(anonymous_15)
FNDA:0,(anonymous_16)
FNDA:0,(anonymous_17)
FNDA:0,(anonymous_18)
DA:32,0
DA:33,0
DA:34,0
DA:35,0
DA:36,0
DA:37,0
DA:38,0
DA:39,0
DA:42,0
DA:50,0
DA:51,0
DA:54,0
DA:56,0
DA:57,0
DA:61,0
DA:66,0
DA:67,0
DA:72,0
DA:73,0
DA:76,0
DA:78,0
DA:85,0
DA:86,0
DA:88,0
DA:92,0
DA:101,0
DA:102,0
DA:107,0
DA:108,0
DA:109,0
DA:112,0
DA:117,0
DA:120,0
DA:121,0
DA:122,0
DA:124,0
DA:131,0
DA:132,0
DA:139,0
DA:140,0
DA:141,0
DA:144,0
DA:146,0
DA:147,0
DA:148,0
DA:151,0
DA:152,0
DA:160,0
DA:161,0
DA:166,0
DA:167,0
DA:170,0
DA:175,0
DA:176,0
DA:179,0
DA:182,0
DA:185,0
DA:191,0
DA:192,0
DA:195,0
DA:196,0
DA:201,0
DA:202,0
DA:205,0
DA:208,0
DA:211,0
DA:212,0
DA:215,0
DA:219,0
DA:221,0
DA:223,0
DA:224,0
DA:227,0
DA:231,0
DA:241,0
DA:242,0
DA:243,0
DA:246,0
DA:251,0
DA:256,0
DA:258,0
DA:259,0
DA:260,0
DA:263,0
DA:265,0
DA:268,0
DA:269,0
DA:276,0
DA:285,0
DA:287,0
DA:290,0
DA:292,0
DA:296,0
DA:306,0
DA:307,0
DA:309,0
DA:311,0
DA:313,0
DA:314,0
DA:320,0
DA:323,0
DA:327,0
DA:334,0
DA:335,0
DA:336,0
DA:338,0
DA:343,0
DA:345,0
DA:346,0
DA:349,0
DA:351,0
DA:361,0
DA:362,0
DA:364,0
DA:369,0
DA:379,0
DA:380,0
DA:381,0
DA:384,0
DA:387,0
DA:390,0
DA:391,0
DA:394,0
DA:397,0
DA:404,0
DA:409,0
DA:412,0
DA:413,0
DA:418,0
DA:422,0
DA:425,0
DA:430,0
DA:432,0
DA:433,0
DA:439,0
DA:445,0
DA:448,0
DA:449,0
DA:450,0
DA:451,0
DA:453,0
DA:462,0
DA:464,0
DA:465,0
DA:472,0
DA:474,0
DA:475,0
DA:482,0
DA:484,0
DA:485,0
DA:488,0
DA:489,0
DA:497,0
DA:498,0
DA:500,0
DA:501,0
DA:508,0
DA:513,0
DA:519,0
DA:522,0
DA:524,0
DA:528,0
DA:540,0
DA:542,0
DA:545,0
DA:546,0
DA:549,0
DA:550,0
DA:552,0
DA:553,0
DA:557,0
DA:559,0
DA:567,0
DA:568,0
DA:571,0
DA:577,0
DA:578,0
DA:579,0
DA:587,0
DA:588,0
DA:589,0
DA:596,0
DA:597,0
DA:599,0
DA:604,0
DA:614,0
DA:615,0
DA:617,0
DA:618,0
DA:620,0
DA:627,0
DA:630,0
DA:631,0
DA:635,0
DA:636,0
DA:637,0
DA:639,0
DA:648,0
DA:656,0
DA:674,0
DA:676,0
DA:677,0
DA:678,0
DA:681,0
DA:682,0
DA:684,0
DA:687,0
DA:689,0
DA:694,0
DA:703,0
DA:705,0
DA:709,0
DA:719,0
DA:720,0
DA:721,0
DA:724,0
DA:727,0
DA:728,0
DA:729,0
DA:731,0
DA:736,0
DA:745,0
LF:222
LH:0
BRDA:39,0,0,0
BRDA:39,0,1,0
BRDA:56,1,0,0
BRDA:56,1,1,0
BRDA:101,2,0,0
BRDA:101,2,1,0
BRDA:107,3,0,0
BRDA:107,3,1,0
BRDA:139,4,0,0
BRDA:139,4,1,0
BRDA:146,5,0,0
BRDA:146,5,1,0
BRDA:160,6,0,0
BRDA:160,6,1,0
BRDA:175,7,0,0
BRDA:175,7,1,0
BRDA:195,8,0,0
BRDA:195,8,1,0
BRDA:211,9,0,0
BRDA:211,9,1,0
BRDA:242,10,0,0
BRDA:242,10,1,0
BRDA:242,11,0,0
BRDA:242,11,1,0
BRDA:259,12,0,0
BRDA:259,12,1,0
BRDA:259,13,0,0
BRDA:259,13,1,0
BRDA:265,14,0,0
BRDA:265,14,1,0
BRDA:311,15,0,0
BRDA:311,15,1,0
BRDA:335,16,0,0
BRDA:335,16,1,0
BRDA:390,17,0,0
BRDA:390,17,1,0
BRDA:390,18,0,0
BRDA:390,18,1,0
BRDA:412,19,0,0
BRDA:412,19,1,0
BRDA:432,20,0,0
BRDA:432,20,1,0
BRDA:462,21,0,0
BRDA:462,21,1,0
BRDA:462,22,0,0
BRDA:462,22,1,0
BRDA:472,23,0,0
BRDA:472,23,1,0
BRDA:472,24,0,0
BRDA:472,24,1,0
BRDA:482,25,0,0
BRDA:482,25,1,0
BRDA:482,26,0,0
BRDA:482,26,1,0
BRDA:488,27,0,0
BRDA:488,27,1,0
BRDA:500,28,0,0
BRDA:500,28,1,0
BRDA:500,29,0,0
BRDA:500,29,1,0
BRDA:552,30,0,0
BRDA:552,30,1,0
BRDA:557,31,0,0
BRDA:557,31,1,0
BRDA:578,32,0,0
BRDA:578,32,1,0
BRDA:588,33,0,0
BRDA:588,33,1,0
BRDA:630,34,0,0
BRDA:630,34,1,0
BRDA:630,35,0,0
BRDA:630,35,1,0
BRDA:637,36,0,0
BRDA:637,36,1,0
BRDA:662,37,0,0
BRDA:662,37,1,0
BRDA:674,38,0,0
BRDA:674,38,1,0
BRDA:674,39,0,0
BRDA:674,39,1,0
BRDA:720,40,0,0
BRDA:720,40,1,0
BRF:82
BRH:0
end_of_record
TN:
SF:src/services/indexing.service.js
FN:93,(anonymous_0)
FN:111,(anonymous_1)
FN:142,(anonymous_2)
FN:186,(anonymous_3)
FN:201,(anonymous_4)
FN:337,(anonymous_5)
FN:458,(anonymous_6)
FN:577,(anonymous_7)
FN:687,(anonymous_8)
FN:797,(anonymous_9)
FN:1318,(anonymous_10)
FN:1467,(anonymous_11)
FNF:12
FNH:0
FNDA:0,(anonymous_0)
FNDA:0,(anonymous_1)
FNDA:0,(anonymous_2)
FNDA:0,(anonymous_3)
FNDA:0,(anonymous_4)
FNDA:0,(anonymous_5)
FNDA:0,(anonymous_6)
FNDA:0,(anonymous_7)
FNDA:0,(anonymous_8)
FNDA:0,(anonymous_9)
FNDA:0,(anonymous_10)
FNDA:0,(anonymous_11)
DA:19,0
DA:26,0
DA:29,0
DA:44,0
DA:99,0
DA:100,0
DA:101,0
DA:102,0
DA:103,0
DA:104,0
DA:112,0
DA:113,0
DA:114,0
DA:117,0
DA:118,0
DA:122,0
DA:123,0
DA:126,0
DA:127,0
DA:130,0
DA:133,0
DA:143,0
DA:145,0
DA:146,0
DA:149,0
DA:150,0
DA:154,0
DA:155,0
DA:159,0
DA:160,0
DA:161,0
DA:166,0
DA:167,0
DA:171,0
DA:173,0
DA:174,0
DA:178,0
DA:187,0
DA:189,0
DA:190,0
DA:202,0
DA:203,0
DA:204,0
DA:207,0
DA:208,0
DA:209,0
DA:212,0
DA:217,0
DA:225,0
DA:226,0
DA:227,0
DA:228,0
DA:231,0
DA:233,0
DA:234,0
DA:237,0
DA:241,0
DA:244,0
DA:245,0
DA:250,0
DA:257,0
DA:263,0
DA:271,0
DA:272,0
DA:273,0
DA:280,0
DA:281,0
DA:282,0
DA:289,0
DA:290,0
DA:291,0
DA:299,0
DA:300,0
DA:301,0
DA:308,0
DA:312,0
DA:323,0
DA:327,0
DA:338,0
DA:339,0
DA:341,0
DA:343,0
DA:344,0
DA:347,0
DA:348,0
DA:351,0
DA:352,0
DA:357,0
DA:358,0
DA:360,0
DA:362,0
DA:367,0
DA:368,0
DA:369,0
DA:374,0
DA:376,0
DA:380,0
DA:384,0
DA:396,0
DA:398,0
DA:402,0
DA:406,0
DA:417,0
DA:422,0
DA:433,0
DA:437,0
DA:440,0
DA:441,0
DA:444,0
DA:452,0
DA:453,0
DA:454,0
DA:458,0
DA:459,0
DA:463,0
DA:471,0
DA:472,0
DA:473,0
DA:477,0
DA:478,0
DA:480,0
DA:484,0
DA:486,0
DA:498,0
DA:504,0
DA:506,0
DA:510,0
DA:514,0
DA:525,0
DA:527,0
DA:531,0
DA:535,0
DA:548,0
DA:552,0
DA:555,0
DA:557,0
DA:566,0
DA:578,0
DA:579,0
DA:581,0
DA:583,0
DA:584,0
DA:587,0
DA:588,0
DA:589,0
DA:594,0
DA:595,0
DA:596,0
DA:601,0
DA:603,0
DA:607,0
DA:611,0
DA:623,0
DA:625,0
DA:629,0
DA:633,0
DA:644,0
DA:649,0
DA:659,0
DA:662,0
DA:663,0
DA:667,0
DA:668,0
DA:671,0
DA:672,0
DA:675,0
DA:681,0
DA:682,0
DA:683,0
DA:687,0
DA:688,0
DA:692,0
DA:700,0
DA:701,0
DA:702,0
DA:706,0
DA:707,0
DA:709,0
DA:713,0
DA:715,0
DA:727,0
DA:733,0
DA:735,0
DA:739,0
DA:743,0
DA:754,0
DA:756,0
DA:760,0
DA:764,0
DA:774,0
DA:775,0
DA:777,0
DA:785,0
DA:800,0
DA:802,0
DA:803,0
DA:805,0
DA:806,0
DA:813,0
DA:814,0
DA:815,0
DA:816,0
DA:819,0
DA:821,0
DA:824,0
DA:827,0
DA:828,0
DA:833,0
DA:834,0
DA:835,0
DA:836,0
DA:838,0
DA:860,0
DA:863,0
DA:867,0
DA:871,0
DA:882,0
DA:883,0
DA:886,0
DA:887,0
DA:891,0
DA:896,0
DA:899,0
DA:914,0
DA:917,0
DA:921,0
DA:925,0
DA:936,0
DA:937,0
DA:943,0
DA:944,0
DA:947,0
DA:954,0
DA:955,0
DA:956,0
DA:959,0
DA:965,0
DA:966,0
DA:972,0
DA:977,0
DA:980,0
DA:994,0
DA:999,0
DA:1002,0
DA:1003,0
DA:1007,0
DA:1010,0
DA:1015,0
DA:1018,0
DA:1025,0
DA:1028,0
DA:1039,0
DA:1044,0
DA:1049,0
DA:1050,0
DA:1053,0
DA:1054,0
DA:1061,0
DA:1065,0
DA:1075,0
DA:1080,0
DA:1085,0
DA:1086,0
DA:1088,0
DA:1095,0
DA:1096,0
DA:1101,0
DA:1103,0
DA:1109,0
DA:1110,0
DA:1111,0
DA:1116,0
DA:1123,0
DA:1124,0
DA:1130,0
DA:1131,0
DA:1132,0
DA:1134,0
DA:1155,0
DA:1158,0
DA:1162,0
DA:1166,0
DA:1177,0
DA:1186,0
DA:1193,0
DA:1197,0
DA:1203,0
DA:1210,0
DA:1220,0
DA:1221,0
DA:1222,0
DA:1224,0
DA:1245,0
DA:1248,0
DA:1252,0
DA:1256,0
DA:1268,0
DA:1274,0
DA:1278,0
DA:1280,0
DA:1285,0
DA:1288,0
DA:1293,0
DA:1294,0
DA:1297,0
DA:1306,0
DA:1319,0
DA:1320,0
DA:1321,0
DA:1324,0
DA:1329,0
DA:1338,0
DA:1340,0
DA:1341,0
DA:1343,0
DA:1344,0
DA:1347,0
DA:1348,0
DA:1352,0
DA:1353,0
DA:1356,0
DA:1360,0
DA:1363,0
DA:1382,0
DA:1383,0
DA:1388,0
DA:1390,0
DA:1396,0
DA:1397,0
DA:1404,0
DA:1406,0
DA:1416,0
DA:1417,0
DA:1419,0
DA:1422,0
DA:1425,0
DA:1428,0
DA:1437,0
DA:1440,0
DA:1448,0
DA:1452,0
DA:1457,0
DA:1468,0
DA:1469,0
DA:1470,0
DA:1473,0
DA:1478,0
DA:1484,0
DA:1485,0
DA:1487,0
DA:1491,0
DA:1497,0
DA:1505,0
DA:1506,0
DA:1508,0
DA:1511,0
DA:1512,0
DA:1516,0
DA:1517,0
DA:1521,0
DA:1522,0
DA:1525,0
DA:1526,0
DA:1530,0
DA:1531,0
DA:1535,0
DA:1536,0
DA:1540,0
DA:1541,0
DA:1545,0
DA:1546,0
DA:1553,0
DA:1563,0
DA:1564,0
DA:1568,0
DA:1570,0
DA:1580,0
DA:1583,0
DA:1591,0
DA:1595,0
LF:380
LH:0
BRDA:95,0,0,0
BRDA:96,1,0,0
BRDA:97,2,0,0
BRDA:113,3,0,0
BRDA:113,3,1,0
BRDA:117,4,0,0
BRDA:117,4,1,0
BRDA:122,5,0,0
BRDA:122,5,1,0
BRDA:143,6,0,0
BRDA:143,6,1,0
BRDA:149,7,0,0
BRDA:149,7,1,0
BRDA:154,8,0,0
BRDA:154,8,1,0
BRDA:160,9,0,0
BRDA:160,9,1,0
BRDA:166,10,0,0
BRDA:166,10,1,0
BRDA:171,11,0,0
BRDA:171,11,1,0
BRDA:173,12,0,0
BRDA:173,12,1,0
BRDA:187,13,0,0
BRDA:187,13,1,0
BRDA:203,14,0,0
BRDA:203,14,1,0
BRDA:207,15,0,0
BRDA:207,15,1,0
BRDA:207,16,0,0
BRDA:207,16,1,0
BRDA:226,17,0,0
BRDA:226,17,1,0
BRDA:233,18,0,0
BRDA:233,18,1,0
BRDA:233,19,0,0
BRDA:233,19,1,0
BRDA:244,20,0,0
BRDA:244,20,1,0
BRDA:271,21,0,0
BRDA:271,21,1,0
BRDA:280,22,0,0
BRDA:280,22,1,0
BRDA:289,23,0,0
BRDA:289,23,1,0
BRDA:299,24,0,0
BRDA:299,24,1,0
BRDA:325,25,0,0
BRDA:325,25,1,0
BRDA:343,26,0,0
BRDA:343,26,1,0
BRDA:343,27,0,0
BRDA:343,27,1,0
BRDA:351,28,0,0
BRDA:351,28,1,0
BRDA:367,29,0,0
BRDA:367,29,1,0
BRDA:472,30,0,0
BRDA:472,30,1,0
BRDA:484,31,0,0
BRDA:484,31,1,0
BRDA:583,32,0,0
BRDA:583,32,1,0
BRDA:594,33,0,0
BRDA:594,33,1,0
BRDA:667,34,0,0
BRDA:667,34,1,0
BRDA:701,35,0,0
BRDA:701,35,1,0
BRDA:713,36,0,0
BRDA:713,36,1,0
BRDA:800,37,0,0
BRDA:800,37,1,0
BRDA:808,38,0,0
BRDA:808,38,1,0
BRDA:813,39,0,0
BRDA:813,39,1,0
BRDA:827,40,0,0
BRDA:827,40,1,0
BRDA:833,41,0,0
BRDA:833,41,1,0
BRDA:882,42,0,0
BRDA:882,42,1,0
BRDA:896,43,0,0
BRDA:896,43,1,0
BRDA:936,44,0,0
BRDA:936,44,1,0
BRDA:954,45,0,0
BRDA:954,45,1,0
BRDA:965,46,0,0
BRDA:965,46,1,0
BRDA:965,47,0,0
BRDA:965,47,1,0
BRDA:977,48,0,0
BRDA:977,48,1,0
BRDA:1007,49,0,0
BRDA:1007,49,1,0
BRDA:1015,50,0,0
BRDA:1015,50,1,0
BRDA:1025,51,0,0
BRDA:1025,51,1,0
BRDA:1049,52,0,0
BRDA:1049,52,1,0
BRDA:1101,53,0,0
BRDA:1101,53,1,0
BRDA:1101,54,0,0
BRDA:1101,54,1,0
BRDA:1103,55,0,0
BRDA:1103,55,1,0
BRDA:1109,56,0,0
BRDA:1109,56,1,0
BRDA:1123,57,0,0
BRDA:1123,57,1,0
BRDA:1123,58,0,0
BRDA:1123,58,1,0
BRDA:1179,59,0,0
BRDA:1179,59,1,0
BRDA:1181,60,0,0
BRDA:1181,60,1,0
BRDA:1193,61,0,0
BRDA:1193,61,1,0
BRDA:1194,62,0,0
BRDA:1194,62,1,0
BRDA:1278,63,0,0
BRDA:1278,63,1,0
BRDA:1319,64,0,0
BRDA:1319,64,1,0
BRDA:1319,65,0,0
BRDA:1319,65,1,0
BRDA:1347,66,0,0
BRDA:1347,66,1,0
BRDA:1358,67,0,0
BRDA:1358,67,1,0
BRDA:1378,68,0,0
BRDA:1378,68,1,0
BRDA:1388,69,0,0
BRDA:1388,69,1,0
BRDA:1388,70,0,0
BRDA:1388,70,1,0
BRDA:1392,71,0,0
BRDA:1392,71,1,0
BRDA:1416,72,0,0
BRDA:1416,72,1,0
BRDA:1468,73,0,0
BRDA:1468,73,1,0
BRDA:1468,74,0,0
BRDA:1468,74,1,0
BRDA:1493,75,0,0
BRDA:1493,75,1,0
BRDA:1512,76,0,0
BRDA:1512,76,1,0
BRDA:1513,77,0,0
BRDA:1513,77,1,0
BRDA:1517,78,0,0
BRDA:1517,78,1,0
BRDA:1518,79,0,0
BRDA:1518,79,1,0
BRDA:1525,80,0,0
BRDA:1525,80,1,0
BRDA:1536,81,0,0
BRDA:1536,81,1,0
BRDA:1537,82,0,0
BRDA:1537,82,1,0
BRDA:1541,83,0,0
BRDA:1541,83,1,0
BRDA:1542,84,0,0
BRDA:1542,84,1,0
BRDA:1559,85,0,0
BRDA:1559,85,1,0
BRF:169
BRH:0
end_of_record
TN:
SF:src/services/initialScan.service.js
FN:24,(anonymous_0)
FN:58,(anonymous_1)
FN:91,(anonymous_2)
FN:93,(anonymous_3)
FN:94,(anonymous_4)
FN:141,(anonymous_5)
FN:154,(anonymous_6)
FN:156,(anonymous_7)
FN:162,(anonymous_8)
FN:167,(anonymous_9)
FN:228,(anonymous_10)
FN:264,(anonymous_11)
FN:284,(anonymous_12)
FN:295,(anonymous_13)
FN:345,(anonymous_14)
FN:368,(anonymous_15)
FN:407,(anonymous_16)
FN:412,(anonymous_17)
FN:453,(anonymous_18)
FN:462,(anonymous_19)
FN:471,(anonymous_20)
FNF:21
FNH:0
FNDA:0,(anonymous_0)
FNDA:0,(anonymous_1)
FNDA:0,(anonymous_2)
FNDA:0,(anonymous_3)
FNDA:0,(anonymous_4)
FNDA:0,(anonymous_5)
FNDA:0,(anonymous_6)
FNDA:0,(anonymous_7)
FNDA:0,(anonymous_8)
FNDA:0,(anonymous_9)
FNDA:0,(anonymous_10)
FNDA:0,(anonymous_11)
FNDA:0,(anonymous_12)
FNDA:0,(anonymous_13)
FNDA:0,(anonymous_14)
FNDA:0,(anonymous_15)
FNDA:0,(anonymous_16)
FNDA:0,(anonymous_17)
FNDA:0,(anonymous_18)
FNDA:0,(anonymous_19)
FNDA:0,(anonymous_20)
DA:25,0
DA:26,0
DA:27,0
DA:28,0
DA:31,0
DA:48,0
DA:59,0
DA:61,0
DA:63,0
DA:65,0
DA:66,0
DA:67,0
DA:71,0
DA:72,0
DA:73,0
DA:77,0
DA:78,0
DA:81,0
DA:82,0
DA:87,0
DA:90,0
DA:91,0
DA:93,0
DA:94,0
DA:101,0
DA:106,0
DA:108,0
DA:115,0
DA:123,0
DA:128,0
DA:142,0
DA:147,0
DA:149,0
DA:150,0
DA:153,0
DA:154,0
DA:155,0
DA:156,0
DA:157,0
DA:162,0
DA:163,0
DA:167,0
DA:168,0
DA:172,0
DA:173,0
DA:174,0
DA:176,0
DA:177,0
DA:180,0
DA:181,0
DA:182,0
DA:186,0
DA:189,0
DA:190,0
DA:191,0
DA:194,0
DA:195,0
DA:198,0
DA:199,0
DA:203,0
DA:204,0
DA:207,0
DA:210,0
DA:213,0
DA:220,0
DA:229,0
DA:231,0
DA:232,0
DA:237,0
DA:238,0
DA:239,0
DA:246,0
DA:247,0
DA:249,0
DA:255,0
DA:265,0
DA:266,0
DA:267,0
DA:268,0
DA:270,0
DA:274,0
DA:285,0
DA:286,0
DA:288,0
DA:291,0
DA:296,0
DA:298,0
DA:299,0
DA:302,0
DA:303,0
DA:306,0
DA:307,0
DA:313,0
DA:319,0
DA:323,0
DA:326,0
DA:328,0
DA:334,0
DA:335,0
DA:346,0
DA:348,0
DA:350,0
DA:357,0
DA:369,0
DA:370,0
DA:372,0
DA:373,0
DA:376,0
DA:377,0
DA:380,0
DA:382,0
DA:385,0
DA:386,0
DA:391,0
DA:393,0
DA:397,0
DA:408,0
DA:409,0
DA:412,0
DA:413,0
DA:418,0
DA:419,0
DA:420,0
DA:421,0
DA:422,0
DA:423,0
DA:424,0
DA:427,0
DA:430,0
DA:442,0
DA:444,0
DA:454,0
DA:462,0
DA:472,0
DA:476,0
DA:482,0
DA:483,0
DA:485,0
DA:486,0
DA:489,0
DA:497,0
DA:498,0
DA:500,0
DA:507,0
DA:509,0
DA:512,0
DA:513,0
DA:523,0
DA:530,0
DA:535,0
DA:538,0
LF:151
LH:0
BRDA:65,0,0,0
BRDA:65,0,1,0
BRDA:72,1,0,0
BRDA:72,1,1,0
BRDA:147,2,0,0
BRDA:147,2,1,0
BRDA:149,3,0,0
BRDA:149,3,1,0
BRDA:150,4,0,0
BRDA:150,4,1,0
BRDA:155,5,0,0
BRDA:155,5,1,0
BRDA:163,6,0,0
BRDA:163,6,1,0
BRDA:168,7,0,0
BRDA:168,7,1,0
BRDA:180,8,0,0
BRDA:180,8,1,0
BRDA:189,9,0,0
BRDA:189,9,1,0
BRDA:194,10,0,0
BRDA:194,10,1,0
BRDA:198,11,0,0
BRDA:198,11,1,0
BRDA:237,12,0,0
BRDA:237,12,1,0
BRDA:296,13,0,0
BRDA:296,13,1,0
BRDA:296,14,0,0
BRDA:296,14,1,0
BRDA:299,15,0,0
BRDA:299,15,1,0
BRDA:306,16,0,0
BRDA:306,16,1,0
BRDA:368,17,0,0
BRDA:376,18,0,0
BRDA:376,18,1,0
BRDA:376,19,0,0
BRDA:376,19,1,0
BRDA:380,20,0,0
BRDA:380,20,1,0
BRDA:385,21,0,0
BRDA:385,21,1,0
BRDA:408,22,0,0
BRDA:408,22,1,0
BRDA:412,23,0,0
BRDA:412,23,1,0
BRDA:419,24,0,0
BRDA:419,24,1,0
BRDA:419,25,0,0
BRDA:419,25,1,0
BRDA:421,26,0,0
BRDA:421,26,1,0
BRDA:421,27,0,0
BRDA:421,27,1,0
BRDA:423,28,0,0
BRDA:423,28,1,0
BRDA:423,29,0,0
BRDA:423,29,1,0
BRDA:427,30,0,0
BRDA:427,30,1,0
BRDA:442,31,0,0
BRDA:442,31,1,0
BRDA:512,32,0,0
BRDA:512,32,1,0
BRF:65
BRH:0
end_of_record
TN:
SF:src/services/job.service.js
FN:27,(anonymous_0)
FN:27,(anonymous_1)
FN:35,(anonymous_2)
FN:55,(anonymous_3)
FN:79,(anonymous_4)
FN:92,(anonymous_5)
FN:137,(anonymous_6)
FN:188,(anonymous_7)
FN:211,(anonymous_8)
FN:505,(anonymous_9)
FN:517,(anonymous_10)
FN:521,(anonymous_11)
FN:540,(anonymous_12)
FN:567,(anonymous_13)
FNF:14
FNH:0
FNDA:0,(anonymous_0)
FNDA:0,(anonymous_1)
FNDA:0,(anonymous_2)
FNDA:0,(anonymous_3)
FNDA:0,(anonymous_4)
FNDA:0,(anonymous_5)
FNDA:0,(anonymous_6)
FNDA:0,(anonymous_7)
FNDA:0,(anonymous_8)
FNDA:0,(anonymous_9)
FNDA:0,(anonymous_10)
FNDA:0,(anonymous_11)
FNDA:0,(anonymous_12)
FNDA:0,(anonymous_13)
DA:15,0
DA:16,0
DA:17,0
DA:18,0
DA:19,0
DA:20,0
DA:27,0
DA:36,0
DA:37,0
DA:38,0
DA:39,0
DA:40,0
DA:41,0
DA:42,0
DA:43,0
DA:44,0
DA:45,0
DA:46,0
DA:47,0
DA:48,0
DA:56,0
DA:57,0
DA:58,0
DA:59,0
DA:62,0
DA:65,0
DA:67,0
DA:71,0
DA:80,0
DA:81,0
DA:93,0
DA:94,0
DA:95,0
DA:99,0
DA:103,0
DA:107,0
DA:110,0
DA:113,0
DA:115,0
DA:120,0
DA:121,0
DA:127,0
DA:130,0
DA:139,0
DA:140,0
DA:141,0
DA:144,0
DA:145,0
DA:146,0
DA:148,0
DA:152,0
DA:156,0
DA:157,0
DA:161,0
DA:163,0
DA:164,0
DA:167,0
DA:171,0
DA:172,0
DA:173,0
DA:177,0
DA:180,0
DA:181,0
DA:184,0
DA:185,0
DA:186,0
DA:189,0
DA:194,0
DA:198,0
DA:203,0
DA:204,0
DA:205,0
DA:208,0
DA:211,0
DA:212,0
DA:213,0
DA:214,0
DA:218,0
DA:221,0
DA:222,0
DA:230,0
DA:231,0
DA:234,0
DA:235,0
DA:238,0
DA:241,0
DA:248,0
DA:251,0
DA:253,0
DA:259,0
DA:262,0
DA:263,0
DA:264,0
DA:265,0
DA:267,0
DA:271,0
DA:278,0
DA:281,0
DA:286,0
DA:290,0
DA:295,0
DA:296,0
DA:299,0
DA:303,0
DA:308,0
DA:309,0
DA:312,0
DA:316,0
DA:319,0
DA:320,0
DA:323,0
DA:329,0
DA:335,0
DA:338,0
DA:345,0
DA:348,0
DA:349,0
DA:351,0
DA:352,0
DA:353,0
DA:358,0
DA:367,0
DA:376,0
DA:377,0
DA:378,0
DA:381,0
DA:391,0
DA:392,0
DA:395,0
DA:396,0
DA:397,0
DA:402,0
DA:403,0
DA:408,0
DA:417,0
DA:418,0
DA:419,0
DA:424,0
DA:425,0
DA:426,0
DA:431,0
DA:432,0
DA:437,0
DA:449,0
DA:456,0
DA:460,0
DA:466,0
DA:467,0
DA:474,0
DA:479,0
DA:486,0
DA:487,0
DA:493,0
DA:495,0
DA:496,0
DA:506,0
DA:507,0
DA:508,0
DA:511,0
DA:518,0
DA:519,0
DA:521,0
DA:522,0
DA:523,0
DA:526,0
DA:527,0
DA:531,0
DA:532,0
DA:541,0
DA:542,0
DA:543,0
DA:546,0
DA:549,0
DA:550,0
DA:551,0
DA:554,0
DA:555,0
DA:568,0
DA:569,0
DA:572,0
DA:573,0
DA:578,0
DA:581,0
DA:594,0
DA:605,0
DA:606,0
DA:608,0
DA:612,0
LF:188
LH:0
BRDA:35,0,0,0
BRDA:63,1,0,0
BRDA:63,1,1,0
BRDA:92,2,0,0
BRDA:93,3,0,0
BRDA:93,3,1,0
BRDA:100,4,0,0
BRDA:100,4,1,0
BRDA:104,5,0,0
BRDA:104,5,1,0
BRDA:104,5,2,0
BRDA:107,6,0,0
BRDA:107,6,1,0
BRDA:111,7,0,0
BRDA:111,7,1,0
BRDA:113,8,0,0
BRDA:113,8,1,0
BRDA:139,9,0,0
BRDA:139,9,1,0
BRDA:144,10,0,0
BRDA:144,10,1,0
BRDA:163,11,0,0
BRDA:163,11,1,0
BRDA:171,12,0,0
BRDA:171,12,1,0
BRDA:185,13,0,0
BRDA:185,13,1,0
BRDA:203,14,0,0
BRDA:203,14,1,0
BRDA:213,15,0,0
BRDA:213,15,1,0
BRDA:221,16,0,0
BRDA:221,16,1,0
BRDA:234,17,0,0
BRDA:234,17,1,0
BRDA:234,18,0,0
BRDA:234,18,1,0
BRDA:263,19,0,0
BRDA:263,19,1,0
BRDA:290,20,0,0
BRDA:290,20,1,0
BRDA:291,21,0,0
BRDA:291,21,1,0
BRDA:303,22,0,0
BRDA:303,22,1,0
BRDA:304,23,0,0
BRDA:304,23,1,0
BRDA:316,24,0,0
BRDA:316,24,1,0
BRDA:351,25,0,0
BRDA:351,25,1,0
BRDA:355,26,0,0
BRDA:355,26,1,0
BRDA:376,27,0,0
BRDA:376,27,1,0
BRDA:392,28,0,0
BRDA:392,28,1,0
BRDA:395,29,0,0
BRDA:395,29,1,0
BRDA:417,30,0,0
BRDA:417,30,1,0
BRDA:424,31,0,0
BRDA:424,31,1,0
BRDA:507,32,0,0
BRDA:507,32,1,0
BRDA:522,33,0,0
BRDA:522,33,1,0
BRDA:531,34,0,0
BRDA:531,34,1,0
BRDA:541,35,0,0
BRDA:541,35,1,0
BRDA:549,36,0,0
BRDA:549,36,1,0
BRDA:568,37,0,0
BRDA:568,37,1,0
BRDA:587,38,0,0
BRDA:587,38,1,0
BRF:77
BRH:0
end_of_record
TN:
SF:src/services/parser.service.js
FN:19,(anonymous_0)
FN:29,(anonymous_1)
FN:56,(anonymous_2)
FN:125,(anonymous_3)
FN:155,(anonymous_4)
FNF:5
FNH:0
FNDA:0,(anonymous_0)
FNDA:0,(anonymous_1)
FNDA:0,(anonymous_2)
FNDA:0,(anonymous_3)
FNDA:0,(anonymous_4)
DA:20,0
DA:21,0
DA:32,0
DA:33,0
DA:38,0
DA:39,0
DA:40,0
DA:42,0
DA:45,0
DA:57,0
DA:58,0
DA:59,0
DA:66,0
DA:67,0
DA:70,0
DA:71,0
DA:72,0
DA:73,0
DA:81,0
DA:82,0
DA:86,0
DA:89,0
DA:90,0
DA:93,0
DA:94,0
DA:96,0
DA:97,0
DA:99,0
DA:100,0
DA:107,0
DA:110,0
DA:112,0
DA:115,0
DA:126,0
DA:127,0
DA:130,0
DA:133,0
DA:138,0
DA:144,0
DA:156,0
LF:40
LH:0
BRDA:30,0,0,0
BRDA:57,1,0,0
BRDA:57,1,1,0
BRDA:71,2,0,0
BRDA:71,2,1,0
BRDA:86,3,0,0
BRDA:86,3,1,0
BRDA:86,3,2,0
BRDA:86,3,3,0
BRDA:86,3,4,0
BRDA:86,3,5,0
BRDA:135,4,0,0
BRDA:135,4,1,0
BRF:13
BRH:0
end_of_record
TN:
SF:src/services/relationship.service.js
FN:22,(anonymous_0)
FN:46,(anonymous_1)
FN:405,(anonymous_2)
FN:412,(anonymous_3)
FNF:4
FNH:0
FNDA:0,(anonymous_0)
FNDA:0,(anonymous_1)
FNDA:0,(anonymous_2)
FNDA:0,(anonymous_3)
DA:23,0
DA:24,0
DA:25,0
DA:28,0
DA:54,0
DA:68,0
DA:70,0
DA:72,0
DA:80,0
DA:81,0
DA:85,0
DA:89,0
DA:99,0
DA:101,0
DA:103,0
DA:107,0
DA:110,0
DA:114,0
DA:119,0
DA:129,0
DA:130,0
DA:133,0
DA:137,0
DA:138,0
DA:140,0
DA:141,0
DA:142,0
DA:147,0
DA:148,0
DA:149,0
DA:152,0
DA:162,0
DA:174,0
DA:185,0
DA:186,0
DA:192,0
DA:196,0
DA:198,0
DA:199,0
DA:200,0
DA:203,0
DA:207,0
DA:208,0
DA:209,0
DA:213,0
DA:214,0
DA:218,0
DA:219,0
DA:223,0
DA:224,0
DA:228,0
DA:229,0
DA:234,0
DA:237,0
DA:238,0
DA:243,0
DA:244,0
DA:248,0
DA:249,0
DA:250,0
DA:251,0
DA:253,0
DA:256,0
DA:260,0
DA:267,0
DA:268,0
DA:272,0
DA:275,0
DA:277,0
DA:280,0
DA:285,0
DA:288,0
DA:291,0
DA:292,0
DA:293,0
DA:302,0
DA:303,0
DA:304,0
DA:305,0
DA:306,0
DA:307,0
DA:313,0
DA:314,0
DA:315,0
DA:316,0
DA:318,0
DA:332,0
DA:335,0
DA:362,0
DA:363,0
DA:365,0
DA:378,0
DA:385,0
DA:394,0
DA:398,0
DA:406,0
DA:412,0
DA:423,0
LF:98
LH:0
BRDA:48,0,0,0
BRDA:49,1,0,0
BRDA:50,2,0,0
BRDA:51,3,0,0
BRDA:80,4,0,0
BRDA:80,4,1,0
BRDA:80,5,0,0
BRDA:80,5,1,0
BRDA:103,6,0,0
BRDA:103,6,1,0
BRDA:104,7,0,0
BRDA:104,7,1,0
BRDA:110,8,0,0
BRDA:110,8,1,0
BRDA:111,9,0,0
BRDA:111,9,1,0
BRDA:129,10,0,0
BRDA:129,10,1,0
BRDA:147,11,0,0
BRDA:147,11,1,0
BRDA:185,12,0,0
BRDA:185,12,1,0
BRDA:203,13,0,0
BRDA:203,13,1,0
BRDA:204,14,0,0
BRDA:204,14,1,0
BRDA:209,15,0,0
BRDA:209,15,1,0
BRDA:210,16,0,0
BRDA:210,16,1,0
BRDA:218,17,0,0
BRDA:218,17,1,0
BRDA:218,18,0,0
BRDA:218,18,1,0
BRDA:223,19,0,0
BRDA:223,19,1,0
BRDA:228,20,0,0
BRDA:228,20,1,0
BRDA:238,21,0,0
BRDA:238,21,1,0
BRDA:239,22,0,0
BRDA:239,22,1,0
BRDA:239,22,2,0
BRDA:244,23,0,0
BRDA:244,23,1,0
BRDA:245,24,0,0
BRDA:245,24,1,0
BRDA:250,25,0,0
BRDA:250,25,1,0
BRDA:267,26,0,0
BRDA:267,26,1,0
BRDA:275,27,0,0
BRDA:275,27,1,0
BRDA:275,28,0,0
BRDA:275,28,1,0
BRDA:285,29,0,0
BRDA:285,29,1,0
BRDA:291,30,0,0
BRDA:291,30,1,0
BRDA:291,31,0,0
BRDA:291,31,1,0
BRDA:294,32,0,0
BRDA:294,32,1,0
BRDA:295,33,0,0
BRDA:295,33,1,0
BRDA:296,34,0,0
BRDA:296,34,1,0
BRDA:304,35,0,0
BRDA:304,35,1,0
BRDA:304,36,0,0
BRDA:304,36,1,0
BRDA:304,36,2,0
BRDA:306,37,0,0
BRDA:306,37,1,0
BRDA:313,38,0,0
BRDA:313,38,1,0
BRDA:346,39,0,0
BRDA:346,39,1,0
BRDA:406,40,0,0
BRDA:406,40,1,0
BRDA:406,40,2,0
BRDA:406,40,3,0
BRDA:406,40,4,0
BRF:83
BRH:0
end_of_record
TN:
SF:src/services/retrieval.service.js
FN:26,(anonymous_0)
FN:58,(anonymous_1)
FN:180,(anonymous_2)
FN:196,(anonymous_3)
FN:220,(anonymous_4)
FN:265,(anonymous_5)
FN:278,(anonymous_6)
FN:286,(anonymous_7)
FN:321,(anonymous_8)
FN:338,(anonymous_9)
FN:339,(anonymous_10)
FN:347,(anonymous_11)
FN:387,(anonymous_12)
FN:510,(anonymous_13)
FN:550,(anonymous_14)
FN:570,(anonymous_15)
FN:623,(anonymous_16)
FN:646,(anonymous_17)
FN:685,(anonymous_18)
FN:817,(anonymous_19)
FN:825,(anonymous_20)
FN:842,(anonymous_21)
FN:860,(anonymous_22)
FN:990,(anonymous_23)
FN:1154,(anonymous_24)
FN:1211,(anonymous_25)
FN:1526,(anonymous_26)
FN:1640,(anonymous_27)
FN:1647,(anonymous_28)
FN:1656,(anonymous_29)
FN:1789,(anonymous_30)
FN:1798,(anonymous_31)
FN:1801,(anonymous_32)
FN:1836,(anonymous_33)
FN:1975,(anonymous_34)
FN:1984,(anonymous_35)
FN:1987,(anonymous_36)
FN:2124,(anonymous_37)
FN:2228,(anonymous_38)
FN:2260,(anonymous_39)
FN:2377,(anonymous_40)
FN:2492,(anonymous_41)
FN:2601,(anonymous_42)
FN:2679,(anonymous_43)
FN:2686,(anonymous_44)
FN:2783,(anonymous_45)
FN:2927,(anonymous_46)
FN:2968,(anonymous_47)
FN:2988,(anonymous_48)
FN:3027,(anonymous_49)
FN:3286,(anonymous_50)
FN:3289,(anonymous_51)
FN:3292,(anonymous_52)
FN:3295,(anonymous_53)
FN:3298,(anonymous_54)
FN:3301,(anonymous_55)
FN:3304,(anonymous_56)
FN:3307,(anonymous_57)
FN:3310,(anonymous_58)
FN:3364,(anonymous_59)
FN:3575,(anonymous_60)
FN:3576,(anonymous_61)
FN:3579,(anonymous_62)
FN:3585,(anonymous_63)
FN:3623,(anonymous_64)
FN:3645,(anonymous_65)
FN:3677,(anonymous_66)
FN:3680,(anonymous_67)
FN:3683,(anonymous_68)
FN:3686,(anonymous_69)
FN:3689,(anonymous_70)
FN:3692,(anonymous_71)
FN:3695,(anonymous_72)
FN:3698,(anonymous_73)
FN:3702,(anonymous_74)
FN:3783,(anonymous_75)
FN:3788,(anonymous_76)
FN:3796,(anonymous_77)
FN:3799,(anonymous_78)
FN:3806,(anonymous_79)
FN:3836,(anonymous_80)
FN:3941,(anonymous_81)
FN:3944,(anonymous_82)
FN:3978,(anonymous_83)
FN:4188,(anonymous_84)
FN:4257,(anonymous_85)
FN:4281,(anonymous_86)
FN:4284,(anonymous_87)
FN:4289,(anonymous_88)
FN:4386,(anonymous_89)
FNF:90
FNH:0
FNDA:0,(anonymous_0)
FNDA:0,(anonymous_1)
FNDA:0,(anonymous_2)
FNDA:0,(anonymous_3)
FNDA:0,(anonymous_4)
FNDA:0,(anonymous_5)
FNDA:0,(anonymous_6)
FNDA:0,(anonymous_7)
FNDA:0,(anonymous_8)
FNDA:0,(anonymous_9)
FNDA:0,(anonymous_10)
FNDA:0,(anonymous_11)
FNDA:0,(anonymous_12)
FNDA:0,(anonymous_13)
FNDA:0,(anonymous_14)
FNDA:0,(anonymous_15)
FNDA:0,(anonymous_16)
FNDA:0,(anonymous_17)
FNDA:0,(anonymous_18)
FNDA:0,(anonymous_19)
FNDA:0,(anonymous_20)
FNDA:0,(anonymous_21)
FNDA:0,(anonymous_22)
FNDA:0,(anonymous_23)
FNDA:0,(anonymous_24)
FNDA:0,(anonymous_25)
FNDA:0,(anonymous_26)
FNDA:0,(anonymous_27)
FNDA:0,(anonymous_28)
FNDA:0,(anonymous_29)
FNDA:0,(anonymous_30)
FNDA:0,(anonymous_31)
FNDA:0,(anonymous_32)
FNDA:0,(anonymous_33)
FNDA:0,(anonymous_34)
FNDA:0,(anonymous_35)
FNDA:0,(anonymous_36)
FNDA:0,(anonymous_37)
FNDA:0,(anonymous_38)
FNDA:0,(anonymous_39)
FNDA:0,(anonymous_40)
FNDA:0,(anonymous_41)
FNDA:0,(anonymous_42)
FNDA:0,(anonymous_43)
FNDA:0,(anonymous_44)
FNDA:0,(anonymous_45)
FNDA:0,(anonymous_46)
FNDA:0,(anonymous_47)
FNDA:0,(anonymous_48)
FNDA:0,(anonymous_49)
FNDA:0,(anonymous_50)
FNDA:0,(anonymous_51)
FNDA:0,(anonymous_52)
FNDA:0,(anonymous_53)
FNDA:0,(anonymous_54)
FNDA:0,(anonymous_55)
FNDA:0,(anonymous_56)
FNDA:0,(anonymous_57)
FNDA:0,(anonymous_58)
FNDA:0,(anonymous_59)
FNDA:0,(anonymous_60)
FNDA:0,(anonymous_61)
FNDA:0,(anonymous_62)
FNDA:0,(anonymous_63)
FNDA:0,(anonymous_64)
FNDA:0,(anonymous_65)
FNDA:0,(anonymous_66)
FNDA:0,(anonymous_67)
FNDA:0,(anonymous_68)
FNDA:0,(anonymous_69)
FNDA:0,(anonymous_70)
FNDA:0,(anonymous_71)
FNDA:0,(anonymous_72)
FNDA:0,(anonymous_73)
FNDA:0,(anonymous_74)
FNDA:0,(anonymous_75)
FNDA:0,(anonymous_76)
FNDA:0,(anonymous_77)
FNDA:0,(anonymous_78)
FNDA:0,(anonymous_79)
FNDA:0,(anonymous_80)
FNDA:0,(anonymous_81)
FNDA:0,(anonymous_82)
FNDA:0,(anonymous_83)
FNDA:0,(anonymous_84)
FNDA:0,(anonymous_85)
FNDA:0,(anonymous_86)
FNDA:0,(anonymous_87)
FNDA:0,(anonymous_88)
FNDA:0,(anonymous_89)
DA:33,0
DA:34,0
DA:35,0
DA:36,0
DA:37,0
DA:40,0
DA:59,0
DA:60,0
DA:70,0
DA:79,0
DA:89,0
DA:93,0
DA:97,0
DA:101,0
DA:107,0
DA:111,0
DA:117,0
DA:118,0
DA:119,0
DA:120,0
DA:123,0
DA:131,0
DA:143,0
DA:151,0
DA:153,0
DA:159,0
DA:181,0
DA:182,0
DA:188,0
DA:191,0
DA:192,0
DA:193,0
DA:196,0
DA:201,0
DA:204,0
DA:210,0
DA:213,0
DA:214,0
DA:220,0
DA:221,0
DA:224,0
DA:225,0
DA:226,0
DA:227,0
DA:228,0
DA:234,0
DA:235,0
DA:236,0
DA:237,0
DA:238,0
DA:239,0
DA:240,0
DA:241,0
DA:242,0
DA:249,0
DA:250,0
DA:251,0
DA:252,0
DA:258,0
DA:265,0
DA:266,0
DA:267,0
DA:269,0
DA:273,0
DA:275,0
DA:278,0
DA:282,0
DA:286,0
DA:292,0
DA:298,0
DA:302,0
DA:309,0
DA:322,0
DA:323,0
DA:324,0
DA:325,0
DA:326,0
DA:330,0
DA:339,0
DA:353,0
DA:355,0
DA:356,0
DA:359,0
DA:360,0
DA:363,0
DA:364,0
DA:367,0
DA:368,0
DA:371,0
DA:372,0
DA:375,0
DA:388,0
DA:389,0
DA:395,0
DA:396,0
DA:399,0
DA:400,0
DA:401,0
DA:404,0
DA:409,0
DA:410,0
DA:420,0
DA:426,0
DA:427,0
DA:428,0
DA:430,0
DA:431,0
DA:433,0
DA:434,0
DA:437,0
DA:439,0
DA:445,0
DA:446,0
DA:450,0
DA:457,0
DA:464,0
DA:465,0
DA:466,0
DA:468,0
DA:471,0
DA:477,0
DA:482,0
DA:489,0
DA:499,0
DA:507,0
DA:510,0
DA:516,0
DA:520,0
DA:521,0
DA:524,0
DA:526,0
DA:532,0
DA:551,0
DA:552,0
DA:558,0
DA:559,0
DA:560,0
DA:564,0
DA:568,0
DA:570,0
DA:572,0
DA:578,0
DA:623,0
DA:628,0
DA:633,0
DA:640,0
DA:641,0
DA:642,0
DA:646,0
DA:648,0
DA:653,0
DA:655,0
DA:661,0
DA:663,0
DA:670,0
DA:686,0
DA:687,0
DA:694,0
DA:697,0
DA:702,0
DA:705,0
DA:709,0
DA:711,0
DA:712,0
DA:715,0
DA:718,0
DA:725,0
DA:726,0
DA:728,0
DA:730,0
DA:732,0
DA:738,0
DA:752,0
DA:753,0
DA:754,0
DA:759,0
DA:767,0
DA:768,0
DA:769,0
DA:774,0
DA:781,0
DA:789,0
DA:790,0
DA:794,0
DA:797,0
DA:804,0
DA:808,0
DA:810,0
DA:811,0
DA:817,0
DA:825,0
DA:833,0
DA:835,0
DA:842,0
DA:844,0
DA:858,0
DA:859,0
DA:860,0
DA:866,0
DA:872,0
DA:879,0
DA:883,0
DA:884,0
DA:888,0
DA:892,0
DA:894,0
DA:896,0
DA:898,0
DA:905,0
DA:906,0
DA:908,0
DA:909,0
DA:918,0
DA:921,0
DA:922,0
DA:923,0
DA:924,0
DA:929,0
DA:934,0
DA:938,0
DA:940,0
DA:946,0
DA:955,0
DA:964,0
DA:975,0
DA:986,0
DA:987,0
DA:988,0
DA:990,0
DA:1000,0
DA:1006,0
DA:1013,0
DA:1017,0
DA:1018,0
DA:1022,0
DA:1026,0
DA:1027,0
DA:1033,0
DA:1034,0
DA:1036,0
DA:1037,0
DA:1048,0
DA:1058,0
DA:1059,0
DA:1063,0
DA:1065,0
DA:1071,0
DA:1072,0
DA:1075,0
DA:1077,0
DA:1078,0
DA:1081,0
DA:1083,0
DA:1084,0
DA:1086,0
DA:1087,0
DA:1089,0
DA:1092,0
DA:1101,0
DA:1102,0
DA:1112,0
DA:1115,0
DA:1117,0
DA:1125,0
DA:1135,0
DA:1150,0
DA:1151,0
DA:1152,0
DA:1154,0
DA:1162,0
DA:1168,0
DA:1178,0
DA:1184,0
DA:1186,0
DA:1194,0
DA:1218,0
DA:1219,0
DA:1220,0
DA:1221,0
DA:1222,0
DA:1223,0
DA:1225,0
DA:1233,0
DA:1235,0
DA:1236,0
DA:1245,0
DA:1246,0
DA:1248,0
DA:1254,0
DA:1256,0
DA:1257,0
DA:1258,0
DA:1264,0
DA:1271,0
DA:1280,0
DA:1287,0
DA:1290,0
DA:1297,0
DA:1301,0
DA:1303,0
DA:1304,0
DA:1305,0
DA:1311,0
DA:1318,0
DA:1327,0
DA:1337,0
DA:1340,0
DA:1347,0
DA:1351,0
DA:1353,0
DA:1354,0
DA:1355,0
DA:1361,0
DA:1368,0
DA:1377,0
DA:1384,0
DA:1387,0
DA:1394,0
DA:1398,0
DA:1400,0
DA:1401,0
DA:1407,0
DA:1410,0
DA:1411,0
DA:1412,0
DA:1418,0
DA:1419,0
DA:1420,0
DA:1424,0
DA:1434,0
DA:1436,0
DA:1437,0
DA:1438,0
DA:1443,0
DA:1445,0
DA:1446,0
DA:1448,0
DA:1457,0
DA:1463,0
DA:1472,0
DA:1483,0
DA:1493,0
DA:1495,0
DA:1496,0
DA:1502,0
DA:1505,0
DA:1506,0
DA:1507,0
DA:1513,0
DA:1514,0
DA:1516,0
DA:1520,0
DA:1526,0
DA:1532,0
DA:1534,0
DA:1535,0
DA:1536,0
DA:1541,0
DA:1543,0
DA:1544,0
DA:1546,0
DA:1557,0
DA:1566,0
DA:1575,0
DA:1586,0
DA:1625,0
DA:1626,0
DA:1628,0
DA:1629,0
DA:1640,0
DA:1643,0
DA:1647,0
DA:1650,0
DA:1651,0
DA:1652,0
DA:1656,0
DA:1658,0
DA:1663,0
DA:1666,0
DA:1667,0
DA:1670,0
DA:1671,0
DA:1672,0
DA:1673,0
DA:1674,0
DA:1676,0
DA:1679,0
DA:1683,0
DA:1684,0
DA:1686,0
DA:1687,0
DA:1688,0
DA:1692,0
DA:1696,0
DA:1702,0
DA:1705,0
DA:1717,0
DA:1718,0
DA:1720,0
DA:1730,0
DA:1731,0
DA:1733,0
DA:1734,0
DA:1736,0
DA:1740,0
DA:1741,0
DA:1748,0
DA:1752,0
DA:1755,0
DA:1761,0
DA:1773,0
DA:1774,0
DA:1776,0
DA:1788,0
DA:1790,0
DA:1794,0
DA:1798,0
DA:1801,0
DA:1808,0
DA:1821,0
DA:1823,0
DA:1824,0
DA:1836,0
DA:1841,0
DA:1846,0
DA:1849,0
DA:1850,0
DA:1853,0
DA:1854,0
DA:1855,0
DA:1856,0
DA:1857,0
DA:1859,0
DA:1862,0
DA:1866,0
DA:1867,0
DA:1869,0
DA:1870,0
DA:1871,0
DA:1878,0
DA:1882,0
DA:1888,0
DA:1891,0
DA:1901,0
DA:1902,0
DA:1904,0
DA:1914,0
DA:1915,0
DA:1917,0
DA:1918,0
DA:1920,0
DA:1924,0
DA:1925,0
DA:1932,0
DA:1937,0
DA:1940,0
DA:1946,0
DA:1956,0
DA:1957,0
DA:1959,0
DA:1974,0
DA:1976,0
DA:1980,0
DA:1984,0
DA:1987,0
DA:1994,0
DA:2007,0
DA:2009,0
DA:2010,0
DA:2017,0
DA:2018,0
DA:2025,0
DA:2033,0
DA:2042,0
DA:2050,0
DA:2057,0
DA:2061,0
DA:2063,0
DA:2064,0
DA:2071,0
DA:2072,0
DA:2078,0
DA:2086,0
DA:2095,0
DA:2103,0
DA:2110,0
DA:2114,0
DA:2115,0
DA:2124,0
DA:2129,0
DA:2132,0
DA:2133,0
DA:2138,0
DA:2139,0
DA:2140,0
DA:2141,0
DA:2145,0
DA:2146,0
DA:2148,0
DA:2157,0
DA:2158,0
DA:2159,0
DA:2161,0
DA:2162,0
DA:2163,0
DA:2168,0
DA:2172,0
DA:2176,0
DA:2180,0
DA:2181,0
DA:2183,0
DA:2190,0
DA:2202,0
DA:2204,0
DA:2213,0
DA:2227,0
DA:2228,0
DA:2231,0
DA:2240,0
DA:2253,0
DA:2254,0
DA:2260,0
DA:2261,0
DA:2264,0
DA:2265,0
DA:2266,0
DA:2268,0
DA:2269,0
DA:2270,0
DA:2275,0
DA:2279,0
DA:2283,0
DA:2284,0
DA:2285,0
DA:2286,0
DA:2287,0
DA:2289,0
DA:2290,0
DA:2291,0
DA:2292,0
DA:2293,0
DA:2294,0
DA:2300,0
DA:2304,0
DA:2307,0
DA:2317,0
DA:2321,0
DA:2322,0
DA:2324,0
DA:2325,0
DA:2326,0
DA:2327,0
DA:2328,0
DA:2331,0
DA:2336,0
DA:2340,0
DA:2343,0
DA:2354,0
DA:2356,0
DA:2365,0
DA:2376,0
DA:2377,0
DA:2380,0
DA:2386,0
DA:2399,0
DA:2401,0
DA:2402,0
DA:2410,0
DA:2412,0
DA:2421,0
DA:2422,0
DA:2423,0
DA:2431,0
DA:2440,0
DA:2446,0
DA:2455,0
DA:2464,0
DA:2470,0
DA:2478,0
DA:2482,0
DA:2483,0
DA:2492,0
DA:2493,0
DA:2496,0
DA:2497,0
DA:2498,0
DA:2500,0
DA:2501,0
DA:2502,0
DA:2507,0
DA:2511,0
DA:2515,0
DA:2516,0
DA:2517,0
DA:2519,0
DA:2520,0
DA:2521,0
DA:2526,0
DA:2530,0
DA:2534,0
DA:2535,0
DA:2536,0
DA:2537,0
DA:2541,0
DA:2542,0
DA:2544,0
DA:2553,0
DA:2557,0
DA:2558,0
DA:2560,0
DA:2566,0
DA:2579,0
DA:2581,0
DA:2589,0
DA:2600,0
DA:2601,0
DA:2604,0
DA:2610,0
DA:2620,0
DA:2622,0
DA:2623,0
DA:2631,0
DA:2633,0
DA:2644,0
DA:2646,0
DA:2648,0
DA:2679,0
DA:2681,0
DA:2682,0
DA:2686,0
DA:2687,0
DA:2692,0
DA:2693,0
DA:2694,0
DA:2701,0
DA:2709,0
DA:2710,0
DA:2718,0
DA:2727,0
DA:2733,0
DA:2743,0
DA:2752,0
DA:2761,0
DA:2769,0
DA:2773,0
DA:2774,0
DA:2783,0
DA:2784,0
DA:2787,0
DA:2788,0
DA:2789,0
DA:2791,0
DA:2792,0
DA:2793,0
DA:2798,0
DA:2802,0
DA:2806,0
DA:2807,0
DA:2808,0
DA:2810,0
DA:2811,0
DA:2812,0
DA:2817,0
DA:2821,0
DA:2825,0
DA:2826,0
DA:2827,0
DA:2828,0
DA:2829,0
DA:2830,0
DA:2835,0
DA:2836,0
DA:2837,0
DA:2838,0
DA:2842,0
DA:2843,0
DA:2845,0
DA:2858,0
DA:2862,0
DA:2863,0
DA:2865,0
DA:2871,0
DA:2875,0
DA:2879,0
DA:2882,0
DA:2897,0
DA:2899,0
DA:2911,0
DA:2926,0
DA:2927,0
DA:2930,0
DA:2939,0
DA:2952,0
DA:2953,0
DA:2954,0
DA:2963,0
DA:2964,0
DA:2967,0
DA:2969,0
DA:2973,0
DA:2978,0
DA:2979,0
DA:2987,0
DA:2988,0
DA:2992,0
DA:2998,0
DA:2999,0
DA:3008,0
DA:3010,0
DA:3022,0
DA:3027,0
DA:3031,0
DA:3040,0
DA:3041,0
DA:3042,0
DA:3048,0
DA:3050,0
DA:3051,0
DA:3053,0
DA:3054,0
DA:3068,0
DA:3074,0
DA:3085,0
DA:3086,0
DA:3088,0
DA:3100,0
DA:3114,0
DA:3125,0
DA:3136,0
DA:3143,0
DA:3147,0
DA:3148,0
DA:3154,0
DA:3156,0
DA:3159,0
DA:3163,0
DA:3168,0
DA:3171,0
DA:3174,0
DA:3177,0
DA:3183,0
DA:3184,0
DA:3186,0
DA:3189,0
DA:3191,0
DA:3193,0
DA:3194,0
DA:3195,0
DA:3197,0
DA:3200,0
DA:3205,0
DA:3219,0
DA:3220,0
DA:3222,0
DA:3233,0
DA:3237,0
DA:3240,0
DA:3253,0
DA:3257,0
DA:3258,0
DA:3263,0
DA:3264,0
DA:3266,0
DA:3278,0
DA:3286,0
DA:3289,0
DA:3292,0
DA:3295,0
DA:3298,0
DA:3301,0
DA:3304,0
DA:3307,0
DA:3310,0
DA:3316,0
DA:3322,0
DA:3331,0
DA:3332,0
DA:3333,0
DA:3345,0
DA:3347,0
DA:3352,0
DA:3361,0
DA:3364,0
DA:3365,0
DA:3366,0
DA:3369,0
DA:3370,0
DA:3371,0
DA:3372,0
DA:3373,0
DA:3376,0
DA:3379,0
DA:3380,0
DA:3384,0
DA:3385,0
DA:3389,0
DA:3390,0
DA:3392,0
DA:3399,0
DA:3404,0
DA:3405,0
DA:3406,0
DA:3408,0
DA:3409,0
DA:3411,0
DA:3415,0
DA:3416,0
DA:3419,0
DA:3421,0
DA:3422,0
DA:3426,0
DA:3427,0
DA:3429,0
DA:3430,0
DA:3434,0
DA:3435,0
DA:3440,0
DA:3444,0
DA:3447,0
DA:3453,0
DA:3454,0
DA:3457,0
DA:3459,0
DA:3471,0
DA:3472,0
DA:3478,0
DA:3481,0
DA:3482,0
DA:3486,0
DA:3489,0
DA:3491,0
DA:3494,0
DA:3495,0
DA:3517,0
DA:3522,0
DA:3523,0
DA:3527,0
DA:3533,0
DA:3545,0
DA:3546,0
DA:3550,0
DA:3566,0
DA:3574,0
DA:3575,0
DA:3576,0
DA:3578,0
DA:3579,0
DA:3580,0
DA:3585,0
DA:3590,0
DA:3596,0
DA:3604,0
DA:3605,0
DA:3606,0
DA:3612,0
DA:3613,0
DA:3622,0
DA:3623,0
DA:3626,0
DA:3641,0
DA:3642,0
DA:3643,0
DA:3645,0
DA:3653,0
DA:3659,0
DA:3669,0
DA:3672,0
DA:3677,0
DA:3680,0
DA:3683,0
DA:3686,0
DA:3689,0
DA:3692,0
DA:3695,0
DA:3698,0
DA:3702,0
DA:3709,0
DA:3716,0
DA:3718,0
DA:3723,0
DA:3737,0
DA:3749,0
DA:3758,0
DA:3775,0
DA:3784,0
DA:3789,0
DA:3796,0
DA:3799,0
DA:3806,0
DA:3812,0
DA:3818,0
DA:3826,0
DA:3837,0
DA:3838,0
DA:3842,0
DA:3845,0
DA:3907,0
DA:3939,0
DA:3941,0
DA:3944,0
DA:3946,0
DA:3947,0
DA:3951,0
DA:3952,0
DA:3957,0
DA:3958,0
DA:3961,0
DA:3964,0
DA:3979,0
DA:3980,0
DA:3987,0
DA:3988,0
DA:3992,0
DA:3995,0
DA:3996,0
DA:4000,0
DA:4003,0
DA:4006,0
DA:4036,0
DA:4037,0
DA:4038,0
DA:4039,0
DA:4040,0
DA:4044,0
DA:4050,0
DA:4093,0
DA:4094,0
DA:4096,0
DA:4097,0
DA:4098,0
DA:4102,0
DA:4106,0
DA:4107,0
DA:4108,0
DA:4109,0
DA:4113,0
DA:4117,0
DA:4121,0
DA:4122,0
DA:4125,0
DA:4126,0
DA:4127,0
DA:4134,0
DA:4135,0
DA:4136,0
DA:4137,0
DA:4138,0
DA:4142,0
DA:4149,0
DA:4151,0
DA:4160,0
DA:4162,0
DA:4170,0
DA:4189,0
DA:4191,0
DA:4192,0
DA:4197,0
DA:4207,0
DA:4210,0
DA:4238,0
DA:4240,0
DA:4248,0
DA:4258,0
DA:4259,0
DA:4262,0
DA:4264,0
DA:4265,0
DA:4267,0
DA:4268,0
DA:4269,0
DA:4271,0
DA:4272,0
DA:4273,0
DA:4275,0
DA:4276,0
DA:4281,0
DA:4282,0
DA:4284,0
DA:4285,0
DA:4289,0
DA:4295,0
DA:4296,0
DA:4303,0
DA:4304,0
DA:4305,0
DA:4312,0
DA:4313,0
DA:4323,0
DA:4387,0
DA:4389,0
DA:4390,0
DA:4391,0
DA:4396,0
DA:4397,0
DA:4398,0
DA:4399,0
DA:4401,0
DA:4405,0
DA:4409,0
DA:4410,0
DA:4414,0
DA:4418,0
DA:4419,0
DA:4420,0
DA:4423,0
DA:4424,0
DA:4425,0
DA:4426,0
DA:4428,0
DA:4430,0
DA:4431,0
DA:4432,0
DA:4433,0
DA:4435,0
DA:4437,0
DA:4441,0
DA:4451,0
DA:4454,0
DA:4455,0
DA:4458,0
DA:4459,0
DA:4463,0
DA:4464,0
DA:4467,0
DA:4475,0
DA:4477,0
DA:4483,0
LF:1027
LH:0
BRDA:180,0,0,0
BRDA:184,1,0,0
BRDA:184,1,1,0
BRDA:192,2,0,0
BRDA:192,2,1,0
BRDA:192,3,0,0
BRDA:192,3,1,0
BRDA:201,4,0,0
BRDA:201,4,1,0
BRDA:213,5,0,0
BRDA:213,5,1,0
BRDA:213,6,0,0
BRDA:213,6,1,0
BRDA:224,7,0,0
BRDA:224,7,1,0
BRDA:227,8,0,0
BRDA:227,8,1,0
BRDA:234,9,0,0
BRDA:234,9,1,0
BRDA:237,10,0,0
BRDA:237,10,1,0
BRDA:241,11,0,0
BRDA:241,11,1,0
BRDA:251,12,0,0
BRDA:251,12,1,0
BRDA:266,13,0,0
BRDA:266,13,1,0
BRDA:288,14,0,0
BRDA:288,14,1,0
BRDA:289,15,0,0
BRDA:289,15,1,0
BRDA:323,16,0,0
BRDA:323,16,1,0
BRDA:325,17,0,0
BRDA:325,17,1,0
BRDA:325,18,0,0
BRDA:325,18,1,0
BRDA:355,19,0,0
BRDA:355,19,1,0
BRDA:359,20,0,0
BRDA:359,20,1,0
BRDA:363,21,0,0
BRDA:363,21,1,0
BRDA:367,22,0,0
BRDA:367,22,1,0
BRDA:371,23,0,0
BRDA:371,23,1,0
BRDA:409,24,0,0
BRDA:409,24,1,0
BRDA:420,25,0,0
BRDA:420,25,1,0
BRDA:421,26,0,0
BRDA:421,26,1,0
BRDA:421,26,2,0
BRDA:428,27,0,0
BRDA:428,27,1,0
BRDA:428,28,0,0
BRDA:428,28,1,0
BRDA:433,29,0,0
BRDA:433,29,1,0
BRDA:457,30,0,0
BRDA:457,30,1,0
BRDA:458,31,0,0
BRDA:458,31,1,0
BRDA:458,31,2,0
BRDA:458,31,3,0
BRDA:458,31,4,0
BRDA:465,32,0,0
BRDA:465,32,1,0
BRDA:510,33,0,0
BRDA:510,33,1,0
BRDA:520,34,0,0
BRDA:520,34,1,0
BRDA:554,35,0,0
BRDA:554,35,1,0
BRDA:558,36,0,0
BRDA:558,36,1,0
BRDA:558,37,0,0
BRDA:558,37,1,0
BRDA:629,38,0,0
BRDA:629,38,1,0
BRDA:629,38,2,0
BRDA:640,39,0,0
BRDA:640,39,1,0
BRDA:685,40,0,0
BRDA:690,41,0,0
BRDA:690,41,1,0
BRDA:697,42,0,0
BRDA:697,42,1,0
BRDA:698,43,0,0
BRDA:698,43,1,0
BRDA:698,43,2,0
BRDA:711,44,0,0
BRDA:711,44,1,0
BRDA:711,45,0,0
BRDA:711,45,1,0
BRDA:752,46,0,0
BRDA:752,46,1,0
BRDA:753,47,0,0
BRDA:753,47,1,0
BRDA:760,48,0,0
BRDA:760,48,1,0
BRDA:767,49,0,0
BRDA:767,49,1,0
BRDA:768,50,0,0
BRDA:768,50,1,0
BRDA:775,51,0,0
BRDA:775,51,1,0
BRDA:789,52,0,0
BRDA:789,52,1,0
BRDA:789,53,0,0
BRDA:789,53,1,0
BRDA:846,54,0,0
BRDA:846,54,1,0
BRDA:847,55,0,0
BRDA:847,55,1,0
BRDA:849,56,0,0
BRDA:849,56,1,0
BRDA:858,57,0,0
BRDA:858,57,1,0
BRDA:883,58,0,0
BRDA:883,58,1,0
BRDA:921,59,0,0
BRDA:921,59,1,0
BRDA:923,60,0,0
BRDA:923,60,1,0
BRDA:938,61,0,0
BRDA:938,61,1,0
BRDA:980,62,0,0
BRDA:980,62,1,0
BRDA:986,63,0,0
BRDA:986,63,1,0
BRDA:1017,64,0,0
BRDA:1017,64,1,0
BRDA:1051,65,0,0
BRDA:1051,65,1,0
BRDA:1058,66,0,0
BRDA:1058,66,1,0
BRDA:1058,67,0,0
BRDA:1058,67,1,0
BRDA:1065,68,0,0
BRDA:1065,68,1,0
BRDA:1066,69,0,0
BRDA:1066,69,1,0
BRDA:1066,69,2,0
BRDA:1075,70,0,0
BRDA:1075,70,1,0
BRDA:1075,71,0,0
BRDA:1075,71,1,0
BRDA:1081,72,0,0
BRDA:1081,72,1,0
BRDA:1081,73,0,0
BRDA:1081,73,1,0
BRDA:1086,74,0,0
BRDA:1086,74,1,0
BRDA:1139,75,0,0
BRDA:1139,75,1,0
BRDA:1150,76,0,0
BRDA:1150,76,1,0
BRDA:1256,77,0,0
BRDA:1256,77,1,0
BRDA:1256,78,0,0
BRDA:1256,78,1,0
BRDA:1303,79,0,0
BRDA:1303,79,1,0
BRDA:1303,80,0,0
BRDA:1303,80,1,0
BRDA:1353,81,0,0
BRDA:1353,81,1,0
BRDA:1353,82,0,0
BRDA:1353,82,1,0
BRDA:1411,83,0,0
BRDA:1411,83,1,0
BRDA:1419,84,0,0
BRDA:1419,84,1,0
BRDA:1443,85,0,0
BRDA:1443,85,1,0
BRDA:1476,86,0,0
BRDA:1476,86,1,0
BRDA:1506,87,0,0
BRDA:1506,87,1,0
BRDA:1514,88,0,0
BRDA:1514,88,1,0
BRDA:1514,89,0,0
BRDA:1514,89,1,0
BRDA:1541,90,0,0
BRDA:1541,90,1,0
BRDA:1579,91,0,0
BRDA:1579,91,1,0
BRDA:1656,92,0,0
BRDA:1658,93,0,0
BRDA:1658,93,1,0
BRDA:1659,94,0,0
BRDA:1659,94,1,0
BRDA:1659,94,2,0
BRDA:1666,95,0,0
BRDA:1666,95,1,0
BRDA:1666,96,0,0
BRDA:1666,96,1,0
BRDA:1670,97,0,0
BRDA:1670,97,1,0
BRDA:1670,98,0,0
BRDA:1670,98,1,0
BRDA:1673,99,0,0
BRDA:1673,99,1,0
BRDA:1684,100,0,0
BRDA:1684,100,1,0
BRDA:1687,101,0,0
BRDA:1687,101,1,0
BRDA:1709,102,0,0
BRDA:1709,102,1,0
BRDA:1731,103,0,0
BRDA:1731,103,1,0
BRDA:1734,104,0,0
BRDA:1734,104,1,0
BRDA:1740,105,0,0
BRDA:1740,105,1,0
BRDA:1765,106,0,0
BRDA:1765,106,1,0
BRDA:1790,107,0,0
BRDA:1790,107,1,0
BRDA:1838,108,0,0
BRDA:1841,109,0,0
BRDA:1841,109,1,0
BRDA:1842,110,0,0
BRDA:1842,110,1,0
BRDA:1842,110,2,0
BRDA:1849,111,0,0
BRDA:1849,111,1,0
BRDA:1849,112,0,0
BRDA:1849,112,1,0
BRDA:1853,113,0,0
BRDA:1853,113,1,0
BRDA:1853,114,0,0
BRDA:1853,114,1,0
BRDA:1856,115,0,0
BRDA:1856,115,1,0
BRDA:1867,116,0,0
BRDA:1867,116,1,0
BRDA:1870,117,0,0
BRDA:1870,117,1,0
BRDA:1915,118,0,0
BRDA:1915,118,1,0
BRDA:1918,119,0,0
BRDA:1918,119,1,0
BRDA:1924,120,0,0
BRDA:1924,120,1,0
BRDA:1976,121,0,0
BRDA:1976,121,1,0
BRDA:2017,122,0,0
BRDA:2017,122,1,0
BRDA:2017,123,0,0
BRDA:2017,123,1,0
BRDA:2054,124,0,0
BRDA:2054,124,1,0
BRDA:2071,125,0,0
BRDA:2071,125,1,0
BRDA:2071,126,0,0
BRDA:2071,126,1,0
BRDA:2107,127,0,0
BRDA:2107,127,1,0
BRDA:2132,128,0,0
BRDA:2132,128,1,0
BRDA:2157,129,0,0
BRDA:2157,129,1,0
BRDA:2157,130,0,0
BRDA:2157,130,1,0
BRDA:2157,130,2,0
BRDA:2162,131,0,0
BRDA:2162,131,1,0
BRDA:2210,132,0,0
BRDA:2210,132,1,0
BRDA:2264,133,0,0
BRDA:2264,133,1,0
BRDA:2264,134,0,0
BRDA:2264,134,1,0
BRDA:2264,134,2,0
BRDA:2269,135,0,0
BRDA:2269,135,1,0
BRDA:2283,136,0,0
BRDA:2283,136,1,0
BRDA:2283,137,0,0
BRDA:2283,137,1,0
BRDA:2283,137,2,0
BRDA:2285,138,0,0
BRDA:2285,138,1,0
BRDA:2286,139,0,0
BRDA:2286,139,1,0
BRDA:2292,140,0,0
BRDA:2292,140,1,0
BRDA:2326,141,0,0
BRDA:2326,141,1,0
BRDA:2327,142,0,0
BRDA:2327,142,1,0
BRDA:2361,143,0,0
BRDA:2361,143,1,0
BRDA:2421,144,0,0
BRDA:2421,144,1,0
BRDA:2421,145,0,0
BRDA:2421,145,1,0
BRDA:2422,146,0,0
BRDA:2422,146,1,0
BRDA:2474,147,0,0
BRDA:2474,147,1,0
BRDA:2496,148,0,0
BRDA:2496,148,1,0
BRDA:2496,149,0,0
BRDA:2496,149,1,0
BRDA:2496,149,2,0
BRDA:2501,150,0,0
BRDA:2501,150,1,0
BRDA:2515,151,0,0
BRDA:2515,151,1,0
BRDA:2515,152,0,0
BRDA:2515,152,1,0
BRDA:2515,152,2,0
BRDA:2520,153,0,0
BRDA:2520,153,1,0
BRDA:2586,154,0,0
BRDA:2586,154,1,0
BRDA:2646,155,0,0
BRDA:2646,155,1,0
BRDA:2646,156,0,0
BRDA:2646,156,1,0
BRDA:2681,157,0,0
BRDA:2681,157,1,0
BRDA:2692,158,0,0
BRDA:2692,158,1,0
BRDA:2709,159,0,0
BRDA:2709,159,1,0
BRDA:2765,160,0,0
BRDA:2765,160,1,0
BRDA:2787,161,0,0
BRDA:2787,161,1,0
BRDA:2787,162,0,0
BRDA:2787,162,1,0
BRDA:2787,162,2,0
BRDA:2792,163,0,0
BRDA:2792,163,1,0
BRDA:2806,164,0,0
BRDA:2806,164,1,0
BRDA:2806,165,0,0
BRDA:2806,165,1,0
BRDA:2806,165,2,0
BRDA:2811,166,0,0
BRDA:2811,166,1,0
BRDA:2825,167,0,0
BRDA:2825,167,1,0
BRDA:2827,168,0,0
BRDA:2827,168,1,0
BRDA:2827,169,0,0
BRDA:2827,169,1,0
BRDA:2829,170,0,0
BRDA:2829,170,1,0
BRDA:2875,171,0,0
BRDA:2875,171,1,0
BRDA:2875,172,0,0
BRDA:2875,172,1,0
BRDA:2877,173,0,0
BRDA:2877,173,1,0
BRDA:2969,174,0,0
BRDA:2969,174,1,0
BRDA:2978,175,0,0
BRDA:2978,175,1,0
BRDA:2988,176,0,0
BRDA:2988,176,1,0
BRDA:2988,177,0,0
BRDA:2988,177,1,0
BRDA:3001,178,0,0
BRDA:3001,178,1,0
BRDA:3048,179,0,0
BRDA:3048,179,1,0
BRDA:3048,180,0,0
BRDA:3048,180,1,0
BRDA:3085,181,0,0
BRDA:3085,181,1,0
BRDA:3128,182,0,0
BRDA:3128,182,1,0
BRDA:3154,183,0,0
BRDA:3154,183,1,0
BRDA:3163,184,0,0
BRDA:3163,184,1,0
BRDA:3164,185,0,0
BRDA:3164,185,1,0
BRDA:3164,185,2,0
BRDA:3191,186,0,0
BRDA:3191,186,1,0
BRDA:3194,187,0,0
BRDA:3194,187,1,0
BRDA:3195,188,0,0
BRDA:3195,188,1,0
BRDA:3197,189,0,0
BRDA:3197,189,1,0
BRDA:3200,190,0,0
BRDA:3200,190,1,0
BRDA:3201,191,0,0
BRDA:3201,191,1,0
BRDA:3233,192,0,0
BRDA:3233,192,1,0
BRDA:3234,193,0,0
BRDA:3234,193,1,0
BRDA:3331,194,0,0
BRDA:3331,194,1,0
BRDA:3365,195,0,0
BRDA:3365,195,1,0
BRDA:3379,196,0,0
BRDA:3379,196,1,0
BRDA:3384,197,0,0
BRDA:3384,197,1,0
BRDA:3411,198,0,0
BRDA:3411,198,1,0
BRDA:3415,199,0,0
BRDA:3415,199,1,0
BRDA:3419,200,0,0
BRDA:3419,200,1,0
BRDA:3421,201,0,0
BRDA:3421,201,1,0
BRDA:3429,202,0,0
BRDA:3429,202,1,0
BRDA:3436,203,0,0
BRDA:3436,203,1,0
BRDA:3453,204,0,0
BRDA:3453,204,1,0
BRDA:3472,205,0,0
BRDA:3472,205,1,0
BRDA:3473,206,0,0
BRDA:3473,206,1,0
BRDA:3473,206,2,0
BRDA:3478,207,0,0
BRDA:3478,207,1,0
BRDA:3478,207,2,0
BRDA:3494,208,0,0
BRDA:3494,208,1,0
BRDA:3501,209,0,0
BRDA:3501,209,1,0
BRDA:3509,210,0,0
BRDA:3509,210,1,0
BRDA:3509,210,2,0
BRDA:3517,211,0,0
BRDA:3517,211,1,0
BRDA:3518,212,0,0
BRDA:3518,212,1,0
BRDA:3522,213,0,0
BRDA:3522,213,1,0
BRDA:3545,214,0,0
BRDA:3545,214,1,0
BRDA:3556,215,0,0
BRDA:3556,215,1,0
BRDA:3576,216,0,0
BRDA:3576,216,1,0
BRDA:3578,217,0,0
BRDA:3578,217,1,0
BRDA:3605,218,0,0
BRDA:3605,218,1,0
BRDA:3606,219,0,0
BRDA:3606,219,1,0
BRDA:3630,220,0,0
BRDA:3630,220,1,0
BRDA:3634,221,0,0
BRDA:3634,221,1,0
BRDA:3641,222,0,0
BRDA:3641,222,1,0
BRDA:3784,223,0,0
BRDA:3784,223,1,0
BRDA:3789,224,0,0
BRDA:3789,224,1,0
BRDA:3837,225,0,0
BRDA:3837,225,1,0
BRDA:3837,226,0,0
BRDA:3837,226,1,0
BRDA:3946,227,0,0
BRDA:3946,227,1,0
BRDA:3951,228,0,0
BRDA:3951,228,1,0
BRDA:3957,229,0,0
BRDA:3957,229,1,0
BRDA:3982,230,0,0
BRDA:3982,230,1,0
BRDA:3987,231,0,0
BRDA:3987,231,1,0
BRDA:3987,232,0,0
BRDA:3987,232,1,0
BRDA:3995,233,0,0
BRDA:3995,233,1,0
BRDA:3995,234,0,0
BRDA:3995,234,1,0
BRDA:4038,235,0,0
BRDA:4038,235,1,0
BRDA:4096,236,0,0
BRDA:4096,236,1,0
BRDA:4107,237,0,0
BRDA:4107,237,1,0
BRDA:4117,238,0,0
BRDA:4117,238,1,0
BRDA:4125,239,0,0
BRDA:4125,239,1,0
BRDA:4134,240,0,0
BRDA:4134,240,1,0
BRDA:4136,241,0,0
BRDA:4136,241,1,0
BRDA:4149,242,0,0
BRDA:4149,242,1,0
BRDA:4149,242,2,0
BRDA:4166,243,0,0
BRDA:4166,243,1,0
BRDA:4188,244,0,0
BRDA:4191,245,0,0
BRDA:4191,245,1,0
BRDA:4191,246,0,0
BRDA:4191,246,1,0
BRDA:4258,247,0,0
BRDA:4258,247,1,0
BRDA:4258,248,0,0
BRDA:4258,248,1,0
BRDA:4271,249,0,0
BRDA:4271,249,1,0
BRDA:4271,250,0,0
BRDA:4271,250,1,0
BRDA:4272,251,0,0
BRDA:4272,251,1,0
BRDA:4282,252,0,0
BRDA:4282,252,1,0
BRDA:4312,253,0,0
BRDA:4312,253,1,0
BRDA:4312,254,0,0
BRDA:4312,254,1,0
BRDA:4389,255,0,0
BRDA:4389,255,1,0
BRDA:4396,256,0,0
BRDA:4396,256,1,0
BRDA:4398,257,0,0
BRDA:4398,257,1,0
BRDA:4409,258,0,0
BRDA:4409,258,1,0
BRDA:4431,259,0,0
BRDA:4431,259,1,0
BRDA:4432,260,0,0
BRDA:4432,260,1,0
BRDA:4434,261,0,0
BRDA:4434,261,1,0
BRDA:4436,262,0,0
BRDA:4436,262,1,0
BRDA:4438,263,0,0
BRDA:4438,263,1,0
BRDA:4454,264,0,0
BRDA:4454,264,1,0
BRDA:4458,265,0,0
BRDA:4458,265,1,0
BRF:548
BRH:0
end_of_record
TN:
SF:src/services/parsing/javascript.parser.js
FN:14,parseJavaScript
FN:30,createEntity
FN:89,createRelationship
FN:114,findEntityByName
FN:128,processFunctionCalls
FN:192,processClassInheritance
FN:229,processInterfaceImplementation
[...]
DA:266,0
DA:267,0
DA:268,0
DA:269,0
DA:270,0
DA:281,0
DA:285,0
DA:295,0
DA:296,0
DA:299,0
DA:300,0
DA:302,0
DA:304,0
DA:305,0
DA:307,0
DA:308,0
DA:309,0
DA:310,0
DA:311,0
DA:312,0
DA:313,0
DA:315,0
DA:317,0
DA:320,0
DA:325,0
DA:329,0
DA:333,0
DA:337,0
DA:338,0
DA:339,0
DA:344,0
DA:350,0
DA:353,0
DA:363,0
DA:368,0
DA:371,0
DA:372,0
DA:382,0
DA:393,0
DA:396,0
DA:397,0
DA:398,0
DA:401,0
DA:403,0
DA:404,0
DA:406,0
DA:407,0
DA:410,0
DA:411,0
DA:412,0
DA:416,0
DA:419,0
DA:420,0
DA:421,0
DA:423,0
DA:428,0
DA:430,0
DA:432,0
DA:450,0
DA:451,0
DA:452,0
DA:463,0
DA:464,0
DA:465,0
DA:466,0
DA:467,0
DA:468,0
DA:469,0
DA:472,0
DA:477,0
DA:495,0
DA:498,0
DA:511,0
DA:514,0
DA:516,0
DA:531,0
DA:532,0
DA:533,0
DA:542,0
DA:546,0
DA:547,0
DA:550,0
DA:552,0
DA:556,0
DA:575,0
DA:577,0
DA:578,0
DA:581,0
DA:582,0
DA:585,0
DA:586,0
DA:590,0
DA:591,0
DA:594,0
DA:595,0
DA:599,0
DA:600,0
DA:602,0
DA:607,0
DA:610,0
DA:620,0
DA:622,0
DA:639,0
DA:640,0
DA:643,0
LF:184
LH:0
BRDA:30,0,0,0
BRDA:62,1,0,0
BRDA:62,1,1,0
BRDA:88,2,0,0
BRDA:108,3,0,0
BRDA:110,4,0,0
BRDA:110,4,1,0
BRDA:110,4,2,0
BRDA:124,5,0,0
BRDA:124,5,1,0
BRDA:124,6,0,0
BRDA:124,6,1,0
BRDA:131,7,0,0
BRDA:131,7,1,0
BRDA:137,8,0,0
BRDA:137,8,1,0
BRDA:142,9,0,0
BRDA:142,9,1,0
BRDA:148,10,0,0
BRDA:148,10,1,0
BRDA:161,11,0,0
BRDA:161,11,1,0
BRDA:185,12,0,0
BRDA:185,12,1,0
BRDA:191,13,0,0
BRDA:191,13,1,0
BRDA:198,14,0,0
BRDA:198,14,1,0
BRDA:202,15,0,0
BRDA:202,15,1,0
BRDA:232,16,0,0
BRDA:232,16,1,0
BRDA:252,17,0,0
BRDA:252,17,1,0
BRDA:255,18,0,0
BRDA:255,18,1,0
BRDA:258,19,0,0
BRDA:258,19,1,0
BRDA:265,20,0,0
BRDA:265,20,1,0
BRDA:268,21,0,0
BRDA:268,21,1,0
BRDA:276,22,0,0
BRDA:276,22,1,0
BRDA:302,23,0,0
BRDA:302,23,1,0
BRDA:305,24,0,0
BRDA:305,24,1,0
BRDA:309,25,0,0
BRDA:309,25,1,0
BRDA:312,26,0,0
BRDA:312,26,1,0
BRDA:312,27,0,0
BRDA:312,27,1,0
BRDA:320,28,0,0
BRDA:320,28,1,0
BRDA:321,29,0,0
BRDA:321,29,1,0
BRDA:329,30,0,0
BRDA:329,30,1,0
BRDA:330,31,0,0
BRDA:330,31,1,0
BRDA:337,32,0,0
BRDA:337,32,1,0
BRDA:346,33,0,0
BRDA:346,33,1,0
BRDA:363,34,0,0
BRDA:363,34,1,0
BRDA:364,35,0,0
BRDA:364,35,1,0
BRDA:371,36,0,0
BRDA:371,36,1,0
BRDA:375,37,0,0
BRDA:375,37,1,0
BRDA:377,38,0,0
BRDA:377,38,1,0
BRDA:393,39,0,0
BRDA:393,39,1,0
BRDA:393,40,0,0
BRDA:393,40,1,0
BRDA:396,41,0,0
BRDA:396,41,1,0
BRDA:403,42,0,0
BRDA:403,42,1,0
BRDA:404,43,0,0
BRDA:404,43,1,0
BRDA:407,44,0,0
BRDA:407,44,1,0
BRDA:412,45,0,0
BRDA:412,45,1,0
BRDA:413,46,0,0
BRDA:413,46,1,0
BRDA:420,47,0,0
BRDA:420,47,1,0
BRDA:420,48,0,0
BRDA:420,48,1,0
BRDA:428,49,0,0
BRDA:428,49,1,0
BRDA:434,50,0,0
BRDA:434,50,1,0
BRDA:465,51,0,0
BRDA:465,51,1,0
BRDA:468,52,0,0
BRDA:468,52,1,0
BRDA:479,53,0,0
BRDA:479,53,1,0
BRDA:495,54,0,0
BRDA:495,54,1,0
BRDA:495,55,0,0
BRDA:495,55,1,0
BRDA:498,56,0,0
BRDA:498,56,1,0
BRDA:499,57,0,0
BRDA:499,57,1,0
BRDA:499,57,2,0
BRDA:499,57,3,0
BRDA:509,58,0,0
BRDA:509,58,1,0
BRDA:518,59,0,0
BRDA:518,59,1,0
BRDA:542,60,0,0
BRDA:542,60,1,0
BRDA:543,61,0,0
BRDA:543,61,1,0
BRDA:547,62,0,0
BRDA:547,62,1,0
BRDA:552,63,0,0
BRDA:552,63,1,0
BRDA:575,64,0,0
BRDA:575,64,1,0
BRDA:575,64,2,0
BRDA:575,64,3,0
BRDA:575,64,4,0
BRDA:575,64,5,0
BRDA:575,64,6,0
BRDA:620,65,0,0
BRDA:620,65,1,0
BRF:137
BRH:0
end_of_record
TN:
SF:src/services/parsing/pythonParser.test.js
FN:16,testPythonParser
FN:140,(anonymous_1)
FN:166,(anonymous_2)
FN:180,(anonymous_3)
FN:192,(anonymous_4)
FN:194,(anonymous_5)
FN:197,(anonymous_6)
FN:237,(anonymous_7)
FN:238,(anonymous_8)
FN:240,(anonymous_9)
FN:252,(anonymous_10)
FN:253,(anonymous_11)
FN:255,(anonymous_12)
FN:267,(anonymous_13)
FN:268,(anonymous_14)
FN:270,(anonymous_15)
FN:286,(anonymous_16)
FN:287,(anonymous_17)
FN:310,(anonymous_18)
FNF:19
FNH:0
FNDA:0,testPythonParser
FNDA:0,(anonymous_1)
FNDA:0,(anonymous_2)
FNDA:0,(anonymous_3)
FNDA:0,(anonymous_4)
FNDA:0,(anonymous_5)
FNDA:0,(anonymous_6)
FNDA:0,(anonymous_7)
FNDA:0,(anonymous_8)
FNDA:0,(anonymous_9)
FNDA:0,(anonymous_10)
FNDA:0,(anonymous_11)
FNDA:0,(anonymous_12)
FNDA:0,(anonymous_13)
FNDA:0,(anonymous_14)
FNDA:0,(anonymous_15)
FNDA:0,(anonymous_16)
FNDA:0,(anonymous_17)
FNDA:0,(anonymous_18)
DA:17,0
DA:19,0
DA:22,0
DA:25,0
DA:26,0
DA:29,0
DA:125,0
DA:126,0
DA:127,0
DA:129,0
DA:132,0
DA:138,0
DA:140,0
DA:141,0
DA:142,0
DA:143,0
DA:144,0
DA:145,0
DA:146,0
DA:149,0
DA:150,0
DA:154,0
DA:157,0
DA:162,0
DA:166,0
DA:167,0
DA:168,0
DA:171,0
DA:172,0
DA:173,0
DA:177,0
DA:180,0
DA:181,0
DA:184,0
DA:188,0
DA:189,0
DA:192,0
DA:193,0
DA:194,0
DA:196,0
DA:197,0
DA:200,0
DA:205,0
DA:210,0
DA:211,0
DA:215,0
DA:221,0
DA:222,0
DA:227,0
DA:228,0
DA:235,0
DA:236,0
DA:237,0
DA:239,0
DA:240,0
DA:242,0
DA:250,0
DA:251,0
DA:252,0
DA:254,0
DA:256,0
DA:260,0
DA:264,0
DA:265,0
DA:266,0
DA:267,0
DA:269,0
DA:270,0
DA:272,0
DA:273,0
DA:275,0
DA:279,0
DA:280,0
DA:284,0
DA:285,0
DA:286,0
DA:288,0
DA:289,0
DA:290,0
DA:294,0
DA:298,0
DA:300,0
DA:303,0
DA:310,0
DA:311,0
DA:314,0
LF:86
LH:0
BRDA:125,0,0,0
BRDA:125,0,1,0
BRDA:149,1,0,0
BRDA:149,1,1,0
BRDA:159,2,0,0
BRDA:159,2,1,0
BRDA:167,3,0,0
BRDA:167,3,1,0
BRDA:181,4,0,0
BRDA:181,4,1,0
BRDA:201,5,0,0
BRDA:201,5,1,0
BRDA:206,6,0,0
BRDA:206,6,1,0
BRDA:210,7,0,0
BRDA:210,7,1,0
BRDA:221,8,0,0
BRDA:221,8,1,0
BRDA:227,9,0,0
BRDA:227,9,1,0
BRDA:243,10,0,0
BRDA:243,10,1,0
BRDA:256,11,0,0
BRDA:256,11,1,0
BRDA:256,11,2,0
BRDA:272,12,0,0
BRDA:272,12,1,0
BRDA:274,13,0,0
BRDA:274,13,1,0
BRDA:289,14,0,0
BRDA:289,14,1,0
BRF:31
BRH:0
end_of_record
TN:
SF:src/services/parsing/treeSitterManager.js
FN:23,(anonymous_0)
FN:33,(anonymous_1)
FN:94,(anonymous_2)
FN:123,(anonymous_3)
FN:166,(anonymous_4)
FN:197,(anonymous_5)
FN:236,(anonymous_6)
FN:244,(anonymous_7)
FNF:8
FNH:0
FNDA:0,(anonymous_0)
FNDA:0,(anonymous_1)
FNDA:0,(anonymous_2)
FNDA:0,(anonymous_3)
FNDA:0,(anonymous_4)
FNDA:0,(anonymous_5)
FNDA:0,(anonymous_6)
FNDA:0,(anonymous_7)
DA:10,0
DA:24,0
DA:25,0
DA:34,0
DA:35,0
DA:38,0
DA:41,0
DA:45,0
DA:48,0
DA:49,0
DA:51,0
DA:52,0
DA:53,0
DA:54,0
DA:55,0
DA:56,0
DA:57,0
DA:58,0
DA:59,0
DA:63,0
DA:64,0
DA:66,0
DA:72,0
DA:77,0
DA:79,0
DA:80,0
DA:81,0
DA:84,0
DA:87,0
DA:95,0
DA:96,0
DA:99,0
DA:100,0
DA:103,0
DA:105,0
DA:106,0
DA:109,0
DA:110,0
DA:112,0
DA:115,0
DA:124,0
DA:125,0
DA:129,0
DA:130,0
DA:133,0
DA:135,0
DA:136,0
DA:140,0
DA:141,0
DA:142,0
DA:144,0
DA:148,0
DA:149,0
DA:150,0
DA:152,0
DA:155,0
DA:158,0
DA:167,0
DA:168,0
DA:172,0
DA:173,0
DA:176,0
DA:178,0
DA:179,0
DA:182,0
DA:183,0
DA:185,0
DA:188,0
DA:198,0
DA:199,0
DA:202,0
DA:205,0
DA:207,0
DA:208,0
DA:209,0
DA:212,0
DA:214,0
DA:217,0
DA:219,0
DA:221,0
DA:227,0
DA:237,0
DA:245,0
LF:83
LH:0
BRDA:34,0,0,0
BRDA:34,0,1,0
BRDA:51,1,0,0
BRDA:51,1,1,0
BRDA:54,2,0,0
BRDA:54,2,1,0
BRDA:57,3,0,0
BRDA:57,3,1,0
BRDA:79,4,0,0
BRDA:79,4,1,0
BRDA:105,5,0,0
BRDA:105,5,1,0
BRDA:135,6,0,0
BRDA:135,6,1,0
BRDA:140,7,0,0
BRDA:140,7,1,0
BRDA:148,8,0,0
BRDA:148,8,1,0
BRDA:178,9,0,0
BRDA:178,9,1,0
BRDA:198,10,0,0
BRDA:198,10,1,0
BRDA:207,11,0,0
BRDA:207,11,1,0
BRF:24
BRH:0
end_of_record
TN:
SF:src/services/parsing/treeSitterTest.js
FN:14,testTreeSitter
FN:62,(anonymous_1)
FNF:2
FNH:0
FNDA:0,testTreeSitter
FNDA:0,(anonymous_1)
DA:15,0
DA:17,0
DA:20,0
DA:23,0
DA:24,0
DA:27,0
DA:28,0
DA:29,0
DA:30,0
DA:31,0
DA:32,0
DA:36,0
DA:37,0
DA:38,0
DA:39,0
DA:40,0
DA:41,0
DA:45,0
DA:46,0
DA:47,0
DA:48,0
DA:49,0
DA:50,0
DA:53,0
DA:55,0
DA:62,0
DA:63,0
DA:66,0
LF:28
LH:0
BRDA:27,0,0,0
BRDA:27,0,1,0
BRDA:36,1,0,0
BRDA:36,1,1,0
BRDA:45,2,0,0
BRDA:45,2,1,0
BRF:6
BRH:0
end_of_record
TN:
SF:src/services/parsing/typescript.parser.js
FN:14,parseTypeScript
FN:30,createCodeEntity
FN:85,createRelationship
FN:113,createInterfaceEntity
FN:157,createTypeAliasEntity
FN:201,createEnumEntity
FN:231,createEnumMemberEntity
FN:271,createNamespaceEntity
FN:305,createClassEntity
FN:362,createFunctionEntity
FN:411,createMethodEntity
FN:465,createPropertyEntity
FN:523,extractInterfaceExtension
FN:559,extractImplementsInterface
FN:595,extractTypeReference
FN:697,extractFunctionCall
FN:740,extractMemberAccess
FN:774,extractVariableAssignment
FN:800,extractImportRelationship
FN:837,extractExportRelationship
FN:851,visitNode
FN:989,(anonymous_21)
FN:1005,nodeToObject
FNF:23
FNH:0
FNDA:0,parseTypeScript
FNDA:0,createCodeEntity
FNDA:0,createRelationship
FNDA:0,createInterfaceEntity
FNDA:0,createTypeAliasEntity
FNDA:0,createEnumEntity
FNDA:0,createEnumMemberEntity
FNDA:0,createNamespaceEntity
FNDA:0,createClassEntity
FNDA:0,createFunctionEntity
FNDA:0,createMethodEntity
FNDA:0,createPropertyEntity
FNDA:0,extractInterfaceExtension
FNDA:0,extractImplementsInterface
FNDA:0,extractTypeReference
FNDA:0,extractFunctionCall
FNDA:0,extractMemberAccess
FNDA:0,extractVariableAssignment
FNDA:0,extractImportRelationship
FNDA:0,extractExportRelationship
FNDA:0,visitNode
FNDA:0,(anonymous_21)
FNDA:0,nodeToObject
DA:16,0
DA:17,0
DA:20,0
DA:31,0
DA:34,0
DA:35,0
DA:36,0
DA:39,0
DA:40,0
DA:41,0
DA:42,0
DA:46,0
DA:61,0
DA:64,0
DA:65,0
DA:73,0
DA:92,0
DA:94,0
DA:102,0
DA:103,0
DA:114,0
DA:117,0
DA:118,0
DA:119,0
DA:120,0
DA:121,0
DA:122,0
DA:126,0
DA:128,0
DA:129,0
DA:134,0
DA:136,0
DA:139,0
DA:140,0
DA:141,0
DA:142,0
DA:143,0
DA:147,0
DA:158,0
DA:161,0
DA:162,0
DA:163,0
DA:164,0
DA:165,0
DA:166,0
DA:170,0
DA:172,0
DA:173,0
DA:178,0
DA:180,0
DA:183,0
DA:184,0
DA:185,0
DA:186,0
DA:187,0
DA:191,0
DA:202,0
DA:205,0
DA:206,0
DA:207,0
DA:208,0
DA:209,0
DA:210,0
DA:214,0
DA:216,0
DA:217,0
DA:218,0
DA:220,0
DA:221,0
DA:232,0
DA:235,0
DA:236,0
DA:237,0
DA:238,0
DA:239,0
DA:240,0
DA:244,0
DA:246,0
DA:247,0
DA:248,0
DA:250,0
DA:253,0
DA:254,0
DA:255,0
DA:256,0
DA:257,0
DA:261,0
DA:272,0
DA:275,0
DA:276,0
DA:277,0
DA:278,0
DA:279,0
DA:280,0
DA:284,0
DA:286,0
DA:287,0
DA:292,0
DA:294,0
DA:295,0
DA:306,0
DA:309,0
DA:310,0
DA:311,0
DA:312,0
DA:313,0
DA:314,0
DA:318,0
DA:320,0
DA:321,0
DA:322,0
DA:324,0
DA:327,0
DA:328,0
DA:332,0
DA:333,0
DA:335,0
DA:336,0
DA:337,0
DA:338,0
DA:339,0
DA:340,0
DA:344,0
DA:345,0
DA:348,0
DA:349,0
DA:352,0
DA:363,0
DA:366,0
DA:367,0
DA:368,0
DA:369,0
DA:370,0
DA:371,0
DA:376,0
DA:378,0
DA:379,0
DA:381,0
DA:384,0
DA:385,0
DA:386,0
DA:387,0
DA:388,0
DA:393,0
DA:394,0
DA:395,0
DA:396,0
DA:397,0
DA:401,0
DA:412,0
DA:415,0
DA:416,0
DA:417,0
DA:418,0
DA:419,0
DA:420,0
DA:424,0
DA:426,0
DA:427,0
DA:428,0
DA:430,0
DA:433,0
DA:434,0
DA:435,0
DA:436,0
DA:437,0
DA:438,0
DA:439,0
DA:440,0
DA:441,0
DA:442,0
DA:447,0
DA:448,0
DA:449,0
DA:450,0
DA:451,0
DA:455,0
DA:466,0
DA:469,0
DA:470,0
DA:471,0
DA:472,0
DA:476,0
DA:477,0
DA:481,0
DA:483,0
DA:484,0
DA:485,0
DA:487,0
DA:490,0
DA:491,0
DA:492,0
DA:493,0
DA:494,0
DA:495,0
DA:496,0
DA:497,0
DA:498,0
DA:499,0
DA:500,0
DA:501,0
DA:506,0
DA:507,0
DA:508,0
DA:509,0
DA:510,0
DA:514,0
DA:524,0
DA:527,0
DA:528,0
DA:529,0
DA:530,0
DA:531,0
DA:532,0
DA:536,0
DA:539,0
DA:540,0
DA:541,0
DA:542,0
DA:543,0
DA:560,0
DA:563,0
DA:564,0
DA:565,0
DA:566,0
DA:567,0
DA:568,0
DA:572,0
DA:575,0
DA:576,0
DA:577,0
DA:578,0
DA:579,0
DA:596,0
DA:598,0
DA:601,0
DA:602,0
DA:603,0
DA:604,0
DA:609,0
DA:615,0
DA:617,0
DA:618,0
DA:619,0
DA:620,0
DA:627,0
DA:629,0
DA:630,0
DA:631,0
DA:635,0
DA:646,0
DA:648,0
DA:649,0
DA:650,0
DA:654,0
DA:667,0
DA:668,0
DA:669,0
DA:670,0
DA:671,0
DA:672,0
DA:673,0
DA:677,0
DA:698,0
DA:701,0
DA:702,0
DA:703,0
DA:706,0
DA:708,0
DA:711,0
DA:712,0
DA:713,0
DA:715,0
DA:716,0
DA:717,0
DA:718,0
DA:719,0
DA:724,0
DA:725,0
DA:741,0
DA:744,0
DA:745,0
DA:747,0
DA:748,0
DA:749,0
DA:752,0
DA:754,0
DA:755,0
DA:758,0
DA:775,0
DA:778,0
DA:779,0
DA:780,0
DA:781,0
DA:783,0
DA:786,0
DA:787,0
DA:788,0
DA:789,0
DA:790,0
DA:801,0
DA:804,0
DA:805,0
DA:806,0
DA:807,0
DA:808,0
DA:809,0
DA:813,0
DA:815,0
DA:818,0
DA:820,0
DA:821,0
DA:838,0
DA:852,0
DA:854,0
DA:855,0
DA:858,0
DA:865,0
DA:866,0
DA:870,0
DA:871,0
DA:874,0
DA:875,0
DA:878,0
DA:879,0
DA:883,0
DA:884,0
DA:887,0
DA:888,0
DA:891,0
DA:892,0
DA:895,0
DA:896,0
DA:900,0
DA:901,0
DA:905,0
DA:906,0
DA:909,0
DA:910,0
DA:913,0
DA:914,0
DA:916,0
DA:919,0
DA:920,0
DA:923,0
DA:924,0
DA:928,0
DA:930,0
DA:931,0
DA:932,0
DA:933,0
DA:934,0
DA:935,0
DA:939,0
DA:940,0
DA:944,0
DA:949,0
DA:950,0
DA:951,0
DA:952,0
DA:953,0
DA:954,0
DA:958,0
DA:959,0
DA:964,0
DA:972,0
DA:976,0
DA:977,0
DA:978,0
DA:983,0
DA:986,0
DA:987,0
DA:988,0
DA:989,0
DA:991,0
DA:992,0
DA:997,0
DA:1006,0
DA:1008,0
DA:1019,0
DA:1020,0
DA:1021,0
DA:1024,0
LF:383
LH:0
BRDA:30,0,0,0
BRDA:31,1,0,0
BRDA:31,1,1,0
BRDA:56,2,0,0
BRDA:56,2,1,0
BRDA:64,3,0,0
BRDA:64,3,1,0
BRDA:90,4,0,0
BRDA:92,5,0,0
BRDA:92,5,1,0
BRDA:92,6,0,0
BRDA:92,6,1,0
BRDA:113,7,0,0
BRDA:114,8,0,0
BRDA:114,8,1,0
BRDA:120,9,0,0
BRDA:120,9,1,0
BRDA:126,10,0,0
BRDA:126,10,1,0
BRDA:134,11,0,0
BRDA:134,11,1,0
BRDA:141,12,0,0
BRDA:141,12,1,0
BRDA:157,13,0,0
BRDA:158,14,0,0
BRDA:158,14,1,0
BRDA:164,15,0,0
BRDA:164,15,1,0
BRDA:170,16,0,0
BRDA:170,16,1,0
BRDA:178,17,0,0
BRDA:178,17,1,0
BRDA:185,18,0,0
BRDA:185,18,1,0
BRDA:185,19,0,0
BRDA:185,19,1,0
BRDA:201,20,0,0
BRDA:202,21,0,0
BRDA:202,21,1,0
BRDA:208,22,0,0
BRDA:208,22,1,0
BRDA:214,23,0,0
BRDA:214,23,1,0
BRDA:218,24,0,0
BRDA:218,24,1,0
BRDA:231,25,0,0
BRDA:232,26,0,0
BRDA:232,26,1,0
BRDA:238,27,0,0
BRDA:238,27,1,0
BRDA:244,28,0,0
BRDA:244,28,1,0
BRDA:248,29,0,0
BRDA:248,29,1,0
BRDA:255,30,0,0
BRDA:255,30,1,0
BRDA:255,31,0,0
BRDA:255,31,1,0
BRDA:271,32,0,0
BRDA:272,33,0,0
BRDA:272,33,1,0
BRDA:278,34,0,0
BRDA:278,34,1,0
BRDA:278,35,0,0
BRDA:278,35,1,0
BRDA:284,36,0,0
BRDA:284,36,1,0
BRDA:292,37,0,0
BRDA:292,37,1,0
BRDA:305,38,0,0
BRDA:306,39,0,0
BRDA:306,39,1,0
BRDA:312,40,0,0
BRDA:312,40,1,0
BRDA:318,41,0,0
BRDA:318,41,1,0
BRDA:322,42,0,0
BRDA:322,42,1,0
BRDA:327,43,0,0
BRDA:327,43,1,0
BRDA:337,44,0,0
BRDA:337,44,1,0
BRDA:339,45,0,0
BRDA:339,45,1,0
BRDA:344,46,0,0
BRDA:344,46,1,0
BRDA:348,47,0,0
BRDA:348,47,1,0
BRDA:362,48,0,0
BRDA:363,49,0,0
BRDA:363,49,1,0
BRDA:369,50,0,0
BRDA:369,50,1,0
BRDA:376,51,0,0
BRDA:376,51,1,0
BRDA:379,52,0,0
BRDA:379,52,1,0
BRDA:386,53,0,0
BRDA:386,53,1,0
BRDA:395,54,0,0
BRDA:395,54,1,0
BRDA:411,55,0,0
BRDA:412,56,0,0
BRDA:412,56,1,0
BRDA:418,57,0,0
BRDA:418,57,1,0
BRDA:424,58,0,0
BRDA:424,58,1,0
BRDA:428,59,0,0
BRDA:428,59,1,0
BRDA:435,60,0,0
BRDA:435,60,1,0
BRDA:437,61,0,0
BRDA:437,61,1,0
BRDA:439,62,0,0
BRDA:439,62,1,0
BRDA:441,63,0,0
BRDA:441,63,1,0
BRDA:449,64,0,0
BRDA:449,64,1,0
BRDA:465,65,0,0
BRDA:466,66,0,0
BRDA:466,66,1,0
BRDA:472,67,0,0
BRDA:472,67,1,0
BRDA:473,68,0,0
BRDA:473,68,1,0
BRDA:481,69,0,0
BRDA:481,69,1,0
BRDA:485,70,0,0
BRDA:485,70,1,0
BRDA:492,71,0,0
BRDA:492,71,1,0
BRDA:494,72,0,0
BRDA:494,72,1,0
BRDA:496,73,0,0
BRDA:496,73,1,0
BRDA:498,74,0,0
BRDA:498,74,1,0
BRDA:500,75,0,0
BRDA:500,75,1,0
BRDA:508,76,0,0
BRDA:508,76,1,0
BRDA:524,77,0,0
BRDA:524,77,1,0
BRDA:524,78,0,0
BRDA:524,78,1,0
BRDA:530,79,0,0
BRDA:530,79,1,0
BRDA:536,80,0,0
BRDA:536,80,1,0
BRDA:541,81,0,0
BRDA:541,81,1,0
BRDA:541,82,0,0
BRDA:541,82,1,0
BRDA:560,83,0,0
BRDA:560,83,1,0
BRDA:560,84,0,0
BRDA:560,84,1,0
BRDA:566,85,0,0
BRDA:566,85,1,0
BRDA:572,86,0,0
BRDA:572,86,1,0
BRDA:577,87,0,0
BRDA:577,87,1,0
BRDA:577,88,0,0
BRDA:577,88,1,0
BRDA:596,89,0,0
BRDA:596,89,1,0
BRDA:596,90,0,0
BRDA:596,90,1,0
BRDA:601,91,0,0
BRDA:601,91,1,0
BRDA:604,92,0,0
BRDA:604,92,1,0
BRDA:605,93,0,0
BRDA:605,93,1,0
BRDA:605,93,2,0
BRDA:615,94,0,0
BRDA:615,94,1,0
BRDA:619,95,0,0
BRDA:619,95,1,0
BRDA:627,96,0,0
BRDA:627,96,1,0
BRDA:631,97,0,0
BRDA:631,97,1,0
BRDA:632,98,0,0
BRDA:632,98,1,0
BRDA:646,99,0,0
BRDA:646,99,1,0
BRDA:650,100,0,0
BRDA:650,100,1,0
BRDA:651,101,0,0
BRDA:651,101,1,0
BRDA:667,102,0,0
BRDA:667,102,1,0
BRDA:670,103,0,0
BRDA:670,103,1,0
BRDA:673,104,0,0
BRDA:673,104,1,0
BRDA:674,105,0,0
BRDA:674,105,1,0
BRDA:697,106,0,0
BRDA:698,107,0,0
BRDA:698,107,1,0
BRDA:698,108,0,0
BRDA:698,108,1,0
BRDA:702,109,0,0
BRDA:702,109,1,0
BRDA:706,110,0,0
BRDA:706,110,1,0
BRDA:711,111,0,0
BRDA:711,111,1,0
BRDA:713,112,0,0
BRDA:713,112,1,0
BRDA:717,113,0,0
BRDA:717,113,1,0
BRDA:724,114,0,0
BRDA:724,114,1,0
BRDA:740,115,0,0
BRDA:741,116,0,0
BRDA:741,116,1,0
BRDA:741,117,0,0
BRDA:741,117,1,0
BRDA:747,118,0,0
BRDA:747,118,1,0
BRDA:752,119,0,0
BRDA:752,119,1,0
BRDA:752,120,0,0
BRDA:752,120,1,0
BRDA:754,121,0,0
BRDA:754,121,1,0
BRDA:774,122,0,0
BRDA:775,123,0,0
BRDA:775,123,1,0
BRDA:775,124,0,0
BRDA:775,124,1,0
BRDA:779,125,0,0
BRDA:779,125,1,0
BRDA:781,126,0,0
BRDA:781,126,1,0
BRDA:786,127,0,0
BRDA:786,127,1,0
BRDA:787,128,0,0
BRDA:787,128,1,0
BRDA:789,129,0,0
BRDA:789,129,1,0
BRDA:801,130,0,0
BRDA:801,130,1,0
BRDA:807,131,0,0
BRDA:807,131,1,0
BRDA:813,132,0,0
BRDA:813,132,1,0
BRDA:820,133,0,0
BRDA:820,133,1,0
BRDA:826,134,0,0
BRDA:826,134,1,0
BRDA:838,135,0,0
BRDA:838,135,1,0
BRDA:851,136,0,0
BRDA:852,137,0,0
BRDA:852,137,1,0
BRDA:858,138,0,0
BRDA:858,138,1,0
BRDA:858,138,2,0
BRDA:858,138,3,0
BRDA:858,138,4,0
BRDA:858,138,5,0
BRDA:858,138,6,0
BRDA:858,138,7,0
BRDA:858,138,8,0
BRDA:858,138,9,0
BRDA:858,138,10,0
BRDA:858,138,11,0
BRDA:858,138,12,0
BRDA:858,138,13,0
BRDA:858,138,14,0
BRDA:858,138,15,0
BRDA:858,138,16,0
BRDA:858,138,17,0
BRDA:858,138,18,0
BRDA:858,138,19,0
BRDA:913,139,0,0
BRDA:913,139,1,0
BRDA:913,140,0,0
BRDA:913,140,1,0
BRDA:928,141,0,0
BRDA:928,141,1,0
BRDA:933,142,0,0
BRDA:933,142,1,0
BRDA:939,143,0,0
BRDA:939,143,1,0
BRDA:939,144,0,0
BRDA:939,144,1,0
BRDA:944,145,0,0
BRDA:944,145,1,0
BRDA:945,146,0,0
BRDA:945,146,1,0
BRDA:952,147,0,0
BRDA:952,147,1,0
BRDA:958,148,0,0
BRDA:958,148,1,0
BRDA:958,149,0,0
BRDA:958,149,1,0
BRDA:964,150,0,0
BRDA:964,150,1,0
BRDA:972,151,0,0
BRDA:972,151,1,0
BRDA:978,152,0,0
BRDA:978,152,1,0
BRDA:987,153,0,0
BRDA:987,153,1,0
BRDA:991,154,0,0
BRDA:991,154,1,0
BRDA:1006,155,0,0
BRDA:1006,155,1,0
BRF:316
BRH:0
end_of_record
TN:
SF:src/services/parsing/typescriptParser.test.js
FN:16,testTypeScriptParser
FN:135,(anonymous_1)
FN:144,(anonymous_2)
FN:162,(anonymous_3)
FN:202,(anonymous_4)
FN:231,(anonymous_5)
FN:234,(anonymous_6)
FNF:7
FNH:0
FNDA:0,testTypeScriptParser
FNDA:0,(anonymous_1)
FNDA:0,(anonymous_2)
FNDA:0,(anonymous_3)
FNDA:0,(anonymous_4)
FNDA:0,(anonymous_5)
FNDA:0,(anonymous_6)
DA:17,0
DA:19,0
DA:22,0
DA:25,0
DA:26,0
DA:29,0
DA:102,0
DA:104,0
DA:105,0
DA:106,0
DA:109,0
DA:111,0
DA:114,0
DA:115,0
DA:116,0
DA:117,0
DA:125,0
DA:131,0
DA:134,0
DA:135,0
DA:136,0
DA:142,0
DA:144,0
DA:145,0
DA:146,0
DA:147,0
DA:149,0
DA:153,0
DA:154,0
DA:155,0
DA:159,0
DA:160,0
DA:162,0
DA:163,0
DA:164,0
DA:167,0
DA:168,0
DA:169,0
DA:170,0
DA:171,0
DA:172,0
DA:177,0
DA:183,0
DA:186,0
DA:191,0
DA:196,0
DA:201,0
DA:202,0
DA:203,0
DA:204,0
DA:205,0
DA:207,0
DA:211,0
DA:212,0
DA:213,0
DA:217,0
DA:223,0
DA:224,0
DA:226,0
DA:227,0
DA:231,0
DA:233,0
DA:234,0
DA:236,0
DA:238,0
DA:243,0
DA:244,0
DA:245,0
DA:246,0
DA:247,0
DA:248,0
DA:249,0
DA:250,0
DA:255,0
DA:260,0
DA:265,0
DA:267,0
DA:274,0
LF:78
LH:0
BRDA:104,0,0,0
BRDA:104,0,1,0
BRDA:120,1,0,0
BRDA:120,1,1,0
BRDA:146,2,0,0
BRDA:146,2,1,0
BRDA:167,3,0,0
BRDA:167,3,1,0
BRDA:170,4,0,0
BRDA:170,4,1,0
BRDA:172,5,0,0
BRDA:172,5,1,0
BRDA:173,6,0,0
BRDA:173,6,1,0
BRDA:173,6,2,0
BRDA:188,7,0,0
BRDA:188,7,1,0
BRDA:204,8,0,0
BRDA:204,8,1,0
BRDA:224,9,0,0
BRDA:224,9,1,0
BRDA:226,10,0,0
BRDA:226,10,1,0
BRDA:236,11,0,0
BRDA:236,11,1,0
BRDA:243,12,0,0
BRDA:243,12,1,0
BRDA:246,13,0,0
BRDA:246,13,1,0
BRDA:248,14,0,0
BRDA:248,14,1,0
BRDA:250,15,0,0
BRDA:250,15,1,0
BRDA:251,16,0,0
BRDA:251,16,1,0
BRDA:251,16,2,0
BRF:36
BRH:0
end_of_record
TN:
SF:src/utils/errors.js
FN:15,(anonymous_0)
FN:31,(anonymous_1)
FNF:2
FNH:0
FNDA:0,(anonymous_0)
FNDA:0,(anonymous_1)
DA:16,0
DA:17,0
DA:18,0
DA:32,0
DA:33,0
LF:5
LH:0
BRF:0
BRH:0
end_of_record
TN:
SF:src/utils/logger.js
FN:17,(anonymous_0)
FN:27,(anonymous_1)
FN:38,(anonymous_2)
FN:53,(anonymous_3)
FN:74,(anonymous_4)
FN:100,(anonymous_5)
FN:107,(anonymous_6)
FN:114,(anonymous_7)
FN:121,(anonymous_8)
FNF:9
FNH:0
FNDA:0,(anonymous_0)
FNDA:0,(anonymous_1)
FNDA:0,(anonymous_2)
FNDA:0,(anonymous_3)
FNDA:0,(anonymous_4)
FNDA:0,(anonymous_5)
FNDA:0,(anonymous_6)
FNDA:0,(anonymous_7)
FNDA:0,(anonymous_8)
DA:9,0
DA:17,0
DA:18,0
DA:19,0
DA:27,0
DA:28,0
DA:29,0
DA:30,0
DA:38,0
DA:39,0
DA:40,0
DA:45,0
DA:53,0
DA:54,0
DA:56,0
DA:57,0
DA:65,0
DA:74,0
DA:75,0
DA:77,0
DA:78,0
DA:80,0
DA:88,0
DA:94,0
DA:100,0
DA:107,0
DA:114,0
DA:121,0
LF:28
LH:0
BRDA:18,0,0,0
BRDA:18,0,1,0
BRDA:19,1,0,0
BRDA:19,1,1,0
BRDA:39,2,0,0
BRDA:39,2,1,0
BRDA:54,3,0,0
BRDA:54,3,1,0
BRDA:56,4,0,0
BRDA:56,4,1,0
BRDA:75,5,0,0
BRDA:75,5,1,0
BRDA:84,6,0,0
BRDA:84,6,1,0
BRF:14
BRH:0
end_of_record
